<?xml version="1.0" encoding="UTF-8"?>
<coverage generated="1772657614799" clover="3.2.0">
  <project timestamp="1772657614800" name="All files">
    <metrics statements="311" coveredstatements="249" conditionals="189" coveredconditionals="114" methods="112" coveredmethods="59" elements="612" coveredelements="422" complexity="0" loc="311" ncloc="311" packages="9" files="21" classes="21"/>
    <package name="components.icons">
      <metrics statements="46" coveredstatements="28" conditionals="23" coveredconditionals="5" methods="23" coveredmethods="5"/>
      <file name="index.tsx" path="C:\Users\tigralint\Desktop\podpiska-main\components\icons\index.tsx">
        <metrics statements="46" coveredstatements="28" conditionals="23" coveredconditionals="5" methods="23" coveredmethods="5"/>
        <line num="2" count="4" type="cond" truecount="0" falsecount="1"/>
        <line num="3" count="0" type="stmt"/>
        <line num="6" count="4" type="cond" truecount="0" falsecount="1"/>
        <line num="7" count="0" type="stmt"/>
        <line num="10" count="4" type="cond" truecount="0" falsecount="1"/>
        <line num="11" count="0" type="stmt"/>
        <line num="14" count="4" type="cond" truecount="0" falsecount="1"/>
        <line num="15" count="0" type="stmt"/>
        <line num="18" count="4" type="cond" truecount="1" falsecount="0"/>
        <line num="19" count="3" type="stmt"/>
        <line num="22" count="4" type="cond" truecount="1" falsecount="0"/>
        <line num="23" count="4" type="stmt"/>
        <line num="26" count="4" type="cond" truecount="1" falsecount="0"/>
        <line num="27" count="5" type="stmt"/>
        <line num="30" count="4" type="cond" truecount="0" falsecount="1"/>
        <line num="31" count="0" type="stmt"/>
        <line num="34" count="4" type="cond" truecount="0" falsecount="1"/>
        <line num="35" count="0" type="stmt"/>
        <line num="38" count="4" type="cond" truecount="0" falsecount="1"/>
        <line num="39" count="0" type="stmt"/>
        <line num="42" count="4" type="cond" truecount="0" falsecount="1"/>
        <line num="43" count="0" type="stmt"/>
        <line num="46" count="4" type="cond" truecount="0" falsecount="1"/>
        <line num="47" count="0" type="stmt"/>
        <line num="50" count="4" type="cond" truecount="1" falsecount="0"/>
        <line num="51" count="6" type="stmt"/>
        <line num="54" count="4" type="cond" truecount="0" falsecount="1"/>
        <line num="55" count="0" type="stmt"/>
        <line num="58" count="4" type="cond" truecount="0" falsecount="1"/>
        <line num="59" count="0" type="stmt"/>
        <line num="62" count="4" type="cond" truecount="1" falsecount="0"/>
        <line num="63" count="1" type="stmt"/>
        <line num="66" count="4" type="cond" truecount="0" falsecount="1"/>
        <line num="67" count="0" type="stmt"/>
        <line num="70" count="4" type="cond" truecount="0" falsecount="1"/>
        <line num="71" count="0" type="stmt"/>
        <line num="74" count="4" type="cond" truecount="0" falsecount="1"/>
        <line num="75" count="0" type="stmt"/>
        <line num="78" count="4" type="cond" truecount="0" falsecount="1"/>
        <line num="79" count="0" type="stmt"/>
        <line num="82" count="4" type="cond" truecount="0" falsecount="1"/>
        <line num="83" count="0" type="stmt"/>
        <line num="86" count="4" type="cond" truecount="0" falsecount="1"/>
        <line num="87" count="0" type="stmt"/>
        <line num="90" count="4" type="cond" truecount="0" falsecount="1"/>
        <line num="91" count="0" type="stmt"/>
      </file>
    </package>
    <package name="components.layout">
      <metrics statements="11" coveredstatements="9" conditionals="8" coveredconditionals="6" methods="5" coveredmethods="2"/>
      <file name="AppHeader.tsx" path="C:\Users\tigralint\Desktop\podpiska-main\components\layout\AppHeader.tsx">
        <metrics statements="11" coveredstatements="9" conditionals="8" coveredconditionals="6" methods="5" coveredmethods="2"/>
        <line num="8" count="1" type="stmt"/>
        <line num="17" count="1" type="stmt"/>
        <line num="18" count="4" type="stmt"/>
        <line num="19" count="4" type="stmt"/>
        <line num="20" count="4" type="stmt"/>
        <line num="21" count="4" type="stmt"/>
        <line num="23" count="4" type="stmt"/>
        <line num="27" count="0" type="stmt"/>
        <line num="49" count="24" type="stmt"/>
        <line num="50" count="24" type="stmt"/>
        <line num="54" count="0" type="stmt"/>
      </file>
    </package>
    <package name="components.ui">
      <metrics statements="17" coveredstatements="16" conditionals="13" coveredconditionals="11" methods="4" coveredmethods="4"/>
      <file name="ClaimResultPanel.tsx" path="C:\Users\tigralint\Desktop\podpiska-main\components\ui\ClaimResultPanel.tsx">
        <metrics statements="8" coveredstatements="7" conditionals="4" coveredconditionals="3" methods="1" coveredmethods="1"/>
        <line num="16" count="3" type="stmt"/>
        <line num="48" count="3" type="stmt"/>
        <line num="58" count="2" type="stmt"/>
        <line num="60" count="2" type="cond" truecount="2" falsecount="0"/>
        <line num="61" count="1" type="stmt"/>
        <line num="70" count="1" type="cond" truecount="1" falsecount="1"/>
        <line num="71" count="1" type="stmt"/>
        <line num="84" count="0" type="stmt"/>
      </file>
      <file name="GeneratingState.tsx" path="C:\Users\tigralint\Desktop\podpiska-main\components\ui\GeneratingState.tsx">
        <metrics statements="3" coveredstatements="3" conditionals="0" coveredconditionals="0" methods="1" coveredmethods="1"/>
        <line num="13" count="3" type="stmt"/>
        <line num="18" count="3" type="stmt"/>
        <line num="20" count="3" type="stmt"/>
      </file>
      <file name="GlassCard.tsx" path="C:\Users\tigralint\Desktop\podpiska-main\components\ui\GlassCard.tsx">
        <metrics statements="3" coveredstatements="3" conditionals="3" coveredconditionals="2" methods="1" coveredmethods="1"/>
        <line num="11" count="3" type="stmt"/>
        <line num="13" count="3" type="stmt"/>
        <line num="28" count="3" type="stmt"/>
      </file>
      <file name="ResultSuccessCard.tsx" path="C:\Users\tigralint\Desktop\podpiska-main\components\ui\ResultSuccessCard.tsx">
        <metrics statements="3" coveredstatements="3" conditionals="6" coveredconditionals="6" methods="1" coveredmethods="1"/>
        <line num="14" count="3" type="stmt"/>
        <line num="21" count="5" type="stmt"/>
        <line num="23" count="5" type="stmt"/>
      </file>
    </package>
    <package name="constants">
      <metrics statements="1" coveredstatements="1" conditionals="0" coveredconditionals="0" methods="0" coveredmethods="0"/>
      <file name="simulator.ts" path="C:\Users\tigralint\Desktop\podpiska-main\constants\simulator.ts">
        <metrics statements="1" coveredstatements="1" conditionals="0" coveredconditionals="0" methods="0" coveredmethods="0"/>
        <line num="4" count="1" type="stmt"/>
      </file>
    </package>
    <package name="data">
      <metrics statements="17" coveredstatements="1" conditionals="25" coveredconditionals="0" methods="17" coveredmethods="0"/>
      <file name="simulator-levels.tsx" path="C:\Users\tigralint\Desktop\podpiska-main\data\simulator-levels.tsx">
        <metrics statements="17" coveredstatements="1" conditionals="25" coveredconditionals="0" methods="17" coveredmethods="0"/>
        <line num="13" count="1" type="stmt"/>
        <line num="20" count="0" type="stmt"/>
        <line num="49" count="0" type="stmt"/>
        <line num="56" count="0" type="cond" truecount="0" falsecount="3"/>
        <line num="65" count="0" type="cond" truecount="0" falsecount="3"/>
        <line num="84" count="0" type="stmt"/>
        <line num="108" count="0" type="stmt"/>
        <line num="120" count="0" type="cond" truecount="0" falsecount="4"/>
        <line num="147" count="0" type="stmt"/>
        <line num="178" count="0" type="stmt"/>
        <line num="213" count="0" type="stmt"/>
        <line num="237" count="0" type="stmt"/>
        <line num="244" count="0" type="cond" truecount="0" falsecount="4"/>
        <line num="267" count="0" type="stmt"/>
        <line num="271" count="0" type="cond" truecount="0" falsecount="4"/>
        <line num="298" count="0" type="stmt"/>
        <line num="338" count="0" type="stmt"/>
      </file>
    </package>
    <package name="hooks">
      <metrics statements="119" coveredstatements="114" conditionals="53" coveredconditionals="42" methods="35" coveredmethods="33"/>
      <file name="useClaimFlow.ts" path="C:\Users\tigralint\Desktop\podpiska-main\hooks\useClaimFlow.ts">
        <metrics statements="17" coveredstatements="17" conditionals="8" coveredconditionals="8" methods="5" coveredmethods="5"/>
        <line num="9" count="1" type="stmt"/>
        <line num="17" count="12" type="stmt"/>
        <line num="18" count="12" type="cond" truecount="2" falsecount="0"/>
        <line num="25" count="12" type="stmt"/>
        <line num="35" count="3" type="stmt"/>
        <line num="36" count="3" type="cond" truecount="2" falsecount="0"/>
        <line num="37" count="3" type="cond" truecount="4" falsecount="0"/>
        <line num="38" count="1" type="stmt"/>
        <line num="39" count="3" type="stmt"/>
        <line num="43" count="12" type="stmt"/>
        <line num="44" count="12" type="stmt"/>
        <line num="46" count="12" type="stmt"/>
        <line num="47" count="3" type="stmt"/>
        <line num="50" count="12" type="stmt"/>
        <line num="51" count="1" type="stmt"/>
        <line num="52" count="1" type="stmt"/>
        <line num="63" count="12" type="stmt"/>
      </file>
      <file name="useClaimForm.ts" path="C:\Users\tigralint\Desktop\podpiska-main\hooks\useClaimForm.ts">
        <metrics statements="37" coveredstatements="36" conditionals="16" coveredconditionals="12" methods="7" coveredmethods="6"/>
        <line num="9" count="47" type="stmt"/>
        <line num="10" count="47" type="stmt"/>
        <line num="11" count="47" type="stmt"/>
        <line num="12" count="47" type="stmt"/>
        <line num="13" count="47" type="stmt"/>
        <line num="14" count="47" type="stmt"/>
        <line num="16" count="47" type="stmt"/>
        <line num="17" count="13" type="stmt"/>
        <line num="18" count="13" type="stmt"/>
        <line num="19" count="13" type="stmt"/>
        <line num="21" count="13" type="cond" truecount="2" falsecount="0"/>
        <line num="22" count="5" type="stmt"/>
        <line num="25" count="8" type="stmt"/>
        <line num="26" count="8" type="stmt"/>
        <line num="28" count="8" type="cond" truecount="2" falsecount="0"/>
        <line num="30" count="1" type="stmt"/>
        <line num="33" count="8" type="stmt"/>
        <line num="34" count="8" type="stmt"/>
        <line num="35" count="7" type="stmt"/>
        <line num="37" count="1" type="cond" truecount="1" falsecount="1"/>
        <line num="38" count="1" type="stmt"/>
        <line num="40" count="1" type="cond" truecount="1" falsecount="1"/>
        <line num="41" count="0" type="stmt"/>
        <line num="44" count="8" type="stmt"/>
        <line num="47" count="8" type="cond" truecount="2" falsecount="0"/>
        <line num="48" count="1" type="stmt"/>
        <line num="52" count="8" type="cond" truecount="2" falsecount="0"/>
        <line num="53" count="3" type="stmt"/>
        <line num="58" count="47" type="stmt"/>
        <line num="59" count="1" type="cond" truecount="1" falsecount="1"/>
        <line num="60" count="1" type="stmt"/>
        <line num="64" count="47" type="stmt"/>
        <line num="65" count="1" type="stmt"/>
        <line num="66" count="1" type="cond" truecount="1" falsecount="1"/>
        <line num="67" count="1" type="stmt"/>
        <line num="68" count="1" type="stmt"/>
        <line num="72" count="47" type="stmt"/>
      </file>
      <file name="useCourseFlow.ts" path="C:\Users\tigralint\Desktop\podpiska-main\hooks\useCourseFlow.ts">
        <metrics statements="17" coveredstatements="17" conditionals="9" coveredconditionals="8" methods="7" coveredmethods="7"/>
        <line num="10" count="13" type="stmt"/>
        <line num="11" count="13" type="cond" truecount="1" falsecount="1"/>
        <line num="18" count="13" type="stmt"/>
        <line num="28" count="1" type="stmt"/>
        <line num="30" count="2" type="stmt"/>
        <line num="31" count="2" type="cond" truecount="2" falsecount="0"/>
        <line num="32" count="2" type="cond" truecount="5" falsecount="0"/>
        <line num="33" count="2" type="stmt"/>
        <line num="37" count="13" type="stmt"/>
        <line num="38" count="10" type="stmt"/>
        <line num="42" count="13" type="stmt"/>
        <line num="44" count="13" type="stmt"/>
        <line num="45" count="2" type="stmt"/>
        <line num="48" count="13" type="stmt"/>
        <line num="49" count="1" type="stmt"/>
        <line num="50" count="1" type="stmt"/>
        <line num="61" count="13" type="stmt"/>
      </file>
      <file name="usePageTitle.ts" path="C:\Users\tigralint\Desktop\podpiska-main\hooks\usePageTitle.ts">
        <metrics statements="7" coveredstatements="7" conditionals="6" coveredconditionals="6" methods="3" coveredmethods="3"/>
        <line num="3" count="1" type="stmt"/>
        <line num="5" count="1" type="stmt"/>
        <line num="20" count="6" type="stmt"/>
        <line num="22" count="6" type="stmt"/>
        <line num="23" count="20" type="cond" truecount="2" falsecount="0"/>
        <line num="26" count="6" type="cond" truecount="2" falsecount="0"/>
        <line num="27" count="6" type="cond" truecount="2" falsecount="0"/>
      </file>
      <file name="useSimulator.ts" path="C:\Users\tigralint\Desktop\podpiska-main\hooks\useSimulator.ts">
        <metrics statements="41" coveredstatements="37" conditionals="14" coveredconditionals="8" methods="13" coveredmethods="12"/>
        <line num="9" count="10" type="stmt"/>
        <line num="10" count="10" type="stmt"/>
        <line num="11" count="10" type="stmt"/>
        <line num="12" count="10" type="stmt"/>
        <line num="13" count="10" type="stmt"/>
        <line num="15" count="30" type="stmt"/>
        <line num="17" count="10" type="stmt"/>
        <line num="20" count="10" type="stmt"/>
        <line num="21" count="4" type="stmt"/>
        <line num="22" count="4" type="cond" truecount="2" falsecount="0"/>
        <line num="26" count="10" type="stmt"/>
        <line num="27" count="10" type="stmt"/>
        <line num="29" count="10" type="stmt"/>
        <line num="30" count="3" type="stmt"/>
        <line num="31" count="3" type="stmt"/>
        <line num="32" count="3" type="cond" truecount="1" falsecount="1"/>
        <line num="33" count="3" type="stmt"/>
        <line num="35" count="0" type="stmt"/>
        <line num="37" count="0" type="stmt"/>
        <line num="41" count="10" type="stmt"/>
        <line num="42" count="2" type="cond" truecount="1" falsecount="1"/>
        <line num="44" count="2" type="stmt"/>
        <line num="46" count="2" type="stmt"/>
        <line num="47" count="2" type="cond" truecount="2" falsecount="2"/>
        <line num="48" count="0" type="stmt"/>
        <line num="49" count="0" type="stmt"/>
        <line num="51" count="2" type="stmt"/>
        <line num="52" count="2" type="stmt"/>
        <line num="57" count="10" type="stmt"/>
        <line num="58" count="1" type="cond" truecount="1" falsecount="1"/>
        <line num="59" count="1" type="stmt"/>
        <line num="60" count="1" type="stmt"/>
        <line num="61" count="1" type="stmt"/>
        <line num="65" count="10" type="stmt"/>
        <line num="66" count="1" type="cond" truecount="1" falsecount="1"/>
        <line num="67" count="1" type="stmt"/>
        <line num="68" count="1" type="stmt"/>
        <line num="69" count="1" type="stmt"/>
        <line num="70" count="1" type="stmt"/>
        <line num="71" count="1" type="stmt"/>
        <line num="74" count="10" type="stmt"/>
      </file>
    </package>
    <package name="services">
      <metrics statements="26" coveredstatements="21" conditionals="21" coveredconditionals="14" methods="5" coveredmethods="5"/>
      <file name="geminiService.ts" path="C:\Users\tigralint\Desktop\podpiska-main\services\geminiService.ts">
        <metrics statements="26" coveredstatements="21" conditionals="21" coveredconditionals="14" methods="5" coveredmethods="5"/>
        <line num="7" count="1" type="stmt"/>
        <line num="8" count="3" type="stmt"/>
        <line num="13" count="5" type="cond" truecount="4" falsecount="1"/>
        <line num="14" count="0" type="stmt"/>
        <line num="18" count="5" type="stmt"/>
        <line num="26" count="8" type="stmt"/>
        <line num="32" count="6" type="stmt"/>
        <line num="34" count="6" type="cond" truecount="4" falsecount="0"/>
        <line num="36" count="1" type="stmt"/>
        <line num="40" count="5" type="stmt"/>
        <line num="41" count="5" type="stmt"/>
        <line num="42" count="5" type="cond" truecount="1" falsecount="1"/>
        <line num="43" count="0" type="stmt"/>
        <line num="45" count="5" type="stmt"/>
        <line num="47" count="0" type="cond" truecount="0" falsecount="4"/>
        <line num="48" count="0" type="stmt"/>
        <line num="50" count="0" type="stmt"/>
        <line num="53" count="5" type="cond" truecount="2" falsecount="0"/>
        <line num="55" count="1" type="cond" truecount="1" falsecount="1"/>
        <line num="58" count="4" type="cond" truecount="2" falsecount="0"/>
        <line num="59" count="1" type="stmt"/>
        <line num="62" count="3" type="stmt"/>
        <line num="66" count="1" type="stmt"/>
        <line num="67" count="5" type="stmt"/>
        <line num="70" count="1" type="stmt"/>
        <line num="71" count="3" type="stmt"/>
      </file>
    </package>
    <package name="store">
      <metrics statements="6" coveredstatements="2" conditionals="0" coveredconditionals="0" methods="6" coveredmethods="1"/>
      <file name="appStore.ts" path="C:\Users\tigralint\Desktop\podpiska-main\store\appStore.ts">
        <metrics statements="6" coveredstatements="2" conditionals="0" coveredconditionals="0" methods="6" coveredmethods="1"/>
        <line num="12" count="1" type="stmt"/>
        <line num="14" count="1" type="stmt"/>
        <line num="18" count="0" type="stmt"/>
        <line num="19" count="0" type="stmt"/>
        <line num="20" count="0" type="stmt"/>
        <line num="24" count="0" type="stmt"/>
      </file>
    </package>
    <package name="utils">
      <metrics statements="68" coveredstatements="57" conditionals="46" coveredconditionals="36" methods="17" coveredmethods="9"/>
      <file name="cn.ts" path="C:\Users\tigralint\Desktop\podpiska-main\utils\cn.ts">
        <metrics statements="1" coveredstatements="1" conditionals="0" coveredconditionals="0" methods="1" coveredmethods="1"/>
        <line num="12" count="17" type="stmt"/>
      </file>
      <file name="errors.ts" path="C:\Users\tigralint\Desktop\podpiska-main\utils\errors.ts">
        <metrics statements="6" coveredstatements="6" conditionals="2" coveredconditionals="1" methods="1" coveredmethods="1"/>
        <line num="9" count="22" type="stmt"/>
        <line num="11" count="22" type="stmt"/>
        <line num="13" count="22" type="stmt"/>
        <line num="14" count="22" type="stmt"/>
        <line num="17" count="22" type="cond" truecount="1" falsecount="1"/>
        <line num="18" count="22" type="stmt"/>
      </file>
      <file name="fetchWithRetry.ts" path="C:\Users\tigralint\Desktop\podpiska-main\utils\fetchWithRetry.ts">
        <metrics statements="23" coveredstatements="22" conditionals="20" coveredconditionals="19" methods="3" coveredmethods="3"/>
        <line num="9" count="10" type="stmt"/>
        <line num="16" count="17" type="cond" truecount="2" falsecount="0"/>
        <line num="17" count="17" type="stmt"/>
        <line num="19" count="17" type="stmt"/>
        <line num="20" count="27" type="stmt"/>
        <line num="21" count="27" type="stmt"/>
        <line num="24" count="19" type="cond" truecount="4" falsecount="0"/>
        <line num="25" count="10" type="stmt"/>
        <line num="29" count="9" type="stmt"/>
        <line num="33" count="18" type="cond" truecount="3" falsecount="0"/>
        <line num="36" count="18" type="stmt"/>
        <line num="40" count="18" type="stmt"/>
        <line num="42" count="18" type="cond" truecount="2" falsecount="0"/>
        <line num="45" count="2" type="stmt"/>
        <line num="48" count="16" type="cond" truecount="4" falsecount="0"/>
        <line num="50" count="1" type="stmt"/>
        <line num="53" count="15" type="stmt"/>
        <line num="54" count="15" type="cond" truecount="1" falsecount="1"/>
        <line num="56" count="18" type="cond" truecount="2" falsecount="0"/>
        <line num="57" count="5" type="stmt"/>
        <line num="61" count="10" type="stmt"/>
        <line num="62" count="10" type="stmt"/>
        <line num="66" count="0" type="stmt"/>
      </file>
      <file name="format.ts" path="C:\Users\tigralint\Desktop\podpiska-main\utils\format.ts">
        <metrics statements="3" coveredstatements="3" conditionals="2" coveredconditionals="2" methods="1" coveredmethods="1"/>
        <line num="1" count="1" type="stmt"/>
        <line num="2" count="7" type="cond" truecount="2" falsecount="0"/>
        <line num="3" count="5" type="stmt"/>
      </file>
      <file name="fuzzyMatch.ts" path="C:\Users\tigralint\Desktop\podpiska-main\utils\fuzzyMatch.ts">
        <metrics statements="22" coveredstatements="22" conditionals="16" coveredconditionals="14" methods="3" coveredmethods="3"/>
        <line num="1" count="1" type="stmt"/>
        <line num="2" count="10" type="stmt"/>
        <line num="3" count="10" type="stmt"/>
        <line num="5" count="10" type="cond" truecount="2" falsecount="0"/>
        <line num="6" count="8" type="cond" truecount="2" falsecount="0"/>
        <line num="9" count="4" type="stmt"/>
        <line num="10" count="4" type="stmt"/>
        <line num="11" count="41" type="cond" truecount="2" falsecount="0"/>
        <line num="12" count="41" type="cond" truecount="2" falsecount="0"/>
        <line num="16" count="3" type="stmt"/>
        <line num="17" count="3" type="stmt"/>
        <line num="18" count="4" type="cond" truecount="1" falsecount="1"/>
        <line num="19" count="4" type="stmt"/>
        <line num="20" count="214" type="stmt"/>
        <line num="22" count="28" type="stmt"/>
        <line num="23" count="30" type="stmt"/>
        <line num="24" count="4" type="stmt"/>
        <line num="25" count="24" type="stmt"/>
        <line num="26" count="160" type="cond" truecount="2" falsecount="0"/>
        <line num="27" count="160" type="stmt"/>
        <line num="30" count="4" type="cond" truecount="3" falsecount="1"/>
        <line num="32" count="1" type="stmt"/>
      </file>
      <file name="preload.ts" path="C:\Users\tigralint\Desktop\podpiska-main\utils\preload.ts">
        <metrics statements="13" coveredstatements="3" conditionals="6" coveredconditionals="0" methods="8" coveredmethods="0"/>
        <line num="7" count="1" type="stmt"/>
        <line num="8" count="0" type="stmt"/>
        <line num="9" count="0" type="stmt"/>
        <line num="10" count="0" type="stmt"/>
        <line num="11" count="0" type="stmt"/>
        <line num="12" count="0" type="stmt"/>
        <line num="13" count="0" type="stmt"/>
        <line num="16" count="1" type="stmt"/>
        <line num="21" count="1" type="stmt"/>
        <line num="23" count="0" type="cond" truecount="0" falsecount="2"/>
        <line num="25" count="0" type="cond" truecount="0" falsecount="4"/>
        <line num="26" count="0" type="stmt"/>
        <line num="27" count="0" type="stmt"/>
      </file>
    </package>
  </project>
</coverage>
