{"C:\\Users\\tigralint\\Desktop\\chestnayapodpiska\\api\\promptBuilder.ts": {"path":"C:\\Users\\tigralint\\Desktop\\chestnayapodpiska\\api\\promptBuilder.ts","statementMap":{"0":{"start":{"line":16,"column":26},"end":{"line":18,"column":null}},"1":{"start":{"line":17,"column":18},"end":{"line":17,"column":29}},"2":{"start":{"line":20,"column":4},"end":{"line":33,"column":null}},"3":{"start":{"line":47,"column":21},"end":{"line":49,"column":null}},"4":{"start":{"line":51,"column":4},"end":{"line":64,"column":null}},"5":{"start":{"line":74,"column":21},"end":{"line":74,"column":null}},"6":{"start":{"line":76,"column":4},"end":{"line":89,"column":null}}},"fnMap":{"0":{"name":"buildClaimPrompt","decl":{"start":{"line":15,"column":16},"end":{"line":15,"column":33}},"loc":{"start":{"line":15,"column":63},"end":{"line":38,"column":null}},"line":15},"1":{"name":"(anonymous_1)","decl":{"start":{"line":17,"column":13},"end":{"line":17,"column":18}},"loc":{"start":{"line":17,"column":18},"end":{"line":17,"column":29}},"line":17},"2":{"name":"buildSubscriptionPrompt","decl":{"start":{"line":40,"column":16},"end":{"line":40,"column":null}},"loc":{"start":{"line":46,"column":10},"end":{"line":65,"column":null}},"line":46},"3":{"name":"buildCoursePrompt","decl":{"start":{"line":67,"column":16},"end":{"line":67,"column":null}},"loc":{"start":{"line":73,"column":10},"end":{"line":90,"column":null}},"line":73}},"branchMap":{"0":{"loc":{"start":{"line":47,"column":21},"end":{"line":49,"column":null}},"type":"cond-expr","locations":[{"start":{"line":48,"column":10},"end":{"line":48,"column":null}},{"start":{"line":49,"column":10},"end":{"line":49,"column":null}}],"line":47},"1":{"loc":{"start":{"line":74,"column":21},"end":{"line":74,"column":null}},"type":"cond-expr","locations":[{"start":{"line":74,"column":39},"end":{"line":74,"column":57}},{"start":{"line":74,"column":57},"end":{"line":74,"column":null}}],"line":74}},"s":{"0":10,"1":47,"2":10,"3":5,"4":5,"5":4,"6":4},"f":{"0":10,"1":47,"2":5,"3":4},"b":{"0":[2,3],"1":[2,2]},"meta":{"lastBranch":2,"lastFunction":4,"lastStatement":7,"seen":{"f:15:16:15:33":0,"s:16:26:18:Infinity":0,"f:17:13:17:18":1,"s:17:18:17:29":1,"s:20:4:33:Infinity":2,"f:40:16:40:Infinity":2,"s:47:21:49:Infinity":3,"b:48:10:48:Infinity:49:10:49:Infinity":0,"s:51:4:64:Infinity":4,"f:67:16:67:Infinity":3,"s:74:21:74:Infinity":5,"b:74:39:74:57:74:57:74:Infinity":1,"s:76:4:89:Infinity":6}}}
,"C:\\Users\\tigralint\\Desktop\\chestnayapodpiska\\components\\icons\\index.tsx": {"path":"C:\\Users\\tigralint\\Desktop\\chestnayapodpiska\\components\\icons\\index.tsx","statementMap":{"0":{"start":{"line":2,"column":27},"end":{"line":3,"column":null}},"1":{"start":{"line":3,"column":4},"end":{"line":3,"column":null}},"2":{"start":{"line":6,"column":27},"end":{"line":7,"column":null}},"3":{"start":{"line":7,"column":4},"end":{"line":7,"column":null}},"4":{"start":{"line":10,"column":26},"end":{"line":11,"column":null}},"5":{"start":{"line":11,"column":4},"end":{"line":11,"column":null}},"6":{"start":{"line":14,"column":20},"end":{"line":15,"column":null}},"7":{"start":{"line":15,"column":4},"end":{"line":15,"column":null}},"8":{"start":{"line":18,"column":24},"end":{"line":19,"column":null}},"9":{"start":{"line":19,"column":4},"end":{"line":19,"column":null}},"10":{"start":{"line":22,"column":20},"end":{"line":23,"column":null}},"11":{"start":{"line":23,"column":4},"end":{"line":23,"column":null}},"12":{"start":{"line":26,"column":24},"end":{"line":27,"column":null}},"13":{"start":{"line":27,"column":4},"end":{"line":27,"column":null}},"14":{"start":{"line":30,"column":26},"end":{"line":31,"column":null}},"15":{"start":{"line":31,"column":4},"end":{"line":31,"column":null}},"16":{"start":{"line":34,"column":29},"end":{"line":35,"column":null}},"17":{"start":{"line":35,"column":4},"end":{"line":35,"column":null}},"18":{"start":{"line":38,"column":27},"end":{"line":39,"column":null}},"19":{"start":{"line":39,"column":4},"end":{"line":39,"column":null}},"20":{"start":{"line":42,"column":24},"end":{"line":43,"column":null}},"21":{"start":{"line":43,"column":4},"end":{"line":43,"column":null}},"22":{"start":{"line":46,"column":26},"end":{"line":47,"column":null}},"23":{"start":{"line":47,"column":4},"end":{"line":47,"column":null}},"24":{"start":{"line":50,"column":27},"end":{"line":51,"column":null}},"25":{"start":{"line":51,"column":4},"end":{"line":51,"column":null}},"26":{"start":{"line":54,"column":22},"end":{"line":55,"column":null}},"27":{"start":{"line":55,"column":4},"end":{"line":55,"column":null}},"28":{"start":{"line":58,"column":27},"end":{"line":59,"column":null}},"29":{"start":{"line":59,"column":4},"end":{"line":59,"column":null}},"30":{"start":{"line":62,"column":23},"end":{"line":63,"column":null}},"31":{"start":{"line":63,"column":4},"end":{"line":63,"column":null}},"32":{"start":{"line":66,"column":21},"end":{"line":67,"column":null}},"33":{"start":{"line":67,"column":4},"end":{"line":67,"column":null}},"34":{"start":{"line":70,"column":22},"end":{"line":71,"column":null}},"35":{"start":{"line":71,"column":4},"end":{"line":71,"column":null}},"36":{"start":{"line":74,"column":22},"end":{"line":75,"column":null}},"37":{"start":{"line":75,"column":4},"end":{"line":75,"column":null}},"38":{"start":{"line":78,"column":21},"end":{"line":79,"column":null}},"39":{"start":{"line":79,"column":4},"end":{"line":79,"column":null}},"40":{"start":{"line":82,"column":20},"end":{"line":83,"column":null}},"41":{"start":{"line":83,"column":4},"end":{"line":83,"column":null}},"42":{"start":{"line":86,"column":17},"end":{"line":87,"column":null}},"43":{"start":{"line":87,"column":4},"end":{"line":87,"column":null}},"44":{"start":{"line":90,"column":28},"end":{"line":91,"column":null}},"45":{"start":{"line":91,"column":4},"end":{"line":91,"column":null}}},"fnMap":{"0":{"name":"(anonymous_0)","decl":{"start":{"line":2,"column":27},"end":{"line":2,"column":28}},"loc":{"start":{"line":3,"column":4},"end":{"line":3,"column":null}},"line":3},"1":{"name":"(anonymous_1)","decl":{"start":{"line":6,"column":27},"end":{"line":6,"column":28}},"loc":{"start":{"line":7,"column":4},"end":{"line":7,"column":null}},"line":7},"2":{"name":"(anonymous_2)","decl":{"start":{"line":10,"column":26},"end":{"line":10,"column":27}},"loc":{"start":{"line":11,"column":4},"end":{"line":11,"column":null}},"line":11},"3":{"name":"(anonymous_3)","decl":{"start":{"line":14,"column":20},"end":{"line":14,"column":21}},"loc":{"start":{"line":15,"column":4},"end":{"line":15,"column":null}},"line":15},"4":{"name":"(anonymous_4)","decl":{"start":{"line":18,"column":24},"end":{"line":18,"column":25}},"loc":{"start":{"line":19,"column":4},"end":{"line":19,"column":null}},"line":19},"5":{"name":"(anonymous_5)","decl":{"start":{"line":22,"column":20},"end":{"line":22,"column":21}},"loc":{"start":{"line":23,"column":4},"end":{"line":23,"column":null}},"line":23},"6":{"name":"(anonymous_6)","decl":{"start":{"line":26,"column":24},"end":{"line":26,"column":25}},"loc":{"start":{"line":27,"column":4},"end":{"line":27,"column":null}},"line":27},"7":{"name":"(anonymous_7)","decl":{"start":{"line":30,"column":26},"end":{"line":30,"column":27}},"loc":{"start":{"line":31,"column":4},"end":{"line":31,"column":null}},"line":31},"8":{"name":"(anonymous_8)","decl":{"start":{"line":34,"column":29},"end":{"line":34,"column":30}},"loc":{"start":{"line":35,"column":4},"end":{"line":35,"column":null}},"line":35},"9":{"name":"(anonymous_9)","decl":{"start":{"line":38,"column":27},"end":{"line":38,"column":28}},"loc":{"start":{"line":39,"column":4},"end":{"line":39,"column":null}},"line":39},"10":{"name":"(anonymous_10)","decl":{"start":{"line":42,"column":24},"end":{"line":42,"column":25}},"loc":{"start":{"line":43,"column":4},"end":{"line":43,"column":null}},"line":43},"11":{"name":"(anonymous_11)","decl":{"start":{"line":46,"column":26},"end":{"line":46,"column":27}},"loc":{"start":{"line":47,"column":4},"end":{"line":47,"column":null}},"line":47},"12":{"name":"(anonymous_12)","decl":{"start":{"line":50,"column":27},"end":{"line":50,"column":28}},"loc":{"start":{"line":51,"column":4},"end":{"line":51,"column":null}},"line":51},"13":{"name":"(anonymous_13)","decl":{"start":{"line":54,"column":22},"end":{"line":54,"column":23}},"loc":{"start":{"line":55,"column":4},"end":{"line":55,"column":null}},"line":55},"14":{"name":"(anonymous_14)","decl":{"start":{"line":58,"column":27},"end":{"line":58,"column":28}},"loc":{"start":{"line":59,"column":4},"end":{"line":59,"column":null}},"line":59},"15":{"name":"(anonymous_15)","decl":{"start":{"line":62,"column":23},"end":{"line":62,"column":24}},"loc":{"start":{"line":63,"column":4},"end":{"line":63,"column":null}},"line":63},"16":{"name":"(anonymous_16)","decl":{"start":{"line":66,"column":21},"end":{"line":66,"column":22}},"loc":{"start":{"line":67,"column":4},"end":{"line":67,"column":null}},"line":67},"17":{"name":"(anonymous_17)","decl":{"start":{"line":70,"column":22},"end":{"line":70,"column":23}},"loc":{"start":{"line":71,"column":4},"end":{"line":71,"column":null}},"line":71},"18":{"name":"(anonymous_18)","decl":{"start":{"line":74,"column":22},"end":{"line":74,"column":23}},"loc":{"start":{"line":75,"column":4},"end":{"line":75,"column":null}},"line":75},"19":{"name":"(anonymous_19)","decl":{"start":{"line":78,"column":21},"end":{"line":78,"column":22}},"loc":{"start":{"line":79,"column":4},"end":{"line":79,"column":null}},"line":79},"20":{"name":"(anonymous_20)","decl":{"start":{"line":82,"column":20},"end":{"line":82,"column":21}},"loc":{"start":{"line":83,"column":4},"end":{"line":83,"column":null}},"line":83},"21":{"name":"(anonymous_21)","decl":{"start":{"line":86,"column":17},"end":{"line":86,"column":18}},"loc":{"start":{"line":87,"column":4},"end":{"line":87,"column":null}},"line":87},"22":{"name":"(anonymous_22)","decl":{"start":{"line":90,"column":28},"end":{"line":90,"column":29}},"loc":{"start":{"line":91,"column":4},"end":{"line":91,"column":null}},"line":91}},"branchMap":{"0":{"loc":{"start":{"line":2,"column":30},"end":{"line":2,"column":52}},"type":"default-arg","locations":[{"start":{"line":2,"column":42},"end":{"line":2,"column":52}}],"line":2},"1":{"loc":{"start":{"line":6,"column":30},"end":{"line":6,"column":52}},"type":"default-arg","locations":[{"start":{"line":6,"column":42},"end":{"line":6,"column":52}}],"line":6},"2":{"loc":{"start":{"line":10,"column":29},"end":{"line":10,"column":51}},"type":"default-arg","locations":[{"start":{"line":10,"column":41},"end":{"line":10,"column":51}}],"line":10},"3":{"loc":{"start":{"line":14,"column":23},"end":{"line":14,"column":45}},"type":"default-arg","locations":[{"start":{"line":14,"column":35},"end":{"line":14,"column":45}}],"line":14},"4":{"loc":{"start":{"line":18,"column":27},"end":{"line":18,"column":49}},"type":"default-arg","locations":[{"start":{"line":18,"column":39},"end":{"line":18,"column":49}}],"line":18},"5":{"loc":{"start":{"line":22,"column":23},"end":{"line":22,"column":45}},"type":"default-arg","locations":[{"start":{"line":22,"column":35},"end":{"line":22,"column":45}}],"line":22},"6":{"loc":{"start":{"line":26,"column":27},"end":{"line":26,"column":49}},"type":"default-arg","locations":[{"start":{"line":26,"column":39},"end":{"line":26,"column":49}}],"line":26},"7":{"loc":{"start":{"line":30,"column":29},"end":{"line":30,"column":51}},"type":"default-arg","locations":[{"start":{"line":30,"column":41},"end":{"line":30,"column":51}}],"line":30},"8":{"loc":{"start":{"line":34,"column":32},"end":{"line":34,"column":54}},"type":"default-arg","locations":[{"start":{"line":34,"column":44},"end":{"line":34,"column":54}}],"line":34},"9":{"loc":{"start":{"line":38,"column":30},"end":{"line":38,"column":52}},"type":"default-arg","locations":[{"start":{"line":38,"column":42},"end":{"line":38,"column":52}}],"line":38},"10":{"loc":{"start":{"line":42,"column":27},"end":{"line":42,"column":49}},"type":"default-arg","locations":[{"start":{"line":42,"column":39},"end":{"line":42,"column":49}}],"line":42},"11":{"loc":{"start":{"line":46,"column":29},"end":{"line":46,"column":51}},"type":"default-arg","locations":[{"start":{"line":46,"column":41},"end":{"line":46,"column":51}}],"line":46},"12":{"loc":{"start":{"line":50,"column":30},"end":{"line":50,"column":52}},"type":"default-arg","locations":[{"start":{"line":50,"column":42},"end":{"line":50,"column":52}}],"line":50},"13":{"loc":{"start":{"line":54,"column":25},"end":{"line":54,"column":47}},"type":"default-arg","locations":[{"start":{"line":54,"column":37},"end":{"line":54,"column":47}}],"line":54},"14":{"loc":{"start":{"line":58,"column":30},"end":{"line":58,"column":52}},"type":"default-arg","locations":[{"start":{"line":58,"column":42},"end":{"line":58,"column":52}}],"line":58},"15":{"loc":{"start":{"line":62,"column":26},"end":{"line":62,"column":48}},"type":"default-arg","locations":[{"start":{"line":62,"column":38},"end":{"line":62,"column":48}}],"line":62},"16":{"loc":{"start":{"line":66,"column":24},"end":{"line":66,"column":46}},"type":"default-arg","locations":[{"start":{"line":66,"column":36},"end":{"line":66,"column":46}}],"line":66},"17":{"loc":{"start":{"line":70,"column":25},"end":{"line":70,"column":47}},"type":"default-arg","locations":[{"start":{"line":70,"column":37},"end":{"line":70,"column":47}}],"line":70},"18":{"loc":{"start":{"line":74,"column":25},"end":{"line":74,"column":47}},"type":"default-arg","locations":[{"start":{"line":74,"column":37},"end":{"line":74,"column":47}}],"line":74},"19":{"loc":{"start":{"line":78,"column":24},"end":{"line":78,"column":46}},"type":"default-arg","locations":[{"start":{"line":78,"column":36},"end":{"line":78,"column":46}}],"line":78},"20":{"loc":{"start":{"line":82,"column":23},"end":{"line":82,"column":45}},"type":"default-arg","locations":[{"start":{"line":82,"column":35},"end":{"line":82,"column":45}}],"line":82},"21":{"loc":{"start":{"line":86,"column":20},"end":{"line":86,"column":42}},"type":"default-arg","locations":[{"start":{"line":86,"column":32},"end":{"line":86,"column":42}}],"line":86},"22":{"loc":{"start":{"line":90,"column":31},"end":{"line":90,"column":53}},"type":"default-arg","locations":[{"start":{"line":90,"column":43},"end":{"line":90,"column":53}}],"line":90}},"s":{"0":8,"1":181,"2":8,"3":10,"4":8,"5":0,"6":8,"7":44,"8":8,"9":38,"10":8,"11":4,"12":8,"13":5,"14":8,"15":5,"16":8,"17":5,"18":8,"19":0,"20":8,"21":5,"22":8,"23":25,"24":8,"25":6,"26":8,"27":5,"28":8,"29":0,"30":8,"31":6,"32":8,"33":5,"34":8,"35":0,"36":8,"37":0,"38":8,"39":0,"40":8,"41":5,"42":8,"43":0,"44":8,"45":0},"f":{"0":181,"1":10,"2":0,"3":44,"4":38,"5":4,"6":5,"7":5,"8":5,"9":0,"10":5,"11":25,"12":6,"13":5,"14":0,"15":6,"16":5,"17":0,"18":0,"19":0,"20":5,"21":0,"22":0},"b":{"0":[181],"1":[10],"2":[0],"3":[44],"4":[38],"5":[4],"6":[5],"7":[5],"8":[5],"9":[0],"10":[5],"11":[25],"12":[6],"13":[5],"14":[0],"15":[6],"16":[5],"17":[0],"18":[0],"19":[0],"20":[5],"21":[0],"22":[0]},"meta":{"lastBranch":23,"lastFunction":23,"lastStatement":46,"seen":{"s:2:27:3:Infinity":0,"f:2:27:2:28":0,"s:3:4:3:Infinity":1,"b:2:42:2:52":0,"s:6:27:7:Infinity":2,"f:6:27:6:28":1,"s:7:4:7:Infinity":3,"b:6:42:6:52":1,"s:10:26:11:Infinity":4,"f:10:26:10:27":2,"s:11:4:11:Infinity":5,"b:10:41:10:51":2,"s:14:20:15:Infinity":6,"f:14:20:14:21":3,"s:15:4:15:Infinity":7,"b:14:35:14:45":3,"s:18:24:19:Infinity":8,"f:18:24:18:25":4,"s:19:4:19:Infinity":9,"b:18:39:18:49":4,"s:22:20:23:Infinity":10,"f:22:20:22:21":5,"s:23:4:23:Infinity":11,"b:22:35:22:45":5,"s:26:24:27:Infinity":12,"f:26:24:26:25":6,"s:27:4:27:Infinity":13,"b:26:39:26:49":6,"s:30:26:31:Infinity":14,"f:30:26:30:27":7,"s:31:4:31:Infinity":15,"b:30:41:30:51":7,"s:34:29:35:Infinity":16,"f:34:29:34:30":8,"s:35:4:35:Infinity":17,"b:34:44:34:54":8,"s:38:27:39:Infinity":18,"f:38:27:38:28":9,"s:39:4:39:Infinity":19,"b:38:42:38:52":9,"s:42:24:43:Infinity":20,"f:42:24:42:25":10,"s:43:4:43:Infinity":21,"b:42:39:42:49":10,"s:46:26:47:Infinity":22,"f:46:26:46:27":11,"s:47:4:47:Infinity":23,"b:46:41:46:51":11,"s:50:27:51:Infinity":24,"f:50:27:50:28":12,"s:51:4:51:Infinity":25,"b:50:42:50:52":12,"s:54:22:55:Infinity":26,"f:54:22:54:23":13,"s:55:4:55:Infinity":27,"b:54:37:54:47":13,"s:58:27:59:Infinity":28,"f:58:27:58:28":14,"s:59:4:59:Infinity":29,"b:58:42:58:52":14,"s:62:23:63:Infinity":30,"f:62:23:62:24":15,"s:63:4:63:Infinity":31,"b:62:38:62:48":15,"s:66:21:67:Infinity":32,"f:66:21:66:22":16,"s:67:4:67:Infinity":33,"b:66:36:66:46":16,"s:70:22:71:Infinity":34,"f:70:22:70:23":17,"s:71:4:71:Infinity":35,"b:70:37:70:47":17,"s:74:22:75:Infinity":36,"f:74:22:74:23":18,"s:75:4:75:Infinity":37,"b:74:37:74:47":18,"s:78:21:79:Infinity":38,"f:78:21:78:22":19,"s:79:4:79:Infinity":39,"b:78:36:78:46":19,"s:82:20:83:Infinity":40,"f:82:20:82:21":20,"s:83:4:83:Infinity":41,"b:82:35:82:45":20,"s:86:17:87:Infinity":42,"f:86:17:86:18":21,"s:87:4:87:Infinity":43,"b:86:32:86:42":21,"s:90:28:91:Infinity":44,"f:90:28:90:29":22,"s:91:4:91:Infinity":45,"b:90:43:90:53":22}}}
,"C:\\Users\\tigralint\\Desktop\\chestnayapodpiska\\components\\layout\\AppHeader.tsx": {"path":"C:\\Users\\tigralint\\Desktop\\chestnayapodpiska\\components\\layout\\AppHeader.tsx","statementMap":{"0":{"start":{"line":8,"column":18},"end":{"line":15,"column":null}},"1":{"start":{"line":17,"column":25},"end":{"line":69,"column":null}},"2":{"start":{"line":18,"column":10},"end":{"line":18,"column":null}},"3":{"start":{"line":19,"column":10},"end":{"line":19,"column":null}},"4":{"start":{"line":20,"column":21},"end":{"line":20,"column":null}},"5":{"start":{"line":21,"column":10},"end":{"line":21,"column":null}},"6":{"start":{"line":21,"column":39},"end":{"line":21,"column":50}},"7":{"start":{"line":23,"column":4},"end":{"line":67,"column":null}},"8":{"start":{"line":27,"column":43},"end":{"line":27,"column":58}},"9":{"start":{"line":49,"column":41},"end":{"line":49,"column":null}},"10":{"start":{"line":50,"column":24},"end":{"line":62,"column":null}},"11":{"start":{"line":54,"column":46},"end":{"line":54,"column":null}}},"fnMap":{"0":{"name":"AppHeader2","decl":{"start":{"line":17,"column":45},"end":{"line":17,"column":57}},"loc":{"start":{"line":17,"column":57},"end":{"line":69,"column":1}},"line":17},"1":{"name":"(anonymous_1)","decl":{"start":{"line":21,"column":30},"end":{"line":21,"column":39}},"loc":{"start":{"line":21,"column":39},"end":{"line":21,"column":50}},"line":21},"2":{"name":"(anonymous_2)","decl":{"start":{"line":27,"column":37},"end":{"line":27,"column":43}},"loc":{"start":{"line":27,"column":43},"end":{"line":27,"column":58}},"line":27},"3":{"name":"(anonymous_3)","decl":{"start":{"line":48,"column":35},"end":{"line":48,"column":43}},"loc":{"start":{"line":48,"column":43},"end":{"line":64,"column":21}},"line":48},"4":{"name":"(anonymous_4)","decl":{"start":{"line":54,"column":46},"end":{"line":54,"column":52}},"loc":{"start":{"line":54,"column":46},"end":{"line":54,"column":null}},"line":54}},"branchMap":{"0":{"loc":{"start":{"line":24,"column":154},"end":{"line":24,"column":204}},"type":"cond-expr","locations":[{"start":{"line":24,"column":165},"end":{"line":24,"column":189}},{"start":{"line":24,"column":189},"end":{"line":24,"column":204}}],"line":24},"1":{"loc":{"start":{"line":38,"column":21},"end":{"line":44,"column":null}},"type":"binary-expr","locations":[{"start":{"line":38,"column":21},"end":{"line":38,"column":null}},{"start":{"line":39,"column":24},"end":{"line":44,"column":null}}],"line":38},"2":{"loc":{"start":{"line":55,"column":156},"end":{"line":55,"column":null}},"type":"cond-expr","locations":[{"start":{"line":55,"column":167},"end":{"line":55,"column":202}},{"start":{"line":55,"column":202},"end":{"line":55,"column":null}}],"line":55},"3":{"loc":{"start":{"line":59,"column":33},"end":{"line":60,"column":null}},"type":"binary-expr","locations":[{"start":{"line":59,"column":33},"end":{"line":59,"column":null}},{"start":{"line":60,"column":36},"end":{"line":60,"column":null}}],"line":59}},"s":{"0":1,"1":1,"2":4,"3":4,"4":4,"5":4,"6":0,"7":4,"8":0,"9":24,"10":24,"11":0},"f":{"0":4,"1":0,"2":0,"3":24,"4":0},"b":{"0":[1,3],"1":[4,1],"2":[0,24],"3":[24,0]},"meta":{"lastBranch":4,"lastFunction":5,"lastStatement":12,"seen":{"s:8:18:15:Infinity":0,"s:17:25:69:Infinity":1,"f:17:45:17:57":0,"s:18:10:18:Infinity":2,"s:19:10:19:Infinity":3,"s:20:21:20:Infinity":4,"s:21:10:21:Infinity":5,"f:21:30:21:39":1,"s:21:39:21:50":6,"s:23:4:67:Infinity":7,"b:24:165:24:189:24:189:24:204":0,"f:27:37:27:43":2,"s:27:43:27:58":8,"b:38:21:38:Infinity:39:24:44:Infinity":1,"f:48:35:48:43":3,"s:49:41:49:Infinity":9,"s:50:24:62:Infinity":10,"f:54:46:54:52":4,"s:54:46:54:Infinity":11,"b:55:167:55:202:55:202:55:Infinity":2,"b:59:33:59:Infinity:60:36:60:Infinity":3}}}
,"C:\\Users\\tigralint\\Desktop\\chestnayapodpiska\\components\\layout\\PageHeader.tsx": {"path":"C:\\Users\\tigralint\\Desktop\\chestnayapodpiska\\components\\layout\\PageHeader.tsx","statementMap":{"0":{"start":{"line":4,"column":27},"end":{"line":11,"column":null}},"1":{"start":{"line":22,"column":10},"end":{"line":22,"column":null}},"2":{"start":{"line":23,"column":14},"end":{"line":23,"column":null}},"3":{"start":{"line":24,"column":4},"end":{"line":42,"column":null}},"4":{"start":{"line":27,"column":39},"end":{"line":27,"column":54}},"5":{"start":{"line":37,"column":39},"end":{"line":37,"column":54}}},"fnMap":{"0":{"name":"PageHeader","decl":{"start":{"line":21,"column":16},"end":{"line":21,"column":27}},"loc":{"start":{"line":21,"column":72},"end":{"line":44,"column":null}},"line":21},"1":{"name":"(anonymous_1)","decl":{"start":{"line":27,"column":33},"end":{"line":27,"column":39}},"loc":{"start":{"line":27,"column":39},"end":{"line":27,"column":54}},"line":27},"2":{"name":"(anonymous_2)","decl":{"start":{"line":37,"column":33},"end":{"line":37,"column":39}},"loc":{"start":{"line":37,"column":39},"end":{"line":37,"column":54}},"line":37}},"branchMap":{},"s":{"0":2,"1":18,"2":18,"3":18,"4":0,"5":0},"f":{"0":18,"1":0,"2":0},"b":{},"meta":{"lastBranch":0,"lastFunction":3,"lastStatement":6,"seen":{"s:4:27:11:Infinity":0,"f:21:16:21:27":0,"s:22:10:22:Infinity":1,"s:23:14:23:Infinity":2,"s:24:4:42:Infinity":3,"f:27:33:27:39":1,"s:27:39:27:54":4,"f:37:33:37:39":2,"s:37:39:37:54":5}}}
,"C:\\Users\\tigralint\\Desktop\\chestnayapodpiska\\components\\ui\\ApiErrorBanner.tsx": {"path":"C:\\Users\\tigralint\\Desktop\\chestnayapodpiska\\components\\ui\\ApiErrorBanner.tsx","statementMap":{"0":{"start":{"line":8,"column":4},"end":{"line":18,"column":null}}},"fnMap":{"0":{"name":"ApiErrorBanner","decl":{"start":{"line":7,"column":16},"end":{"line":7,"column":31}},"loc":{"start":{"line":7,"column":63},"end":{"line":20,"column":null}},"line":7}},"branchMap":{},"s":{"0":0},"f":{"0":0},"b":{},"meta":{"lastBranch":0,"lastFunction":1,"lastStatement":1,"seen":{"f:7:16:7:31":0,"s:8:4:18:Infinity":0}}}
,"C:\\Users\\tigralint\\Desktop\\chestnayapodpiska\\components\\ui\\ClaimResultPanel.tsx": {"path":"C:\\Users\\tigralint\\Desktop\\chestnayapodpiska\\components\\ui\\ClaimResultPanel.tsx","statementMap":{"0":{"start":{"line":16,"column":29},"end":{"line":33,"column":null}},"1":{"start":{"line":48,"column":32},"end":{"line":138,"column":null}},"2":{"start":{"line":58,"column":24},"end":{"line":58,"column":null}},"3":{"start":{"line":59,"column":21},"end":{"line":59,"column":null}},"4":{"start":{"line":61,"column":4},"end":{"line":70,"column":null}},"5":{"start":{"line":63,"column":8},"end":{"line":69,"column":null}},"6":{"start":{"line":65,"column":30},"end":{"line":67,"column":null}},"7":{"start":{"line":66,"column":16},"end":{"line":66,"column":null}},"8":{"start":{"line":68,"column":12},"end":{"line":68,"column":null}},"9":{"start":{"line":68,"column":25},"end":{"line":68,"column":null}},"10":{"start":{"line":72,"column":4},"end":{"line":82,"column":null}},"11":{"start":{"line":73,"column":8},"end":{"line":80,"column":null}},"12":{"start":{"line":84,"column":4},"end":{"line":96,"column":null}},"13":{"start":{"line":85,"column":8},"end":{"line":94,"column":null}},"14":{"start":{"line":100,"column":4},"end":{"line":136,"column":null}}},"fnMap":{"0":{"name":"ClaimResultPanel2","decl":{"start":{"line":48,"column":52},"end":{"line":48,"column":69}},"loc":{"start":{"line":57,"column":26},"end":{"line":138,"column":1}},"line":57},"1":{"name":"(anonymous_1)","decl":{"start":{"line":61,"column":20},"end":{"line":61,"column":26}},"loc":{"start":{"line":61,"column":26},"end":{"line":70,"column":7}},"line":61},"2":{"name":"(anonymous_2)","decl":{"start":{"line":65,"column":41},"end":{"line":65,"column":47}},"loc":{"start":{"line":65,"column":47},"end":{"line":67,"column":15}},"line":65},"3":{"name":"(anonymous_3)","decl":{"start":{"line":68,"column":19},"end":{"line":68,"column":25}},"loc":{"start":{"line":68,"column":25},"end":{"line":68,"column":null}},"line":68}},"branchMap":{"0":{"loc":{"start":{"line":63,"column":8},"end":{"line":69,"column":null}},"type":"if","locations":[{"start":{"line":63,"column":8},"end":{"line":69,"column":null}},{"start":{},"end":{}}],"line":63},"1":{"loc":{"start":{"line":63,"column":12},"end":{"line":63,"column":36}},"type":"binary-expr","locations":[{"start":{"line":63,"column":12},"end":{"line":63,"column":28}},{"start":{"line":63,"column":28},"end":{"line":63,"column":36}}],"line":63},"2":{"loc":{"start":{"line":72,"column":4},"end":{"line":82,"column":null}},"type":"if","locations":[{"start":{"line":72,"column":4},"end":{"line":82,"column":null}},{"start":{},"end":{}}],"line":72},"3":{"loc":{"start":{"line":84,"column":4},"end":{"line":96,"column":null}},"type":"if","locations":[{"start":{"line":84,"column":4},"end":{"line":96,"column":null}},{"start":{},"end":{}}],"line":84}},"s":{"0":5,"1":5,"2":19,"3":19,"4":19,"5":17,"6":2,"7":0,"8":2,"9":2,"10":19,"11":1,"12":18,"13":1,"14":17},"f":{"0":19,"1":17,"2":0,"3":2},"b":{"0":[2,15],"1":[17,16],"2":[1,18],"3":[1,17]},"meta":{"lastBranch":4,"lastFunction":4,"lastStatement":15,"seen":{"s:16:29:33:Infinity":0,"s:48:32:138:Infinity":1,"f:48:52:48:69":0,"s:58:24:58:Infinity":2,"s:59:21:59:Infinity":3,"s:61:4:70:Infinity":4,"f:61:20:61:26":1,"b:63:8:69:Infinity:undefined:undefined:undefined:undefined":0,"s:63:8:69:Infinity":5,"b:63:12:63:28:63:28:63:36":1,"s:65:30:67:Infinity":6,"f:65:41:65:47":2,"s:66:16:66:Infinity":7,"s:68:12:68:Infinity":8,"f:68:19:68:25":3,"s:68:25:68:Infinity":9,"b:72:4:82:Infinity:undefined:undefined:undefined:undefined":2,"s:72:4:82:Infinity":10,"s:73:8:80:Infinity":11,"b:84:4:96:Infinity:undefined:undefined:undefined:undefined":3,"s:84:4:96:Infinity":12,"s:85:8:94:Infinity":13,"s:100:4:136:Infinity":14}}}
,"C:\\Users\\tigralint\\Desktop\\chestnayapodpiska\\components\\ui\\FeatureCard.tsx": {"path":"C:\\Users\\tigralint\\Desktop\\chestnayapodpiska\\components\\ui\\FeatureCard.tsx","statementMap":{"0":{"start":{"line":5,"column":22},"end":{"line":24,"column":null}},"1":{"start":{"line":38,"column":10},"end":{"line":38,"column":null}},"2":{"start":{"line":39,"column":14},"end":{"line":39,"column":null}},"3":{"start":{"line":41,"column":4},"end":{"line":61,"column":null}},"4":{"start":{"line":43,"column":27},"end":{"line":43,"column":null}},"5":{"start":{"line":44,"column":26},"end":{"line":44,"column":null}}},"fnMap":{"0":{"name":"FeatureCard","decl":{"start":{"line":37,"column":16},"end":{"line":37,"column":28}},"loc":{"start":{"line":37,"column":97},"end":{"line":63,"column":null}},"line":37},"1":{"name":"(anonymous_1)","decl":{"start":{"line":43,"column":21},"end":{"line":43,"column":27}},"loc":{"start":{"line":43,"column":27},"end":{"line":43,"column":null}},"line":43},"2":{"name":"(anonymous_2)","decl":{"start":{"line":44,"column":26},"end":{"line":44,"column":32}},"loc":{"start":{"line":44,"column":26},"end":{"line":44,"column":null}},"line":44}},"branchMap":{},"s":{"0":1,"1":15,"2":15,"3":15,"4":0,"5":0},"f":{"0":15,"1":0,"2":0},"b":{},"meta":{"lastBranch":0,"lastFunction":3,"lastStatement":6,"seen":{"s:5:22:24:Infinity":0,"f:37:16:37:28":0,"s:38:10:38:Infinity":1,"s:39:14:39:Infinity":2,"s:41:4:61:Infinity":3,"f:43:21:43:27":1,"s:43:27:43:Infinity":4,"f:44:26:44:32":2,"s:44:26:44:Infinity":5}}}
,"C:\\Users\\tigralint\\Desktop\\chestnayapodpiska\\components\\ui\\FprToggle.tsx": {"path":"C:\\Users\\tigralint\\Desktop\\chestnayapodpiska\\components\\ui\\FprToggle.tsx","statementMap":{"0":{"start":{"line":9,"column":4},"end":{"line":19,"column":null}},"1":{"start":{"line":13,"column":27},"end":{"line":13,"column":null}}},"fnMap":{"0":{"name":"FprToggle","decl":{"start":{"line":8,"column":16},"end":{"line":8,"column":26}},"loc":{"start":{"line":8,"column":72},"end":{"line":21,"column":null}},"line":8},"1":{"name":"(anonymous_1)","decl":{"start":{"line":13,"column":21},"end":{"line":13,"column":27}},"loc":{"start":{"line":13,"column":27},"end":{"line":13,"column":null}},"line":13}},"branchMap":{"0":{"loc":{"start":{"line":16,"column":107},"end":{"line":16,"column":152}},"type":"cond-expr","locations":[{"start":{"line":16,"column":117},"end":{"line":16,"column":138}},{"start":{"line":16,"column":138},"end":{"line":16,"column":152}}],"line":16},"1":{"loc":{"start":{"line":17,"column":114},"end":{"line":17,"column":143}},"type":"cond-expr","locations":[{"start":{"line":17,"column":124},"end":{"line":17,"column":135}},{"start":{"line":17,"column":135},"end":{"line":17,"column":143}}],"line":17}},"s":{"0":24,"1":0},"f":{"0":24,"1":0},"b":{"0":[8,16],"1":[8,16]},"meta":{"lastBranch":2,"lastFunction":2,"lastStatement":2,"seen":{"f:8:16:8:26":0,"s:9:4:19:Infinity":0,"f:13:21:13:27":1,"s:13:27:13:Infinity":1,"b:16:117:16:138:16:138:16:152":0,"b:17:124:17:135:17:135:17:143":1}}}
,"C:\\Users\\tigralint\\Desktop\\chestnayapodpiska\\components\\ui\\GeneratingState.tsx": {"path":"C:\\Users\\tigralint\\Desktop\\chestnayapodpiska\\components\\ui\\GeneratingState.tsx","statementMap":{"0":{"start":{"line":13,"column":31},"end":{"line":45,"column":null}},"1":{"start":{"line":18,"column":24},"end":{"line":18,"column":null}},"2":{"start":{"line":20,"column":4},"end":{"line":43,"column":null}}},"fnMap":{"0":{"name":"GeneratingState2","decl":{"start":{"line":13,"column":51},"end":{"line":13,"column":67}},"loc":{"start":{"line":17,"column":25},"end":{"line":45,"column":1}},"line":17}},"branchMap":{},"s":{"0":5,"1":3,"2":3},"f":{"0":3},"b":{},"meta":{"lastBranch":0,"lastFunction":1,"lastStatement":3,"seen":{"s:13:31:45:Infinity":0,"f:13:51:13:67":0,"s:18:24:18:Infinity":1,"s:20:4:43:Infinity":2}}}
,"C:\\Users\\tigralint\\Desktop\\chestnayapodpiska\\components\\ui\\GlassCard.tsx": {"path":"C:\\Users\\tigralint\\Desktop\\chestnayapodpiska\\components\\ui\\GlassCard.tsx","statementMap":{"0":{"start":{"line":11,"column":25},"end":{"line":27,"column":null}},"1":{"start":{"line":13,"column":8},"end":{"line":24,"column":null}},"2":{"start":{"line":28,"column":0},"end":{"line":28,"column":null}}},"fnMap":{"0":{"name":"(anonymous_0)","decl":{"start":{"line":12,"column":4},"end":{"line":12,"column":5}},"loc":{"start":{"line":12,"column":62},"end":{"line":26,"column":null}},"line":12}},"branchMap":{"0":{"loc":{"start":{"line":12,"column":28},"end":{"line":12,"column":45}},"type":"default-arg","locations":[{"start":{"line":12,"column":38},"end":{"line":12,"column":45}}],"line":12},"1":{"loc":{"start":{"line":18,"column":20},"end":{"line":18,"column":null}},"type":"binary-expr","locations":[{"start":{"line":18,"column":20},"end":{"line":18,"column":31}},{"start":{"line":18,"column":31},"end":{"line":18,"column":null}}],"line":18}},"s":{"0":5,"1":20,"2":5},"f":{"0":20},"b":{"0":[20],"1":[20,0]},"meta":{"lastBranch":2,"lastFunction":1,"lastStatement":3,"seen":{"s:11:25:27:Infinity":0,"f:12:4:12:5":0,"b:12:38:12:45":0,"s:13:8:24:Infinity":1,"b:18:20:18:31:18:31:18:Infinity":1,"s:28:0:28:Infinity":2}}}
,"C:\\Users\\tigralint\\Desktop\\chestnayapodpiska\\components\\ui\\HeroBlobCanvas.tsx": {"path":"C:\\Users\\tigralint\\Desktop\\chestnayapodpiska\\components\\ui\\HeroBlobCanvas.tsx","statementMap":{"0":{"start":{"line":4,"column":10},"end":{"line":4,"column":null}},"1":{"start":{"line":6,"column":4},"end":{"line":104,"column":null}},"2":{"start":{"line":7,"column":23},"end":{"line":7,"column":null}},"3":{"start":{"line":8,"column":8},"end":{"line":8,"column":null}},"4":{"start":{"line":8,"column":21},"end":{"line":8,"column":null}},"5":{"start":{"line":10,"column":20},"end":{"line":10,"column":null}},"6":{"start":{"line":11,"column":8},"end":{"line":11,"column":null}},"7":{"start":{"line":11,"column":18},"end":{"line":11,"column":null}},"8":{"start":{"line":14,"column":24},"end":{"line":14,"column":null}},"9":{"start":{"line":15,"column":25},"end":{"line":15,"column":null}},"10":{"start":{"line":16,"column":29},"end":{"line":16,"column":null}},"11":{"start":{"line":17,"column":27},"end":{"line":17,"column":null}},"12":{"start":{"line":18,"column":27},"end":{"line":18,"column":null}},"13":{"start":{"line":20,"column":23},"end":{"line":24,"column":null}},"14":{"start":{"line":22,"column":12},"end":{"line":22,"column":null}},"15":{"start":{"line":23,"column":12},"end":{"line":23,"column":null}},"16":{"start":{"line":26,"column":23},"end":{"line":82,"column":null}},"17":{"start":{"line":27,"column":12},"end":{"line":27,"column":null}},"18":{"start":{"line":27,"column":28},"end":{"line":27,"column":null}},"19":{"start":{"line":28,"column":12},"end":{"line":28,"column":null}},"20":{"start":{"line":30,"column":12},"end":{"line":30,"column":null}},"21":{"start":{"line":30,"column":52},"end":{"line":30,"column":null}},"22":{"start":{"line":31,"column":12},"end":{"line":31,"column":null}},"23":{"start":{"line":33,"column":12},"end":{"line":33,"column":null}},"24":{"start":{"line":35,"column":22},"end":{"line":35,"column":null}},"25":{"start":{"line":36,"column":22},"end":{"line":36,"column":null}},"26":{"start":{"line":37,"column":23},"end":{"line":37,"column":null}},"27":{"start":{"line":38,"column":23},"end":{"line":38,"column":null}},"28":{"start":{"line":40,"column":12},"end":{"line":40,"column":null}},"29":{"start":{"line":43,"column":27},"end":{"line":43,"column":null}},"30":{"start":{"line":45,"column":29},"end":{"line":52,"column":null}},"31":{"start":{"line":55,"column":12},"end":{"line":55,"column":null}},"32":{"start":{"line":56,"column":12},"end":{"line":56,"column":null}},"33":{"start":{"line":58,"column":12},"end":{"line":58,"column":null}},"34":{"start":{"line":59,"column":12},"end":{"line":59,"column":null}},"35":{"start":{"line":62,"column":27},"end":{"line":62,"column":null}},"36":{"start":{"line":63,"column":26},"end":{"line":63,"column":null}},"37":{"start":{"line":65,"column":12},"end":{"line":78,"column":null}},"38":{"start":{"line":65,"column":25},"end":{"line":65,"column":28}},"39":{"start":{"line":66,"column":30},"end":{"line":66,"column":null}},"40":{"start":{"line":68,"column":26},"end":{"line":68,"column":null}},"41":{"start":{"line":70,"column":27},"end":{"line":70,"column":null}},"42":{"start":{"line":71,"column":27},"end":{"line":71,"column":null}},"43":{"start":{"line":73,"column":16},"end":{"line":77,"column":null}},"44":{"start":{"line":74,"column":20},"end":{"line":74,"column":null}},"45":{"start":{"line":76,"column":20},"end":{"line":76,"column":null}},"46":{"start":{"line":80,"column":12},"end":{"line":80,"column":null}},"47":{"start":{"line":81,"column":12},"end":{"line":81,"column":null}},"48":{"start":{"line":84,"column":33},"end":{"line":92,"column":null}},"49":{"start":{"line":85,"column":12},"end":{"line":91,"column":null}},"50":{"start":{"line":86,"column":16},"end":{"line":86,"column":null}},"51":{"start":{"line":87,"column":16},"end":{"line":87,"column":null}},"52":{"start":{"line":89,"column":16},"end":{"line":89,"column":null}},"53":{"start":{"line":90,"column":16},"end":{"line":90,"column":null}},"54":{"start":{"line":94,"column":8},"end":{"line":94,"column":null}},"55":{"start":{"line":96,"column":8},"end":{"line":96,"column":null}},"56":{"start":{"line":97,"column":8},"end":{"line":97,"column":null}},"57":{"start":{"line":99,"column":8},"end":{"line":103,"column":null}},"58":{"start":{"line":100,"column":12},"end":{"line":100,"column":null}},"59":{"start":{"line":101,"column":12},"end":{"line":101,"column":null}},"60":{"start":{"line":102,"column":12},"end":{"line":102,"column":null}},"61":{"start":{"line":106,"column":4},"end":{"line":110,"column":null}}},"fnMap":{"0":{"name":"HeroBlobCanvas","decl":{"start":{"line":3,"column":16},"end":{"line":3,"column":33}},"loc":{"start":{"line":3,"column":33},"end":{"line":112,"column":null}},"line":3},"1":{"name":"(anonymous_1)","decl":{"start":{"line":6,"column":14},"end":{"line":6,"column":20}},"loc":{"start":{"line":6,"column":20},"end":{"line":104,"column":7}},"line":6},"2":{"name":"(anonymous_2)","decl":{"start":{"line":20,"column":23},"end":{"line":20,"column":29}},"loc":{"start":{"line":20,"column":29},"end":{"line":24,"column":null}},"line":20},"3":{"name":"(anonymous_3)","decl":{"start":{"line":26,"column":23},"end":{"line":26,"column":24}},"loc":{"start":{"line":26,"column":41},"end":{"line":82,"column":null}},"line":26},"4":{"name":"(anonymous_4)","decl":{"start":{"line":84,"column":33},"end":{"line":84,"column":39}},"loc":{"start":{"line":84,"column":39},"end":{"line":92,"column":null}},"line":84},"5":{"name":"(anonymous_5)","decl":{"start":{"line":99,"column":15},"end":{"line":99,"column":21}},"loc":{"start":{"line":99,"column":21},"end":{"line":103,"column":null}},"line":99}},"branchMap":{"0":{"loc":{"start":{"line":8,"column":8},"end":{"line":8,"column":null}},"type":"if","locations":[{"start":{"line":8,"column":8},"end":{"line":8,"column":null}},{"start":{},"end":{}}],"line":8},"1":{"loc":{"start":{"line":11,"column":8},"end":{"line":11,"column":null}},"type":"if","locations":[{"start":{"line":11,"column":8},"end":{"line":11,"column":null}},{"start":{},"end":{}}],"line":11},"2":{"loc":{"start":{"line":27,"column":12},"end":{"line":27,"column":null}},"type":"if","locations":[{"start":{"line":27,"column":12},"end":{"line":27,"column":null}},{"start":{},"end":{}}],"line":27},"3":{"loc":{"start":{"line":30,"column":12},"end":{"line":30,"column":null}},"type":"if","locations":[{"start":{"line":30,"column":12},"end":{"line":30,"column":null}},{"start":{},"end":{}}],"line":30},"4":{"loc":{"start":{"line":73,"column":16},"end":{"line":77,"column":null}},"type":"if","locations":[{"start":{"line":73,"column":16},"end":{"line":77,"column":null}},{"start":{"line":75,"column":23},"end":{"line":77,"column":null}}],"line":73},"5":{"loc":{"start":{"line":85,"column":12},"end":{"line":91,"column":null}},"type":"if","locations":[{"start":{"line":85,"column":12},"end":{"line":91,"column":null}},{"start":{"line":88,"column":19},"end":{"line":91,"column":null}}],"line":85}},"s":{"0":5,"1":5,"2":5,"3":5,"4":0,"5":5,"6":5,"7":5,"8":0,"9":0,"10":0,"11":0,"12":0,"13":0,"14":0,"15":0,"16":0,"17":0,"18":0,"19":0,"20":0,"21":0,"22":0,"23":0,"24":0,"25":0,"26":0,"27":0,"28":0,"29":0,"30":0,"31":0,"32":0,"33":0,"34":0,"35":0,"36":0,"37":0,"38":0,"39":0,"40":0,"41":0,"42":0,"43":0,"44":0,"45":0,"46":0,"47":0,"48":0,"49":0,"50":0,"51":0,"52":0,"53":0,"54":0,"55":0,"56":0,"57":0,"58":0,"59":0,"60":0,"61":5},"f":{"0":5,"1":5,"2":0,"3":0,"4":0,"5":0},"b":{"0":[0,5],"1":[5,0],"2":[0,0],"3":[0,0],"4":[0,0],"5":[0,0]},"meta":{"lastBranch":6,"lastFunction":6,"lastStatement":62,"seen":{"f:3:16:3:33":0,"s:4:10:4:Infinity":0,"s:6:4:104:Infinity":1,"f:6:14:6:20":1,"s:7:23:7:Infinity":2,"b:8:8:8:Infinity:undefined:undefined:undefined:undefined":0,"s:8:8:8:Infinity":3,"s:8:21:8:Infinity":4,"s:10:20:10:Infinity":5,"b:11:8:11:Infinity:undefined:undefined:undefined:undefined":1,"s:11:8:11:Infinity":6,"s:11:18:11:Infinity":7,"s:14:24:14:Infinity":8,"s:15:25:15:Infinity":9,"s:16:29:16:Infinity":10,"s:17:27:17:Infinity":11,"s:18:27:18:Infinity":12,"s:20:23:24:Infinity":13,"f:20:23:20:29":2,"s:22:12:22:Infinity":14,"s:23:12:23:Infinity":15,"s:26:23:82:Infinity":16,"f:26:23:26:24":3,"b:27:12:27:Infinity:undefined:undefined:undefined:undefined":2,"s:27:12:27:Infinity":17,"s:27:28:27:Infinity":18,"s:28:12:28:Infinity":19,"b:30:12:30:Infinity:undefined:undefined:undefined:undefined":3,"s:30:12:30:Infinity":20,"s:30:52:30:Infinity":21,"s:31:12:31:Infinity":22,"s:33:12:33:Infinity":23,"s:35:22:35:Infinity":24,"s:36:22:36:Infinity":25,"s:37:23:37:Infinity":26,"s:38:23:38:Infinity":27,"s:40:12:40:Infinity":28,"s:43:27:43:Infinity":29,"s:45:29:52:Infinity":30,"s:55:12:55:Infinity":31,"s:56:12:56:Infinity":32,"s:58:12:58:Infinity":33,"s:59:12:59:Infinity":34,"s:62:27:62:Infinity":35,"s:63:26:63:Infinity":36,"s:65:12:78:Infinity":37,"s:65:25:65:28":38,"s:66:30:66:Infinity":39,"s:68:26:68:Infinity":40,"s:70:27:70:Infinity":41,"s:71:27:71:Infinity":42,"b:73:16:77:Infinity:75:23:77:Infinity":4,"s:73:16:77:Infinity":43,"s:74:20:74:Infinity":44,"s:76:20:76:Infinity":45,"s:80:12:80:Infinity":46,"s:81:12:81:Infinity":47,"s:84:33:92:Infinity":48,"f:84:33:84:39":4,"b:85:12:91:Infinity:88:19:91:Infinity":5,"s:85:12:91:Infinity":49,"s:86:16:86:Infinity":50,"s:87:16:87:Infinity":51,"s:89:16:89:Infinity":52,"s:90:16:90:Infinity":53,"s:94:8:94:Infinity":54,"s:96:8:96:Infinity":55,"s:97:8:97:Infinity":56,"s:99:8:103:Infinity":57,"f:99:15:99:21":5,"s:100:12:100:Infinity":58,"s:101:12:101:Infinity":59,"s:102:12:102:Infinity":60,"s:106:4:110:Infinity":61}}}
,"C:\\Users\\tigralint\\Desktop\\chestnayapodpiska\\components\\ui\\ResultSuccessCard.tsx": {"path":"C:\\Users\\tigralint\\Desktop\\chestnayapodpiska\\components\\ui\\ResultSuccessCard.tsx","statementMap":{"0":{"start":{"line":14,"column":33},"end":{"line":55,"column":null}},"1":{"start":{"line":21,"column":24},"end":{"line":21,"column":null}},"2":{"start":{"line":23,"column":4},"end":{"line":53,"column":null}}},"fnMap":{"0":{"name":"ResultSuccessCard2","decl":{"start":{"line":14,"column":53},"end":{"line":14,"column":71}},"loc":{"start":{"line":20,"column":27},"end":{"line":55,"column":1}},"line":20}},"branchMap":{"0":{"loc":{"start":{"line":39,"column":251},"end":{"line":39,"column":389}},"type":"cond-expr","locations":[{"start":{"line":39,"column":260},"end":{"line":39,"column":329}},{"start":{"line":39,"column":329},"end":{"line":39,"column":389}}],"line":39},"1":{"loc":{"start":{"line":41,"column":25},"end":{"line":41,"column":null}},"type":"cond-expr","locations":[{"start":{"line":41,"column":34},"end":{"line":41,"column":87}},{"start":{"line":41,"column":87},"end":{"line":41,"column":null}}],"line":41},"2":{"loc":{"start":{"line":42,"column":25},"end":{"line":42,"column":null}},"type":"cond-expr","locations":[{"start":{"line":42,"column":34},"end":{"line":42,"column":51}},{"start":{"line":42,"column":51},"end":{"line":42,"column":null}}],"line":42}},"s":{"0":5,"1":5,"2":5},"f":{"0":5},"b":{"0":[1,4],"1":[1,4],"2":[1,4]},"meta":{"lastBranch":3,"lastFunction":1,"lastStatement":3,"seen":{"s:14:33:55:Infinity":0,"f:14:53:14:71":0,"s:21:24:21:Infinity":1,"s:23:4:53:Infinity":2,"b:39:260:39:329:39:329:39:389":0,"b:41:34:41:87:41:87:41:Infinity":1,"b:42:34:42:51:42:51:42:Infinity":2}}}
,"C:\\Users\\tigralint\\Desktop\\chestnayapodpiska\\components\\ui\\SEO.tsx": {"path":"C:\\Users\\tigralint\\Desktop\\chestnayapodpiska\\components\\ui\\SEO.tsx","statementMap":{"0":{"start":{"line":20,"column":4},"end":{"line":46,"column":null}}},"fnMap":{"0":{"name":"SEO","decl":{"start":{"line":12,"column":16},"end":{"line":12,"column":20}},"loc":{"start":{"line":19,"column":13},"end":{"line":48,"column":null}},"line":19}},"branchMap":{"0":{"loc":{"start":{"line":15,"column":4},"end":{"line":15,"column":null}},"type":"default-arg","locations":[{"start":{"line":15,"column":11},"end":{"line":15,"column":null}}],"line":15},"1":{"loc":{"start":{"line":16,"column":4},"end":{"line":16,"column":null}},"type":"default-arg","locations":[{"start":{"line":16,"column":12},"end":{"line":16,"column":null}}],"line":16},"2":{"loc":{"start":{"line":17,"column":4},"end":{"line":17,"column":null}},"type":"default-arg","locations":[{"start":{"line":17,"column":10},"end":{"line":17,"column":null}}],"line":17},"3":{"loc":{"start":{"line":41,"column":13},"end":{"line":44,"column":null}},"type":"binary-expr","locations":[{"start":{"line":41,"column":13},"end":{"line":41,"column":null}},{"start":{"line":42,"column":16},"end":{"line":44,"column":null}}],"line":41}},"s":{"0":28},"f":{"0":28},"b":{"0":[28],"1":[28],"2":[28],"3":[28,0]},"meta":{"lastBranch":4,"lastFunction":1,"lastStatement":1,"seen":{"f:12:16:12:20":0,"b:15:11:15:Infinity":0,"b:16:12:16:Infinity":1,"b:17:10:17:Infinity":2,"s:20:4:46:Infinity":0,"b:41:13:41:Infinity:42:16:44:Infinity":3}}}
,"C:\\Users\\tigralint\\Desktop\\chestnayapodpiska\\components\\ui\\SearchInput.tsx": {"path":"C:\\Users\\tigralint\\Desktop\\chestnayapodpiska\\components\\ui\\SearchInput.tsx","statementMap":{"0":{"start":{"line":11,"column":36},"end":{"line":11,"column":null}},"1":{"start":{"line":14,"column":4},"end":{"line":16,"column":null}},"2":{"start":{"line":15,"column":8},"end":{"line":15,"column":null}},"3":{"start":{"line":19,"column":4},"end":{"line":24,"column":null}},"4":{"start":{"line":20,"column":24},"end":{"line":22,"column":null}},"5":{"start":{"line":21,"column":12},"end":{"line":21,"column":null}},"6":{"start":{"line":23,"column":8},"end":{"line":23,"column":null}},"7":{"start":{"line":23,"column":21},"end":{"line":23,"column":null}},"8":{"start":{"line":26,"column":4},"end":{"line":54,"column":null}},"9":{"start":{"line":37,"column":37},"end":{"line":37,"column":null}},"10":{"start":{"line":42,"column":28},"end":{"line":42,"column":null}},"11":{"start":{"line":43,"column":28},"end":{"line":43,"column":null}}},"fnMap":{"0":{"name":"SearchInput","decl":{"start":{"line":10,"column":16},"end":{"line":10,"column":28}},"loc":{"start":{"line":10,"column":80},"end":{"line":56,"column":null}},"line":10},"1":{"name":"(anonymous_1)","decl":{"start":{"line":14,"column":14},"end":{"line":14,"column":20}},"loc":{"start":{"line":14,"column":20},"end":{"line":16,"column":7}},"line":14},"2":{"name":"(anonymous_2)","decl":{"start":{"line":19,"column":14},"end":{"line":19,"column":20}},"loc":{"start":{"line":19,"column":20},"end":{"line":24,"column":7}},"line":19},"3":{"name":"(anonymous_3)","decl":{"start":{"line":20,"column":35},"end":{"line":20,"column":41}},"loc":{"start":{"line":20,"column":41},"end":{"line":22,"column":11}},"line":20},"4":{"name":"(anonymous_4)","decl":{"start":{"line":23,"column":15},"end":{"line":23,"column":21}},"loc":{"start":{"line":23,"column":21},"end":{"line":23,"column":null}},"line":23},"5":{"name":"(anonymous_5)","decl":{"start":{"line":37,"column":30},"end":{"line":37,"column":31}},"loc":{"start":{"line":37,"column":37},"end":{"line":37,"column":null}},"line":37},"6":{"name":"(anonymous_6)","decl":{"start":{"line":41,"column":33},"end":{"line":41,"column":39}},"loc":{"start":{"line":41,"column":39},"end":{"line":44,"column":null}},"line":41}},"branchMap":{"0":{"loc":{"start":{"line":39,"column":17},"end":{"line":51,"column":null}},"type":"binary-expr","locations":[{"start":{"line":39,"column":17},"end":{"line":39,"column":null}},{"start":{"line":40,"column":20},"end":{"line":51,"column":null}}],"line":39}},"s":{"0":5,"1":5,"2":5,"3":5,"4":5,"5":0,"6":5,"7":5,"8":5,"9":0,"10":0,"11":0},"f":{"0":5,"1":5,"2":5,"3":0,"4":5,"5":0,"6":0},"b":{"0":[5,0]},"meta":{"lastBranch":1,"lastFunction":7,"lastStatement":12,"seen":{"f:10:16:10:28":0,"s:11:36:11:Infinity":0,"s:14:4:16:Infinity":1,"f:14:14:14:20":1,"s:15:8:15:Infinity":2,"s:19:4:24:Infinity":3,"f:19:14:19:20":2,"s:20:24:22:Infinity":4,"f:20:35:20:41":3,"s:21:12:21:Infinity":5,"s:23:8:23:Infinity":6,"f:23:15:23:21":4,"s:23:21:23:Infinity":7,"s:26:4:54:Infinity":8,"f:37:30:37:31":5,"s:37:37:37:Infinity":9,"b:39:17:39:Infinity:40:20:51:Infinity":0,"f:41:33:41:39":6,"s:42:28:42:Infinity":10,"s:43:28:43:Infinity":11}}}
,"C:\\Users\\tigralint\\Desktop\\chestnayapodpiska\\components\\ui\\ToneToggle.tsx": {"path":"C:\\Users\\tigralint\\Desktop\\chestnayapodpiska\\components\\ui\\ToneToggle.tsx","statementMap":{"0":{"start":{"line":4,"column":20},"end":{"line":13,"column":null}},"1":{"start":{"line":26,"column":14},"end":{"line":26,"column":null}},"2":{"start":{"line":27,"column":4},"end":{"line":68,"column":null}},"3":{"start":{"line":45,"column":35},"end":{"line":45,"column":null}},"4":{"start":{"line":52,"column":35},"end":{"line":52,"column":null}}},"fnMap":{"0":{"name":"ToneToggle","decl":{"start":{"line":25,"column":16},"end":{"line":25,"column":27}},"loc":{"start":{"line":25,"column":101},"end":{"line":70,"column":null}},"line":25},"1":{"name":"(anonymous_1)","decl":{"start":{"line":45,"column":29},"end":{"line":45,"column":35}},"loc":{"start":{"line":45,"column":35},"end":{"line":45,"column":null}},"line":45},"2":{"name":"(anonymous_2)","decl":{"start":{"line":52,"column":29},"end":{"line":52,"column":35}},"loc":{"start":{"line":52,"column":35},"end":{"line":52,"column":null}},"line":52}},"branchMap":{"0":{"loc":{"start":{"line":46,"column":140},"end":{"line":46,"column":206}},"type":"cond-expr","locations":[{"start":{"line":46,"column":158},"end":{"line":46,"column":173}},{"start":{"line":46,"column":173},"end":{"line":46,"column":206}}],"line":46},"1":{"loc":{"start":{"line":53,"column":140},"end":{"line":53,"column":206}},"type":"cond-expr","locations":[{"start":{"line":53,"column":158},"end":{"line":53,"column":173}},{"start":{"line":53,"column":173},"end":{"line":53,"column":206}}],"line":53},"2":{"loc":{"start":{"line":58,"column":201},"end":{"line":58,"column":255}},"type":"cond-expr","locations":[{"start":{"line":58,"column":219},"end":{"line":58,"column":237}},{"start":{"line":58,"column":237},"end":{"line":58,"column":255}}],"line":58},"3":{"loc":{"start":{"line":65,"column":21},"end":{"line":65,"column":null}},"type":"cond-expr","locations":[{"start":{"line":65,"column":39},"end":{"line":65,"column":53}},{"start":{"line":65,"column":53},"end":{"line":65,"column":null}}],"line":65}},"s":{"0":2,"1":18,"2":18,"3":0,"4":0},"f":{"0":18,"1":0,"2":0},"b":{"0":[18,0],"1":[0,18],"2":[18,0],"3":[18,0]},"meta":{"lastBranch":4,"lastFunction":3,"lastStatement":5,"seen":{"s:4:20:13:Infinity":0,"f:25:16:25:27":0,"s:26:14:26:Infinity":1,"s:27:4:68:Infinity":2,"f:45:29:45:35":1,"s:45:35:45:Infinity":3,"b:46:158:46:173:46:173:46:206":0,"f:52:29:52:35":2,"s:52:35:52:Infinity":4,"b:53:158:53:173:53:173:53:206":1,"b:58:219:58:237:58:237:58:255":2,"b:65:39:65:53:65:53:65:Infinity":3}}}
,"C:\\Users\\tigralint\\Desktop\\chestnayapodpiska\\components\\ui\\ToolCard.tsx": {"path":"C:\\Users\\tigralint\\Desktop\\chestnayapodpiska\\components\\ui\\ToolCard.tsx","statementMap":{"0":{"start":{"line":5,"column":27},"end":{"line":18,"column":null}},"1":{"start":{"line":32,"column":10},"end":{"line":32,"column":null}},"2":{"start":{"line":33,"column":14},"end":{"line":33,"column":null}},"3":{"start":{"line":35,"column":4},"end":{"line":50,"column":null}},"4":{"start":{"line":38,"column":27},"end":{"line":38,"column":null}},"5":{"start":{"line":39,"column":26},"end":{"line":39,"column":null}}},"fnMap":{"0":{"name":"ToolCard","decl":{"start":{"line":31,"column":16},"end":{"line":31,"column":25}},"loc":{"start":{"line":31,"column":91},"end":{"line":52,"column":null}},"line":31},"1":{"name":"(anonymous_1)","decl":{"start":{"line":38,"column":21},"end":{"line":38,"column":27}},"loc":{"start":{"line":38,"column":27},"end":{"line":38,"column":null}},"line":38},"2":{"name":"(anonymous_2)","decl":{"start":{"line":39,"column":26},"end":{"line":39,"column":32}},"loc":{"start":{"line":39,"column":26},"end":{"line":39,"column":null}},"line":39}},"branchMap":{},"s":{"0":1,"1":10,"2":10,"3":10,"4":0,"5":0},"f":{"0":10,"1":0,"2":0},"b":{},"meta":{"lastBranch":0,"lastFunction":3,"lastStatement":6,"seen":{"s:5:27:18:Infinity":0,"f:31:16:31:25":0,"s:32:10:32:Infinity":1,"s:33:14:33:Infinity":2,"s:35:4:50:Infinity":3,"f:38:21:38:27":1,"s:38:27:38:Infinity":4,"f:39:26:39:32":2,"s:39:26:39:Infinity":5}}}
,"C:\\Users\\tigralint\\Desktop\\chestnayapodpiska\\constants\\simulator.ts": {"path":"C:\\Users\\tigralint\\Desktop\\chestnayapodpiska\\constants\\simulator.ts","statementMap":{"0":{"start":{"line":4,"column":32},"end":{"line":19,"column":null}}},"fnMap":{},"branchMap":{},"s":{"0":1},"f":{},"b":{},"meta":{"lastBranch":0,"lastFunction":0,"lastStatement":1,"seen":{"s:4:32:19:Infinity":0}}}
,"C:\\Users\\tigralint\\Desktop\\chestnayapodpiska\\constants\\text.ts": {"path":"C:\\Users\\tigralint\\Desktop\\chestnayapodpiska\\constants\\text.ts","statementMap":{"0":{"start":{"line":1,"column":27},"end":{"line":40,"column":null}}},"fnMap":{},"branchMap":{},"s":{"0":1},"f":{},"b":{},"meta":{"lastBranch":0,"lastFunction":0,"lastStatement":1,"seen":{"s:1:27:40:Infinity":0}}}
,"C:\\Users\\tigralint\\Desktop\\chestnayapodpiska\\data\\guides.ts": {"path":"C:\\Users\\tigralint\\Desktop\\chestnayapodpiska\\data\\guides.ts","statementMap":{"0":{"start":{"line":3,"column":34},"end":{"line":408,"column":null}}},"fnMap":{},"branchMap":{},"s":{"0":2},"f":{},"b":{},"meta":{"lastBranch":0,"lastFunction":0,"lastStatement":1,"seen":{"s:3:34:408:Infinity":0}}}
,"C:\\Users\\tigralint\\Desktop\\chestnayapodpiska\\data\\simulator-levels.tsx": {"path":"C:\\Users\\tigralint\\Desktop\\chestnayapodpiska\\data\\simulator-levels.tsx","statementMap":{"0":{"start":{"line":13,"column":31},"end":{"line":394,"column":null}},"1":{"start":{"line":20,"column":12},"end":{"line":40,"column":null}},"2":{"start":{"line":49,"column":12},"end":{"line":75,"column":null}},"3":{"start":{"line":56,"column":64},"end":{"line":56,"column":120}},"4":{"start":{"line":65,"column":64},"end":{"line":65,"column":120}},"5":{"start":{"line":84,"column":12},"end":{"line":99,"column":null}},"6":{"start":{"line":108,"column":12},"end":{"line":138,"column":null}},"7":{"start":{"line":120,"column":76},"end":{"line":120,"column":170}},"8":{"start":{"line":120,"column":118},"end":{"line":120,"column":138}},"9":{"start":{"line":120,"column":138},"end":{"line":120,"column":159}},"10":{"start":{"line":120,"column":159},"end":{"line":120,"column":168}},"11":{"start":{"line":120,"column":336},"end":{"line":120,"column":357}},"12":{"start":{"line":120,"column":357},"end":{"line":120,"column":366}},"13":{"start":{"line":147,"column":12},"end":{"line":169,"column":null}},"14":{"start":{"line":178,"column":12},"end":{"line":204,"column":null}},"15":{"start":{"line":213,"column":12},"end":{"line":228,"column":null}},"16":{"start":{"line":237,"column":12},"end":{"line":258,"column":null}},"17":{"start":{"line":244,"column":72},"end":{"line":244,"column":146}},"18":{"start":{"line":244,"column":114},"end":{"line":244,"column":134}},"19":{"start":{"line":244,"column":134},"end":{"line":244,"column":144}},"20":{"start":{"line":267,"column":12},"end":{"line":289,"column":null}},"21":{"start":{"line":271,"column":93},"end":{"line":271,"column":167}},"22":{"start":{"line":271,"column":135},"end":{"line":271,"column":155}},"23":{"start":{"line":271,"column":155},"end":{"line":271,"column":165}},"24":{"start":{"line":298,"column":12},"end":{"line":319,"column":null}},"25":{"start":{"line":338,"column":12},"end":{"line":390,"column":null}}},"fnMap":{"0":{"name":"(anonymous_0)","decl":{"start":{"line":19,"column":22},"end":{"line":19,"column":23}},"loc":{"start":{"line":20,"column":12},"end":{"line":40,"column":null}},"line":20},"1":{"name":"(anonymous_1)","decl":{"start":{"line":48,"column":22},"end":{"line":48,"column":23}},"loc":{"start":{"line":49,"column":12},"end":{"line":75,"column":null}},"line":49},"2":{"name":"(anonymous_2)","decl":{"start":{"line":56,"column":63},"end":{"line":56,"column":64}},"loc":{"start":{"line":56,"column":64},"end":{"line":56,"column":120}},"line":56},"3":{"name":"(anonymous_3)","decl":{"start":{"line":65,"column":63},"end":{"line":65,"column":64}},"loc":{"start":{"line":65,"column":64},"end":{"line":65,"column":120}},"line":65},"4":{"name":"(anonymous_4)","decl":{"start":{"line":83,"column":22},"end":{"line":83,"column":23}},"loc":{"start":{"line":84,"column":12},"end":{"line":99,"column":null}},"line":84},"5":{"name":"(anonymous_5)","decl":{"start":{"line":107,"column":22},"end":{"line":107,"column":23}},"loc":{"start":{"line":108,"column":12},"end":{"line":138,"column":null}},"line":108},"6":{"name":"(anonymous_6)","decl":{"start":{"line":120,"column":67},"end":{"line":120,"column":68}},"loc":{"start":{"line":120,"column":74},"end":{"line":120,"column":173}},"line":120},"7":{"name":"(anonymous_7)","decl":{"start":{"line":120,"column":327},"end":{"line":120,"column":328}},"loc":{"start":{"line":120,"column":334},"end":{"line":120,"column":null}},"line":120},"8":{"name":"(anonymous_8)","decl":{"start":{"line":146,"column":22},"end":{"line":146,"column":23}},"loc":{"start":{"line":147,"column":12},"end":{"line":169,"column":null}},"line":147},"9":{"name":"(anonymous_9)","decl":{"start":{"line":177,"column":22},"end":{"line":177,"column":23}},"loc":{"start":{"line":178,"column":12},"end":{"line":204,"column":null}},"line":178},"10":{"name":"(anonymous_10)","decl":{"start":{"line":212,"column":22},"end":{"line":212,"column":23}},"loc":{"start":{"line":213,"column":12},"end":{"line":228,"column":null}},"line":213},"11":{"name":"(anonymous_11)","decl":{"start":{"line":236,"column":22},"end":{"line":236,"column":23}},"loc":{"start":{"line":237,"column":12},"end":{"line":258,"column":null}},"line":237},"12":{"name":"(anonymous_12)","decl":{"start":{"line":244,"column":63},"end":{"line":244,"column":64}},"loc":{"start":{"line":244,"column":70},"end":{"line":244,"column":149}},"line":244},"13":{"name":"(anonymous_13)","decl":{"start":{"line":266,"column":22},"end":{"line":266,"column":23}},"loc":{"start":{"line":267,"column":12},"end":{"line":289,"column":null}},"line":267},"14":{"name":"(anonymous_14)","decl":{"start":{"line":271,"column":84},"end":{"line":271,"column":85}},"loc":{"start":{"line":271,"column":91},"end":{"line":271,"column":170}},"line":271},"15":{"name":"(anonymous_15)","decl":{"start":{"line":297,"column":22},"end":{"line":297,"column":23}},"loc":{"start":{"line":298,"column":12},"end":{"line":319,"column":null}},"line":298},"16":{"name":"(anonymous_16)","decl":{"start":{"line":337,"column":22},"end":{"line":337,"column":23}},"loc":{"start":{"line":337,"column":58},"end":{"line":392,"column":null}},"line":337}},"branchMap":{"0":{"loc":{"start":{"line":56,"column":64},"end":{"line":56,"column":120}},"type":"binary-expr","locations":[{"start":{"line":56,"column":71},"end":{"line":56,"column":92}},{"start":{"line":56,"column":92},"end":{"line":56,"column":110}},{"start":{"line":56,"column":110},"end":{"line":56,"column":120}}],"line":56},"1":{"loc":{"start":{"line":65,"column":64},"end":{"line":65,"column":120}},"type":"binary-expr","locations":[{"start":{"line":65,"column":71},"end":{"line":65,"column":92}},{"start":{"line":65,"column":92},"end":{"line":65,"column":110}},{"start":{"line":65,"column":110},"end":{"line":65,"column":120}}],"line":65},"2":{"loc":{"start":{"line":120,"column":76},"end":{"line":120,"column":170}},"type":"if","locations":[{"start":{"line":120,"column":76},"end":{"line":120,"column":170}},{"start":{},"end":{}}],"line":120},"3":{"loc":{"start":{"line":120,"column":80},"end":{"line":120,"column":116}},"type":"binary-expr","locations":[{"start":{"line":120,"column":80},"end":{"line":120,"column":101}},{"start":{"line":120,"column":101},"end":{"line":120,"column":116}}],"line":120},"4":{"loc":{"start":{"line":244,"column":72},"end":{"line":244,"column":146}},"type":"if","locations":[{"start":{"line":244,"column":72},"end":{"line":244,"column":146}},{"start":{},"end":{}}],"line":244},"5":{"loc":{"start":{"line":244,"column":76},"end":{"line":244,"column":112}},"type":"binary-expr","locations":[{"start":{"line":244,"column":76},"end":{"line":244,"column":97}},{"start":{"line":244,"column":97},"end":{"line":244,"column":112}}],"line":244},"6":{"loc":{"start":{"line":271,"column":93},"end":{"line":271,"column":167}},"type":"if","locations":[{"start":{"line":271,"column":93},"end":{"line":271,"column":167}},{"start":{},"end":{}}],"line":271},"7":{"loc":{"start":{"line":271,"column":97},"end":{"line":271,"column":133}},"type":"binary-expr","locations":[{"start":{"line":271,"column":97},"end":{"line":271,"column":118}},{"start":{"line":271,"column":118},"end":{"line":271,"column":133}}],"line":271},"8":{"loc":{"start":{"line":337,"column":38},"end":{"line":337,"column":58}},"type":"default-arg","locations":[{"start":{"line":337,"column":52},"end":{"line":337,"column":58}}],"line":337},"9":{"loc":{"start":{"line":341,"column":21},"end":{"line":350,"column":null}},"type":"binary-expr","locations":[{"start":{"line":341,"column":21},"end":{"line":341,"column":null}},{"start":{"line":342,"column":24},"end":{"line":350,"column":null}}],"line":341},"10":{"loc":{"start":{"line":354,"column":21},"end":{"line":366,"column":null}},"type":"binary-expr","locations":[{"start":{"line":354,"column":21},"end":{"line":354,"column":null}},{"start":{"line":355,"column":24},"end":{"line":366,"column":null}}],"line":354},"11":{"loc":{"start":{"line":370,"column":21},"end":{"line":388,"column":null}},"type":"binary-expr","locations":[{"start":{"line":370,"column":21},"end":{"line":370,"column":null}},{"start":{"line":371,"column":24},"end":{"line":388,"column":null}}],"line":370}},"s":{"0":1,"1":0,"2":0,"3":0,"4":0,"5":0,"6":0,"7":0,"8":0,"9":0,"10":0,"11":0,"12":0,"13":0,"14":0,"15":0,"16":0,"17":0,"18":0,"19":0,"20":0,"21":0,"22":0,"23":0,"24":0,"25":0},"f":{"0":0,"1":0,"2":0,"3":0,"4":0,"5":0,"6":0,"7":0,"8":0,"9":0,"10":0,"11":0,"12":0,"13":0,"14":0,"15":0,"16":0},"b":{"0":[0,0,0],"1":[0,0,0],"2":[0,0],"3":[0,0],"4":[0,0],"5":[0,0],"6":[0,0],"7":[0,0],"8":[0],"9":[0,0],"10":[0,0],"11":[0,0]},"meta":{"lastBranch":12,"lastFunction":17,"lastStatement":26,"seen":{"s:13:31:394:Infinity":0,"f:19:22:19:23":0,"s:20:12:40:Infinity":1,"f:48:22:48:23":1,"s:49:12:75:Infinity":2,"f:56:63:56:64":2,"s:56:64:56:120":3,"b:56:71:56:92:56:92:56:110:56:110:56:120":0,"f:65:63:65:64":3,"s:65:64:65:120":4,"b:65:71:65:92:65:92:65:110:65:110:65:120":1,"f:83:22:83:23":4,"s:84:12:99:Infinity":5,"f:107:22:107:23":5,"s:108:12:138:Infinity":6,"f:120:67:120:68":6,"b:120:76:120:170:undefined:undefined:undefined:undefined":2,"s:120:76:120:170":7,"b:120:80:120:101:120:101:120:116":3,"s:120:118:120:138":8,"s:120:138:120:159":9,"s:120:159:120:168":10,"f:120:327:120:328":7,"s:120:336:120:357":11,"s:120:357:120:366":12,"f:146:22:146:23":8,"s:147:12:169:Infinity":13,"f:177:22:177:23":9,"s:178:12:204:Infinity":14,"f:212:22:212:23":10,"s:213:12:228:Infinity":15,"f:236:22:236:23":11,"s:237:12:258:Infinity":16,"f:244:63:244:64":12,"b:244:72:244:146:undefined:undefined:undefined:undefined":4,"s:244:72:244:146":17,"b:244:76:244:97:244:97:244:112":5,"s:244:114:244:134":18,"s:244:134:244:144":19,"f:266:22:266:23":13,"s:267:12:289:Infinity":20,"f:271:84:271:85":14,"b:271:93:271:167:undefined:undefined:undefined:undefined":6,"s:271:93:271:167":21,"b:271:97:271:118:271:118:271:133":7,"s:271:135:271:155":22,"s:271:155:271:165":23,"f:297:22:297:23":15,"s:298:12:319:Infinity":24,"f:337:22:337:23":16,"b:337:52:337:58":8,"s:338:12:390:Infinity":25,"b:341:21:341:Infinity:342:24:350:Infinity":9,"b:354:21:354:Infinity:355:24:366:Infinity":10,"b:370:21:370:Infinity:371:24:388:Infinity":11}}}
,"C:\\Users\\tigralint\\Desktop\\chestnayapodpiska\\hooks\\useClaimFlow.ts": {"path":"C:\\Users\\tigralint\\Desktop\\chestnayapodpiska\\hooks\\useClaimFlow.ts","statementMap":{"0":{"start":{"line":9,"column":23},"end":{"line":14,"column":null}},"1":{"start":{"line":17,"column":20},"end":{"line":17,"column":null}},"2":{"start":{"line":18,"column":29},"end":{"line":18,"column":null}},"3":{"start":{"line":25,"column":4},"end":{"line":41,"column":null}},"4":{"start":{"line":33,"column":20},"end":{"line":33,"column":null}},"5":{"start":{"line":35,"column":51},"end":{"line":35,"column":null}},"6":{"start":{"line":36,"column":12},"end":{"line":36,"column":null}},"7":{"start":{"line":36,"column":39},"end":{"line":36,"column":null}},"8":{"start":{"line":37,"column":12},"end":{"line":38,"column":null}},"9":{"start":{"line":37,"column":27},"end":{"line":37,"column":null}},"10":{"start":{"line":37,"column":43},"end":{"line":38,"column":null}},"11":{"start":{"line":38,"column":44},"end":{"line":38,"column":null}},"12":{"start":{"line":39,"column":12},"end":{"line":39,"column":null}},"13":{"start":{"line":43,"column":40},"end":{"line":43,"column":null}},"14":{"start":{"line":44,"column":10},"end":{"line":44,"column":null}},"15":{"start":{"line":46,"column":25},"end":{"line":48,"column":null}},"16":{"start":{"line":47,"column":8},"end":{"line":47,"column":null}},"17":{"start":{"line":47,"column":29},"end":{"line":47,"column":58}},"18":{"start":{"line":50,"column":10},"end":{"line":61,"column":null}},"19":{"start":{"line":51,"column":25},"end":{"line":51,"column":null}},"20":{"start":{"line":52,"column":8},"end":{"line":60,"column":null}},"21":{"start":{"line":63,"column":4},"end":{"line":71,"column":null}}},"fnMap":{"0":{"name":"useClaimFlow","decl":{"start":{"line":16,"column":16},"end":{"line":16,"column":31}},"loc":{"start":{"line":16,"column":31},"end":{"line":72,"column":null}},"line":16},"1":{"name":"(anonymous_1)","decl":{"start":{"line":33,"column":8},"end":{"line":33,"column":9}},"loc":{"start":{"line":33,"column":20},"end":{"line":33,"column":null}},"line":33},"2":{"name":"(anonymous_2)","decl":{"start":{"line":34,"column":8},"end":{"line":34,"column":9}},"loc":{"start":{"line":34,"column":15},"end":{"line":40,"column":null}},"line":34},"3":{"name":"(anonymous_3)","decl":{"start":{"line":46,"column":25},"end":{"line":46,"column":31}},"loc":{"start":{"line":46,"column":31},"end":{"line":48,"column":null}},"line":46},"4":{"name":"(anonymous_4)","decl":{"start":{"line":47,"column":23},"end":{"line":47,"column":29}},"loc":{"start":{"line":47,"column":29},"end":{"line":47,"column":58}},"line":47},"5":{"name":"(anonymous_5)","decl":{"start":{"line":50,"column":43},"end":{"line":50,"column":49}},"loc":{"start":{"line":50,"column":49},"end":{"line":61,"column":7}},"line":50}},"branchMap":{"0":{"loc":{"start":{"line":18,"column":29},"end":{"line":18,"column":null}},"type":"cond-expr","locations":[{"start":{"line":18,"column":39},"end":{"line":18,"column":69}},{"start":{"line":18,"column":69},"end":{"line":18,"column":null}}],"line":18},"1":{"loc":{"start":{"line":36,"column":12},"end":{"line":36,"column":null}},"type":"if","locations":[{"start":{"line":36,"column":12},"end":{"line":36,"column":null}},{"start":{},"end":{}}],"line":36},"2":{"loc":{"start":{"line":37,"column":12},"end":{"line":38,"column":null}},"type":"if","locations":[{"start":{"line":37,"column":12},"end":{"line":38,"column":null}},{"start":{"line":37,"column":43},"end":{"line":38,"column":null}}],"line":37},"3":{"loc":{"start":{"line":37,"column":43},"end":{"line":38,"column":null}},"type":"if","locations":[{"start":{"line":37,"column":43},"end":{"line":38,"column":null}},{"start":{},"end":{}}],"line":37}},"s":{"0":2,"1":22,"2":22,"3":22,"4":1,"5":3,"6":3,"7":1,"8":3,"9":1,"10":2,"11":1,"12":3,"13":22,"14":22,"15":22,"16":3,"17":1,"18":22,"19":1,"20":1,"21":22},"f":{"0":22,"1":1,"2":3,"3":3,"4":1,"5":1},"b":{"0":[1,21],"1":[1,2],"2":[1,2],"3":[1,1]},"meta":{"lastBranch":4,"lastFunction":6,"lastStatement":22,"seen":{"s:9:23:14:Infinity":0,"f:16:16:16:31":0,"s:17:20:17:Infinity":1,"s:18:29:18:Infinity":2,"b:18:39:18:69:18:69:18:Infinity":0,"s:25:4:41:Infinity":3,"f:33:8:33:9":1,"s:33:20:33:Infinity":4,"f:34:8:34:9":2,"s:35:51:35:Infinity":5,"b:36:12:36:Infinity:undefined:undefined:undefined:undefined":1,"s:36:12:36:Infinity":6,"s:36:39:36:Infinity":7,"b:37:12:38:Infinity:37:43:38:Infinity":2,"s:37:12:38:Infinity":8,"s:37:27:37:Infinity":9,"b:37:43:38:Infinity:undefined:undefined:undefined:undefined":3,"s:37:43:38:Infinity":10,"s:38:44:38:Infinity":11,"s:39:12:39:Infinity":12,"s:43:40:43:Infinity":13,"s:44:10:44:Infinity":14,"s:46:25:48:Infinity":15,"f:46:25:46:31":3,"s:47:8:47:Infinity":16,"f:47:23:47:29":4,"s:47:29:47:58":17,"s:50:10:61:Infinity":18,"f:50:43:50:49":5,"s:51:25:51:Infinity":19,"s:52:8:60:Infinity":20,"s:63:4:71:Infinity":21}}}
,"C:\\Users\\tigralint\\Desktop\\chestnayapodpiska\\hooks\\useClaimForm.ts": {"path":"C:\\Users\\tigralint\\Desktop\\chestnayapodpiska\\hooks\\useClaimForm.ts","statementMap":{"0":{"start":{"line":13,"column":24},"end":{"line":13,"column":null}},"1":{"start":{"line":14,"column":40},"end":{"line":14,"column":null}},"2":{"start":{"line":15,"column":28},"end":{"line":15,"column":null}},"3":{"start":{"line":16,"column":28},"end":{"line":16,"column":null}},"4":{"start":{"line":17,"column":38},"end":{"line":17,"column":null}},"5":{"start":{"line":18,"column":32},"end":{"line":18,"column":null}},"6":{"start":{"line":19,"column":10},"end":{"line":19,"column":null}},"7":{"start":{"line":21,"column":27},"end":{"line":66,"column":null}},"8":{"start":{"line":22,"column":8},"end":{"line":22,"column":null}},"9":{"start":{"line":23,"column":23},"end":{"line":23,"column":null}},"10":{"start":{"line":24,"column":8},"end":{"line":24,"column":null}},"11":{"start":{"line":26,"column":8},"end":{"line":28,"column":null}},"12":{"start":{"line":27,"column":12},"end":{"line":27,"column":null}},"13":{"start":{"line":31,"column":8},"end":{"line":31,"column":null}},"14":{"start":{"line":32,"column":8},"end":{"line":32,"column":null}},"15":{"start":{"line":33,"column":27},"end":{"line":33,"column":null}},"16":{"start":{"line":35,"column":8},"end":{"line":35,"column":null}},"17":{"start":{"line":36,"column":8},"end":{"line":36,"column":null}},"18":{"start":{"line":38,"column":8},"end":{"line":40,"column":null}},"19":{"start":{"line":39,"column":12},"end":{"line":39,"column":null}},"20":{"start":{"line":42,"column":8},"end":{"line":65,"column":null}},"21":{"start":{"line":43,"column":25},"end":{"line":43,"column":null}},"22":{"start":{"line":44,"column":12},"end":{"line":44,"column":null}},"23":{"start":{"line":47,"column":12},"end":{"line":47,"column":null}},"24":{"start":{"line":47,"column":70},"end":{"line":47,"column":null}},"25":{"start":{"line":48,"column":12},"end":{"line":48,"column":null}},"26":{"start":{"line":48,"column":65},"end":{"line":48,"column":null}},"27":{"start":{"line":50,"column":28},"end":{"line":50,"column":null}},"28":{"start":{"line":51,"column":12},"end":{"line":51,"column":null}},"29":{"start":{"line":53,"column":12},"end":{"line":55,"column":null}},"30":{"start":{"line":54,"column":16},"end":{"line":54,"column":null}},"31":{"start":{"line":57,"column":12},"end":{"line":57,"column":null}},"32":{"start":{"line":60,"column":12},"end":{"line":60,"column":null}},"33":{"start":{"line":60,"column":29},"end":{"line":60,"column":68}},"34":{"start":{"line":62,"column":12},"end":{"line":64,"column":null}},"35":{"start":{"line":63,"column":16},"end":{"line":63,"column":null}},"36":{"start":{"line":68,"column":28},"end":{"line":72,"column":null}},"37":{"start":{"line":69,"column":8},"end":{"line":71,"column":null}},"38":{"start":{"line":70,"column":12},"end":{"line":70,"column":null}},"39":{"start":{"line":70,"column":36},"end":{"line":70,"column":71}},"40":{"start":{"line":74,"column":10},"end":{"line":80,"column":null}},"41":{"start":{"line":75,"column":24},"end":{"line":75,"column":null}},"42":{"start":{"line":76,"column":8},"end":{"line":79,"column":null}},"43":{"start":{"line":77,"column":12},"end":{"line":77,"column":null}},"44":{"start":{"line":78,"column":12},"end":{"line":78,"column":null}},"45":{"start":{"line":78,"column":29},"end":{"line":78,"column":47}},"46":{"start":{"line":82,"column":4},"end":{"line":93,"column":null}}},"fnMap":{"0":{"name":"useClaimForm","decl":{"start":{"line":8,"column":16},"end":{"line":8,"column":null}},"loc":{"start":{"line":12,"column":2},"end":{"line":94,"column":null}},"line":12},"1":{"name":"(anonymous_1)","decl":{"start":{"line":21,"column":27},"end":{"line":21,"column":34}},"loc":{"start":{"line":21,"column":79},"end":{"line":66,"column":null}},"line":21},"2":{"name":"(anonymous_2)","decl":{"start":{"line":60,"column":20},"end":{"line":60,"column":29}},"loc":{"start":{"line":60,"column":29},"end":{"line":60,"column":68}},"line":60},"3":{"name":"(anonymous_3)","decl":{"start":{"line":68,"column":28},"end":{"line":68,"column":29}},"loc":{"start":{"line":68,"column":57},"end":{"line":72,"column":null}},"line":68},"4":{"name":"(anonymous_4)","decl":{"start":{"line":70,"column":27},"end":{"line":70,"column":36}},"loc":{"start":{"line":70,"column":36},"end":{"line":70,"column":71}},"line":70},"5":{"name":"(anonymous_5)","decl":{"start":{"line":74,"column":35},"end":{"line":74,"column":47}},"loc":{"start":{"line":74,"column":47},"end":{"line":80,"column":7}},"line":74},"6":{"name":"(anonymous_6)","decl":{"start":{"line":78,"column":23},"end":{"line":78,"column":29}},"loc":{"start":{"line":78,"column":29},"end":{"line":78,"column":47}},"line":78}},"branchMap":{"0":{"loc":{"start":{"line":26,"column":8},"end":{"line":28,"column":null}},"type":"if","locations":[{"start":{"line":26,"column":8},"end":{"line":28,"column":null}},{"start":{},"end":{}}],"line":26},"1":{"loc":{"start":{"line":38,"column":8},"end":{"line":40,"column":null}},"type":"if","locations":[{"start":{"line":38,"column":8},"end":{"line":40,"column":null}},{"start":{},"end":{}}],"line":38},"2":{"loc":{"start":{"line":47,"column":12},"end":{"line":47,"column":null}},"type":"if","locations":[{"start":{"line":47,"column":12},"end":{"line":47,"column":null}},{"start":{},"end":{}}],"line":47},"3":{"loc":{"start":{"line":47,"column":16},"end":{"line":47,"column":70}},"type":"binary-expr","locations":[{"start":{"line":47,"column":16},"end":{"line":47,"column":45}},{"start":{"line":47,"column":45},"end":{"line":47,"column":70}}],"line":47},"4":{"loc":{"start":{"line":48,"column":12},"end":{"line":48,"column":null}},"type":"if","locations":[{"start":{"line":48,"column":12},"end":{"line":48,"column":null}},{"start":{},"end":{}}],"line":48},"5":{"loc":{"start":{"line":50,"column":28},"end":{"line":50,"column":null}},"type":"cond-expr","locations":[{"start":{"line":50,"column":49},"end":{"line":50,"column":61}},{"start":{"line":50,"column":61},"end":{"line":50,"column":null}}],"line":50},"6":{"loc":{"start":{"line":53,"column":12},"end":{"line":55,"column":null}},"type":"if","locations":[{"start":{"line":53,"column":12},"end":{"line":55,"column":null}},{"start":{},"end":{}}],"line":53},"7":{"loc":{"start":{"line":62,"column":12},"end":{"line":64,"column":null}},"type":"if","locations":[{"start":{"line":62,"column":12},"end":{"line":64,"column":null}},{"start":{},"end":{}}],"line":62},"8":{"loc":{"start":{"line":69,"column":8},"end":{"line":71,"column":null}},"type":"if","locations":[{"start":{"line":69,"column":8},"end":{"line":71,"column":null}},{"start":{},"end":{}}],"line":69},"9":{"loc":{"start":{"line":76,"column":8},"end":{"line":79,"column":null}},"type":"if","locations":[{"start":{"line":76,"column":8},"end":{"line":79,"column":null}},{"start":{},"end":{}}],"line":76}},"s":{"0":65,"1":65,"2":65,"3":65,"4":65,"5":65,"6":65,"7":65,"8":13,"9":13,"10":13,"11":13,"12":5,"13":8,"14":13,"15":13,"16":13,"17":13,"18":13,"19":1,"20":8,"21":8,"22":7,"23":1,"24":0,"25":1,"26":0,"27":1,"28":1,"29":1,"30":0,"31":8,"32":8,"33":8,"34":8,"35":3,"36":65,"37":4,"38":1,"39":1,"40":65,"41":1,"42":1,"43":1,"44":1,"45":0,"46":65},"f":{"0":65,"1":13,"2":8,"3":4,"4":1,"5":1,"6":0},"b":{"0":[5,8],"1":[1,12],"2":[0,1],"3":[1,0],"4":[0,1],"5":[1,0],"6":[0,1],"7":[3,5],"8":[1,3],"9":[1,0]},"meta":{"lastBranch":10,"lastFunction":7,"lastStatement":47,"seen":{"f:8:16:8:Infinity":0,"s:13:24:13:Infinity":0,"s:14:40:14:Infinity":1,"s:15:28:15:Infinity":2,"s:16:28:16:Infinity":3,"s:17:38:17:Infinity":4,"s:18:32:18:Infinity":5,"s:19:10:19:Infinity":6,"s:21:27:66:Infinity":7,"f:21:27:21:34":1,"s:22:8:22:Infinity":8,"s:23:23:23:Infinity":9,"s:24:8:24:Infinity":10,"b:26:8:28:Infinity:undefined:undefined:undefined:undefined":0,"s:26:8:28:Infinity":11,"s:27:12:27:Infinity":12,"s:31:8:31:Infinity":13,"s:32:8:32:Infinity":14,"s:33:27:33:Infinity":15,"s:35:8:35:Infinity":16,"s:36:8:36:Infinity":17,"b:38:8:40:Infinity:undefined:undefined:undefined:undefined":1,"s:38:8:40:Infinity":18,"s:39:12:39:Infinity":19,"s:42:8:65:Infinity":20,"s:43:25:43:Infinity":21,"s:44:12:44:Infinity":22,"b:47:12:47:Infinity:undefined:undefined:undefined:undefined":2,"s:47:12:47:Infinity":23,"b:47:16:47:45:47:45:47:70":3,"s:47:70:47:Infinity":24,"b:48:12:48:Infinity:undefined:undefined:undefined:undefined":4,"s:48:12:48:Infinity":25,"s:48:65:48:Infinity":26,"s:50:28:50:Infinity":27,"b:50:49:50:61:50:61:50:Infinity":5,"s:51:12:51:Infinity":28,"b:53:12:55:Infinity:undefined:undefined:undefined:undefined":6,"s:53:12:55:Infinity":29,"s:54:16:54:Infinity":30,"s:57:12:57:Infinity":31,"s:60:12:60:Infinity":32,"f:60:20:60:29":2,"s:60:29:60:68":33,"b:62:12:64:Infinity:undefined:undefined:undefined:undefined":7,"s:62:12:64:Infinity":34,"s:63:16:63:Infinity":35,"s:68:28:72:Infinity":36,"f:68:28:68:29":3,"b:69:8:71:Infinity:undefined:undefined:undefined:undefined":8,"s:69:8:71:Infinity":37,"s:70:12:70:Infinity":38,"f:70:27:70:36":4,"s:70:36:70:71":39,"s:74:10:80:Infinity":40,"f:74:35:74:47":5,"s:75:24:75:Infinity":41,"b:76:8:79:Infinity:undefined:undefined:undefined:undefined":9,"s:76:8:79:Infinity":42,"s:77:12:77:Infinity":43,"s:78:12:78:Infinity":44,"f:78:23:78:29":6,"s:78:29:78:47":45,"s:82:4:93:Infinity":46}}}
,"C:\\Users\\tigralint\\Desktop\\chestnayapodpiska\\hooks\\useCourseFlow.ts": {"path":"C:\\Users\\tigralint\\Desktop\\chestnayapodpiska\\hooks\\useCourseFlow.ts","statementMap":{"0":{"start":{"line":10,"column":20},"end":{"line":10,"column":null}},"1":{"start":{"line":11,"column":29},"end":{"line":11,"column":null}},"2":{"start":{"line":18,"column":4},"end":{"line":35,"column":null}},"3":{"start":{"line":28,"column":29},"end":{"line":28,"column":null}},"4":{"start":{"line":30,"column":51},"end":{"line":30,"column":null}},"5":{"start":{"line":31,"column":12},"end":{"line":31,"column":null}},"6":{"start":{"line":31,"column":38},"end":{"line":31,"column":null}},"7":{"start":{"line":32,"column":12},"end":{"line":32,"column":null}},"8":{"start":{"line":32,"column":72},"end":{"line":32,"column":null}},"9":{"start":{"line":33,"column":12},"end":{"line":33,"column":null}},"10":{"start":{"line":37,"column":10},"end":{"line":40,"column":null}},"11":{"start":{"line":38,"column":14},"end":{"line":38,"column":null}},"12":{"start":{"line":42,"column":10},"end":{"line":42,"column":null}},"13":{"start":{"line":44,"column":25},"end":{"line":46,"column":null}},"14":{"start":{"line":45,"column":8},"end":{"line":45,"column":null}},"15":{"start":{"line":45,"column":29},"end":{"line":45,"column":60}},"16":{"start":{"line":48,"column":10},"end":{"line":59,"column":null}},"17":{"start":{"line":49,"column":25},"end":{"line":49,"column":null}},"18":{"start":{"line":50,"column":8},"end":{"line":58,"column":null}},"19":{"start":{"line":61,"column":4},"end":{"line":69,"column":null}}},"fnMap":{"0":{"name":"useCourseFlow","decl":{"start":{"line":9,"column":16},"end":{"line":9,"column":32}},"loc":{"start":{"line":9,"column":32},"end":{"line":70,"column":null}},"line":9},"1":{"name":"(anonymous_1)","decl":{"start":{"line":28,"column":8},"end":{"line":28,"column":9}},"loc":{"start":{"line":28,"column":29},"end":{"line":28,"column":null}},"line":28},"2":{"name":"(anonymous_2)","decl":{"start":{"line":29,"column":8},"end":{"line":29,"column":9}},"loc":{"start":{"line":29,"column":15},"end":{"line":34,"column":null}},"line":29},"3":{"name":"(anonymous_3)","decl":{"start":{"line":38,"column":8},"end":{"line":38,"column":14}},"loc":{"start":{"line":38,"column":14},"end":{"line":38,"column":null}},"line":38},"4":{"name":"(anonymous_4)","decl":{"start":{"line":44,"column":25},"end":{"line":44,"column":31}},"l
[...]
{"line":18,"column":null}},{"start":{},"end":{}}],"line":16},"1":{"loc":{"start":{"line":23,"column":4},"end":{"line":26,"column":null}},"type":"if","locations":[{"start":{"line":23,"column":4},"end":{"line":26,"column":null}},{"start":{},"end":{}}],"line":23},"2":{"loc":{"start":{"line":121,"column":9},"end":{"line":214,"column":null}},"type":"binary-expr","locations":[{"start":{"line":121,"column":9},"end":{"line":121,"column":26}},{"start":{"line":121,"column":9},"end":{"line":214,"column":null}}],"line":121},"3":{"loc":{"start":{"line":160,"column":44},"end":{"line":160,"column":null}},"type":"binary-expr","locations":[{"start":{"line":160,"column":44},"end":{"line":160,"column":77}},{"start":{"line":160,"column":77},"end":{"line":160,"column":null}}],"line":160},"4":{"loc":{"start":{"line":165,"column":220},"end":{"line":165,"column":337}},"type":"cond-expr","locations":[{"start":{"line":165,"column":236},"end":{"line":165,"column":286}},{"start":{"line":165,"column":286},"end":{"line":165,"column":337}}],"line":165},"5":{"loc":{"start":{"line":170,"column":86},"end":{"line":170,"column":211}},"type":"cond-expr","locations":[{"start":{"line":170,"column":102},"end":{"line":170,"column":143}},{"start":{"line":170,"column":143},"end":{"line":170,"column":211}}],"line":170},"6":{"loc":{"start":{"line":171,"column":29},"end":{"line":174,"column":null}},"type":"binary-expr","locations":[{"start":{"line":171,"column":29},"end":{"line":171,"column":null}},{"start":{"line":172,"column":30},"end":{"line":174,"column":null}}],"line":171},"7":{"loc":{"start":{"line":176,"column":73},"end":{"line":176,"column":137}},"type":"cond-expr","locations":[{"start":{"line":176,"column":89},"end":{"line":176,"column":121}},{"start":{"line":176,"column":121},"end":{"line":176,"column":137}}],"line":176},"8":{"loc":{"start":{"line":187,"column":17},"end":{"line":194,"column":null}},"type":"binary-expr","locations":[{"start":{"line":187,"column":17},"end":{"line":187,"column":null}},{"start":{"line":188,"column":18},"end":{"line":194,"column":null}}],"line":187},"9":{"loc":{"start":{"line":204,"column":42},"end":{"line":204,"column":186}},"type":"cond-expr","locations":[{"start":{"line":204,"column":76},"end":{"line":204,"column":133}},{"start":{"line":204,"column":133},"end":{"line":204,"column":186}}],"line":204},"10":{"loc":{"start":{"line":217,"column":9},"end":{"line":276,"column":null}},"type":"binary-expr","locations":[{"start":{"line":217,"column":9},"end":{"line":217,"column":22}},{"start":{"line":217,"column":9},"end":{"line":276,"column":null}}],"line":217},"11":{"loc":{"start":{"line":230,"column":15},"end":{"line":272,"column":null}},"type":"cond-expr","locations":[{"start":{"line":231,"column":16},"end":{"line":264,"column":null}},{"start":{"line":266,"column":16},"end":{"line":272,"column":null}}],"line":230}},"s":{"0":5,"1":5,"2":5,"3":5,"4":5,"5":0,"6":5,"7":5,"8":5,"9":5,"10":0,"11":0,"12":0,"13":0,"14":5,"15":5,"16":5,"17":5,"18":5,"19":0,"20":0,"21":5,"22":0,"23":5,"24":5,"25":5,"26":0,"27":0,"28":0,"29":0,"30":0,"31":0,"32":5,"33":135,"34":5,"35":0,"36":0,"37":0,"38":135,"39":0,"40":0,"41":0,"42":0,"43":0,"44":0,"45":0,"46":0},"f":{"0":5,"1":5,"2":5,"3":0,"4":0,"5":0,"6":0,"7":0,"8":0,"9":135,"10":0,"11":0,"12":0,"13":135,"14":0,"15":0,"16":0,"17":0,"18":0,"19":0,"20":0},"b":{"0":[0,5],"1":[5,0],"2":[5,0],"3":[0,0],"4":[0,0],"5":[0,0],"6":[0,0],"7":[0,0],"8":[0,0],"9":[0,0],"10":[5,0],"11":[0,0]},"meta":{"lastBranch":12,"lastFunction":21,"lastStatement":47,"seen":{"f:9:24:9:37":0,"s:10:8:10:Infinity":0,"s:11:13:11:Infinity":1,"s:12:44:12:Infinity":2,"s:15:2:19:Infinity":3,"f:15:12:15:18":1,"b:16:4:18:Infinity:undefined:undefined:undefined:undefined":0,"s:16:4:18:Infinity":4,"s:17:6:17:Infinity":5,"s:22:2:30:Infinity":6,"f:22:12:22:18":2,"b:23:4:26:Infinity:undefined:undefined:undefined:undefined":1,"s:23:4:26:Infinity":7,"s:24:6:24:Infinity":8,"s:25:6:25:Infinity":9,"s:27:4:27:Infinity":10,"s:28:4:28:Infinity":11,"s:29:4:29:Infinity":12,"f:29:11:29:17":3,"s:29:19:29:54":13,"s:31:32:31:Infinity":14,"s:32:34:32:Infinity":15,"s:35:8:35:Infinity":16,"s:36:8:36:Infinity":17,"s:38:8:41:Infinity":18,"f:38:33:38:39":4,"s:39:4:39:Infinity":19,"s:40:4:40:Infinity":20,"s:43:8:43:Infinity":21,"f:43:32:43:38":5,"s:43:38:43:59":22,"s:45:2:45:Infinity":23,"s:46:2:46:Infinity":24,"s:48:30:55:Infinity":25,"f:48:30:48:31":6,"s:49:4:49:Infinity":26,"s:50:4:50:Infinity":27,"s:51:4:54:Infinity":28,"f:51:15:51:21":7,"s:52:6:52:Infinity":29,"s:53:6:53:Infinity":30,"f:53:17:53:23":8,"s:53:23:53:46":31,"s:57:24:57:Infinity":32,"f:57:39:57:44":9,"s:57:44:57:68":33,"s:59:2:279:Infinity":34,"f:68:27:68:33":10,"s:68:33:68:48":35,"f:75:27:75:33":11,"s:75:33:75:48":36,"f:89:21:89:27":12,"s:89:27:89:Infinity":37,"f:99:25:99:26":13,"s:100:12:116:Infinity":38,"f:102:23:102:29":14,"s:102:29:102:Infinity":39,"b:121:9:121:26:121:9:214:Infinity":2,"f:126:23:126:29":15,"s:126:29:126:Infinity":40,"f:144:27:144:33":16,"s:144:33:144:Infinity":41,"f:159:45:159:46":17,"s:160:44:160:Infinity":42,"b:160:44:160:77:160:77:160:Infinity":3,"s:162:22:180:Infinity":43,"b:165:236:165:286:165:286:165:337":4,"b:170:102:170:143:170:143:170:211":5,"b:171:29:171:Infinity:172:30:174:Infinity":6,"b:176:89:176:121:176:121:176:137":7,"b:187:17:187:Infinity:188:18:194:Infinity":8,"f:204:27:204:33":18,"s:204:33:204:Infinity":44,"b:204:76:204:133:204:133:204:186":9,"b:217:9:217:22:217:9:276:Infinity":10,"f:219:71:219:77":19,"s:219:77:219:98":45,"f:223:25:223:31":20,"s:223:31:223:Infinity":46,"b:231:16:264:Infinity:266:16:272:Infinity":11}}}
,"C:\\Users\\tigralint\\Desktop\\chestnayapodpiska\\views\\SubscriptionFlow.tsx": {"path":"C:\\Users\\tigralint\\Desktop\\chestnayapodpiska\\views\\SubscriptionFlow.tsx","statementMap":{"0":{"start":{"line":20,"column":2},"end":{"line":20,"column":null}},"1":{"start":{"line":22,"column":2},"end":{"line":206,"column":null}},"2":{"start":{"line":50,"column":33},"end":{"line":50,"column":84}},"3":{"start":{"line":50,"column":84},"end":{"line":50,"column":116}},"4":{"start":{"line":66,"column":49},"end":{"line":66,"column":84}},"5":{"start":{"line":66,"column":84},"end":{"line":66,"column":119}},"6":{"start":{"line":66,"column":119},"end":{"line":66,"column":146}},"7":{"start":{"line":80,"column":33},"end":{"line":80,"column":null}},"8":{"start":{"line":104,"column":31},"end":{"line":104,"column":null}},"9":{"start":{"line":106,"column":18},"end":{"line":120,"column":null}},"10":{"start":{"line":107,"column":20},"end":{"line":107,"column":null}},"11":{"start":{"line":108,"column":20},"end":{"line":108,"column":null}},"12":{"start":{"line":108,"column":39},"end":{"line":108,"column":null}},"13":{"start":{"line":109,"column":39},"end":{"line":109,"column":null}},"14":{"start":{"line":110,"column":36},"end":{"line":112,"column":null}},"15":{"start":{"line":113,"column":20},"end":{"line":113,"column":null}},"16":{"start":{"line":114,"column":18},"end":{"line":120,"column":null}},"17":{"start":{"line":115,"column":20},"end":{"line":115,"column":null}},"18":{"start":{"line":116,"column":20},"end":{"line":116,"column":null}},"19":{"start":{"line":117,"column":18},"end":{"line":120,"column":null}},"20":{"start":{"line":118,"column":20},"end":{"line":118,"column":null}},"21":{"start":{"line":119,"column":20},"end":{"line":119,"column":null}},"22":{"start":{"line":126,"column":82},"end":{"line":126,"column":106}},"23":{"start":{"line":133,"column":18},"end":{"line":143,"column":null}},"24":{"start":{"line":140,"column":37},"end":{"line":140,"column":67}},"25":{"start":{"line":140,"column":67},"end":{"line":140,"column":91}},"26":{"start":{"line":151,"column":35},"end":{"line":151,"column":null}},"27":{"start":{"line":162,"column":38},"end":{"line":162,"column":null}},"28":{"start":{"line":162,"column":55},"end":{"line":162,"column":90}},"29":{"start":{"line":163,"column":31},"end":{"line":163,"column":null}},"30":{"start":{"line":163,"column":48},"end":{"line":163,"column":87}},"31":{"start":{"line":164,"column":32},"end":{"line":164,"column":null}},"32":{"start":{"line":164,"column":49},"end":{"line":164,"column":88}}},"fnMap":{"0":{"name":"SubscriptionFlow","decl":{"start":{"line":11,"column":24},"end":{"line":11,"column":43}},"loc":{"start":{"line":11,"column":43},"end":{"line":208,"column":null}},"line":11},"1":{"name":"(anonymous_1)","decl":{"start":{"line":50,"column":26},"end":{"line":50,"column":31}},"loc":{"start":{"line":50,"column":31},"end":{"line":50,"column":null}},"line":50},"2":{"name":"(anonymous_2)","decl":{"start":{"line":66,"column":30},"end":{"line":66,"column":35}},"loc":{"start":{"line":66,"column":35},"end":{"line":66,"column":null}},"line":66},"3":{"name":"(anonymous_3)","decl":{"start":{"line":80,"column":28},"end":{"line":80,"column":33}},"loc":{"start":{"line":80,"column":33},"end":{"line":80,"column":null}},"line":80},"4":{"name":"(anonymous_4)","decl":{"start":{"line":104,"column":25},"end":{"line":104,"column":31}},"loc":{"start":{"line":104,"column":31},"end":{"line":104,"column":null}},"line":104},"5":{"name":"(anonymous_5)","decl":{"start":{"line":105,"column":27},"end":{"line":105,"column":28}},"loc":{"start":{"line":105,"column":34},"end":{"line":121,"column":null}},"line":105},"6":{"name":"(anonymous_6)","decl":{"start":{"line":126,"column":76},"end":{"line":126,"column":82}},"loc":{"start":{"line":126,"column":82},"end":{"line":126,"column":106}},"line":126},"7":{"name":"(anonymous_7)","decl":{"start":{"line":132,"column":29},"end":{"line":132,"column":30}},"loc":{"start":{"line":133,"column":18},"end":{"line":143,"column":null}},"line":133},"8":{"name":"(anonymous_8)","decl":{"start":{"line":140,"column":29},"end":{"line":140,"column":35}},"loc":{"start":{"line":140,"column":35},"end":{"line":140,"column":null}},"line":140},"9":{"name":"(anonymous_9)","decl":{"start":{"line":151,"column":28},"end":{"line":151,"column":29}},"loc":{"start":{"line":151,"column":35},"end":{"line":151,"column":null}},"line":151},"10":{"name":"(anonymous_10)","decl":{"start":{"line":162,"column":27},"end":{"line":162,"column":28}},"loc":{"start":{"line":162,"column":38},"end":{"line":162,"column":null}},"line":162},"11":{"name":"(anonymous_11)","decl":{"start":{"line":162,"column":46},"end":{"line":162,"column":55}},"loc":{"start":{"line":162,"column":55},"end":{"line":162,"column":90}},"line":162},"12":{"name":"(anonymous_12)","decl":{"start":{"line":163,"column":25},"end":{"line":163,"column":31}},"loc":{"start":{"line":163,"column":31},"end":{"line":163,"column":null}},"line":163},"13":{"name":"(anonymous_13)","decl":{"start":{"line":163,"column":39},"end":{"line":163,"column":48}},"loc":{"start":{"line":163,"column":48},"end":{"line":163,"column":87}},"line":163},"14":{"name":"(anonymous_14)","decl":{"start":{"line":164,"column":26},"end":{"line":164,"column":32}},"loc":{"start":{"line":164,"column":32},"end":{"line":164,"column":null}},"line":164},"15":{"name":"(anonymous_15)","decl":{"start":{"line":164,"column":40},"end":{"line":164,"column":49}},"loc":{"start":{"line":164,"column":49},"end":{"line":164,"column":88}},"line":164}},"branchMap":{"0":{"loc":{"start":{"line":38,"column":11},"end":{"line":38,"column":null}},"type":"binary-expr","locations":[{"start":{"line":38,"column":11},"end":{"line":38,"column":23}},{"start":{"line":38,"column":23},"end":{"line":38,"column":null}}],"line":38},"1":{"loc":{"start":{"line":43,"column":118},"end":{"line":43,"column":213}},"type":"cond-expr","locations":[{"start":{"line":43,"column":144},"end":{"line":43,"column":161}},{"start":{"line":43,"column":161},"end":{"line":43,"column":213}}],"line":43},"2":{"loc":{"start":{"line":48,"column":193},"end":{"line":48,"column":400}},"type":"cond-expr","locations":[{"start":{"line":48,"column":219},"end":{"line":48,"column":309}},{"start":{"line":48,"column":309},"end":{"line":48,"column":400}}],"line":48},"3":{"loc":{"start":{"line":52,"column":15},"end":{"line":52,"column":null}},"type":"binary-expr","locations":[{"start":{"line":52,"column":15},"end":{"line":52,"column":42}},{"start":{"line":52,"column":42},"end":{"line":52,"column":null}}],"line":52},"4":{"loc":{"start":{"line":58,"column":115},"end":{"line":58,"column":205}},"type":"cond-expr","locations":[{"start":{"line":58,"column":136},"end":{"line":58,"column":153}},{"start":{"line":58,"column":153},"end":{"line":58,"column":205}}],"line":58},"5":{"loc":{"start":{"line":64,"column":203},"end":{"line":64,"column":405}},"type":"cond-expr","locations":[{"start":{"line":64,"column":224},"end":{"line":64,"column":314}},{"start":{"line":64,"column":314},"end":{"line":64,"column":405}}],"line":64},"6":{"loc":{"start":{"line":65,"column":27},"end":{"line":65,"column":null}},"type":"cond-expr","locations":[{"start":{"line":65,"column":32},"end":{"line":65,"column":74}},{"start":{"line":65,"column":74},"end":{"line":65,"column":null}}],"line":65},"7":{"loc":{"start":{"line":70,"column":17},"end":{"line":70,"column":null}},"type":"binary-expr","locations":[{"start":{"line":70,"column":17},"end":{"line":70,"column":39}},{"start":{"line":70,"column":39},"end":{"line":70,"column":null}}],"line":70},"8":{"loc":{"start":{"line":103,"column":178},"end":{"line":103,"column":413}},"type":"cond-expr","locations":[{"start":{"line":103,"column":193},"end":{"line":103,"column":280}},{"start":{"line":103,"column":280},"end":{"line":103,"column":413}}],"line":103},"9":{"loc":{"start":{"line":106,"column":18},"end":{"line":120,"column":null}},"type":"if","locations":[{"start":{"line":106,"column":18},"end":{"line":120,"column":null}},{"start":{"line":114,"column":18},"end":{"line":120,"column":null}}],"line":106},"10":{"loc":{"start":{"line":106,"column":22},"end":{"line":106,"column":68}},"type":"binary-expr","locations":[{"start":{"line":106,"column":22},"end":{"line":106,"column":47}},{"start":{"line":106,"column":47},"end":{"line":106,"column":68}}],"line":106},"11":{"loc":{"start":{"line":108,"column":20},"end":{"line":108,"column":null}},"type":"if","locations":[{"start":{"line":108,"column":20},"end":{"line":108,"column":null}},{"start":{},"end":{}}],"line":108},"12":{"loc":{"start":{"line":110,"column":36},"end":{"line":112,"column":null}},"type":"cond-expr","locations":[{"start":{"line":111,"column":24},"end":{"line":111,"column":null}},{"start":{"line":112,"column":24},"end":{"line":112,"column":null}}],"line":110},"13":{"loc":{"start":{"line":114,"column":18},"end":{"line":120,"column":null}},"type":"if","locations":[{"start":{"line":114,"column":18},"end":{"line":120,"column":null}},{"start":{"line":117,"column":18},"end":{"line":120,"column":null}}],"line":114},"14":{"loc":{"start":{"line":114,"column":29},"end":{"line":114,"column":65}},"type":"binary-expr","locations":[{"start":{"line":114,"column":29},"end":{"line":114,"column":51}},{"start":{"line":114,"column":51},"end":{"line":114,"column":65}}],"line":114},"15":{"loc":{"start":{"line":117,"column":18},"end":{"line":120,"column":null}},"type":"if","locations":[{"start":{"line":117,"column":18},"end":{"line":120,"column":null}},{"start":{},"end":{}}],"line":117},"16":{"loc":{"start":{"line":117,"column":29},"end":{"line":117,"column":64}},"type":"binary-expr","locations":[{"start":{"line":117,"column":29},"end":{"line":117,"column":50}},{"start":{"line":117,"column":50},"end":{"line":117,"column":64}}],"line":117},"17":{"loc":{"start":{"line":124,"column":109},"end":{"line":124,"column":158}},"type":"cond-expr","locations":[{"start":{"line":124,"column":124},"end":{"line":124,"column":156}},{"start":{"line":124,"column":156},"end":{"line":124,"column":158}}],"line":124},"18":{"loc":{"start":{"line":126,"column":15},"end":{"line":126,"column":null}},"type":"binary-expr","locations":[{"start":{"line":126,"column":15},"end":{"line":126,"column":31}},{"start":{"line":126,"column":31},"end":{"line":126,"column":null}}],"line":126},"19":{"loc":{"start":{"line":130,"column":200},"end":{"line":130,"column":279}},"type":"cond-expr","locations":[{"start":{"line":130,"column":215},"end":{"line":130,"column":249}},{"start":{"line":130,"column":249},"end":{"line":130,"column":279}}],"line":130},"20":{"loc":{"start":{"line":139,"column":132},"end":{"line":139,"column":257}},"type":"cond-expr","locations":[{"start":{"line":139,"column":157},"end":{"line":139,"column":206}},{"start":{"line":139,"column":206},"end":{"line":139,"column":257}}],"line":139},"21":{"loc":{"start":{"line":161,"column":25},"end":{"line":161,"column":null}},"type":"binary-expr","locations":[{"start":{"line":161,"column":25},"end":{"line":161,"column":68}},{"start":{"line":161,"column":68},"end":{"line":161,"column":null}}],"line":161},"22":{"loc":{"start":{"line":174,"column":26},"end":{"line":174,"column":null}},"type":"binary-expr","locations":[{"start":{"line":174,"column":26},"end":{"line":174,"column":42}},{"start":{"line":174,"column":42},"end":{"line":174,"column":null}}],"line":174},"23":{"loc":{"start":{"line":177,"column":17},"end":{"line":186,"column":null}},"type":"cond-expr","locations":[{"start":{"line":178,"column":18},"end":{"line":181,"column":null}},{"start":{"line":183,"column":18},"end":{"line":186,"column":null}}],"line":177}},"s":{"0":10,"1":10,"2":1,"3":1,"4":1,"5":1,"6":1,"7":0,"8":0,"9":0,"10":0,"11":0,"12":0,"13":0,"14":0,"15":0,"16":0,"17":0,"18":0,"19":0,"20":0,"21":0,"22":0,"23":40,"24":0,"25":0,"26":0,"27":0,"28":0,"29":0,"30":0,"31":0,"32":0},"f":{"0":10,"1":1,"2":1,"3":0,"4":0,"5":0,"6":0,"7":40,"8":0,"9":0,"10":0,"11":0,"12":0,"13":0,"14":0,"15":0},"b":{"0":[10,0],"1":[0,10],"2":[0,10],"3":[10,0],"4":[0,10],"5":[0,10],"6":[1,9],"7":[10,0],"8":[0,10],"9":[0,0],"10":[0,0],"11":[0,0],"12":[0,0],"13":[0,0],"14":[0,0],"15":[0,0],"16":[0,0],"17":[0,10],"18":[10,0],"19":[0,10],"20":[10,30],"21":[10,0],"22":[10,10],"23":[0,10]},"meta":{"lastBranch":24,"lastFunction":16,"lastStatement":33,"seen":{"f:11:24:11:43":0,"s:20:2:20:Infinity":0,"s:22:2:206:Infinity":1,"b:38:11:38:23:38:23:38:Infinity":0,"b:43:144:43:161:43:161:43:213":1,"b:48:219:48:309:48:309:48:400":2,"f:50:26:50:31":1,"s:50:33:50:84":2,"s:50:84:50:116":3,"b:52:15:52:42:52:42:52:Infinity":3,"b:58:136:58:153:58:153:58:205":4,"b:64:224:64:314:64:314:64:405":5,"b:65:32:65:74:65:74:65:Infinity":6,"f:66:30:66:35":2,"s:66:49:66:84":4,"s:66:84:66:119":5,"s:66:119:66:146":6,"b:70:17:70:39:70:39:70:Infinity":7,"f:80:28:80:33":3,"s:80:33:80:Infinity":7,"b:103:193:103:280:103:280:103:413":8,"f:104:25:104:31":4,"s:104:31:104:Infinity":8,"f:105:27:105:28":5,"b:106:18:120:Infinity:114:18:120:Infinity":9,"s:106:18:120:Infinity":9,"b:106:22:106:47:106:47:106:68":10,"s:107:20:107:Infinity":10,"b:108:20:108:Infinity:undefined:undefined:undefined:undefined":11,"s:108:20:108:Infinity":11,"s:108:39:108:Infinity":12,"s:109:39:109:Infinity":13,"s:110:36:112:Infinity":14,"b:111:24:111:Infinity:112:24:112:Infinity":12,"s:113:20:113:Infinity":15,"b:114:18:120:Infinity:117:18:120:Infinity":13,"s:114:18:120:Infinity":16,"b:114:29:114:51:114:51:114:65":14,"s:115:20:115:Infinity":17,"s:116:20:116:Infinity":18,"b:117:18:120:Infinity:undefined:undefined:undefined:undefined":15,"s:117:18:120:Infinity":19,"b:117:29:117:50:117:50:117:64":16,"s:118:20:118:Infinity":20,"s:119:20:119:Infinity":21,"b:124:124:124:156:124:156:124:158":17,"b:126:15:126:31:126:31:126:Infinity":18,"f:126:76:126:82":6,"s:126:82:126:106":22,"b:130:215:130:249:130:249:130:279":19,"f:132:29:132:30":7,"s:133:18:143:Infinity":23,"b:139:157:139:206:139:206:139:257":20,"f:140:29:140:35":8,"s:140:37:140:67":24,"s:140:67:140:91":25,"f:151:28:151:29":9,"s:151:35:151:Infinity":26,"b:161:25:161:68:161:68:161:Infinity":21,"f:162:27:162:28":10,"s:162:38:162:Infinity":27,"f:162:46:162:55":11,"s:162:55:162:90":28,"f:163:25:163:31":12,"s:163:31:163:Infinity":29,"f:163:39:163:48":13,"s:163:48:163:87":30,"f:164:26:164:32":14,"s:164:32:164:Infinity":31,"f:164:40:164:49":15,"s:164:49:164:88":32,"b:174:26:174:42:174:42:174:Infinity":22,"b:178:18:181:Infinity:183:18:186:Infinity":23}}}
}
