{"C:\\Users\\tigralint\\Desktop\\podpiska-main\\components\\icons\\index.tsx": {"path":"C:\\Users\\tigralint\\Desktop\\podpiska-main\\components\\icons\\index.tsx","statementMap":{"0":{"start":{"line":2,"column":27},"end":{"line":3,"column":null}},"1":{"start":{"line":3,"column":4},"end":{"line":3,"column":null}},"2":{"start":{"line":6,"column":27},"end":{"line":7,"column":null}},"3":{"start":{"line":7,"column":4},"end":{"line":7,"column":null}},"4":{"start":{"line":10,"column":26},"end":{"line":11,"column":null}},"5":{"start":{"line":11,"column":4},"end":{"line":11,"column":null}},"6":{"start":{"line":14,"column":20},"end":{"line":15,"column":null}},"7":{"start":{"line":15,"column":4},"end":{"line":15,"column":null}},"8":{"start":{"line":18,"column":24},"end":{"line":19,"column":null}},"9":{"start":{"line":19,"column":4},"end":{"line":19,"column":null}},"10":{"start":{"line":22,"column":20},"end":{"line":23,"column":null}},"11":{"start":{"line":23,"column":4},"end":{"line":23,"column":null}},"12":{"start":{"line":26,"column":24},"end":{"line":27,"column":null}},"13":{"start":{"line":27,"column":4},"end":{"line":27,"column":null}},"14":{"start":{"line":30,"column":26},"end":{"line":31,"column":null}},"15":{"start":{"line":31,"column":4},"end":{"line":31,"column":null}},"16":{"start":{"line":34,"column":29},"end":{"line":35,"column":null}},"17":{"start":{"line":35,"column":4},"end":{"line":35,"column":null}},"18":{"start":{"line":38,"column":27},"end":{"line":39,"column":null}},"19":{"start":{"line":39,"column":4},"end":{"line":39,"column":null}},"20":{"start":{"line":42,"column":24},"end":{"line":43,"column":null}},"21":{"start":{"line":43,"column":4},"end":{"line":43,"column":null}},"22":{"start":{"line":46,"column":26},"end":{"line":47,"column":null}},"23":{"start":{"line":47,"column":4},"end":{"line":47,"column":null}},"24":{"start":{"line":50,"column":27},"end":{"line":51,"column":null}},"25":{"start":{"line":51,"column":4},"end":{"line":51,"column":null}},"26":{"start":{"line":54,"column":22},"end":{"line":55,"column":null}},"27":{"start":{"line":55,"column":4},"end":{"line":55,"column":null}},"28":{"start":{"line":58,"column":27},"end":{"line":59,"column":null}},"29":{"start":{"line":59,"column":4},"end":{"line":59,"column":null}},"30":{"start":{"line":62,"column":23},"end":{"line":63,"column":null}},"31":{"start":{"line":63,"column":4},"end":{"line":63,"column":null}},"32":{"start":{"line":66,"column":21},"end":{"line":67,"column":null}},"33":{"start":{"line":67,"column":4},"end":{"line":67,"column":null}},"34":{"start":{"line":70,"column":22},"end":{"line":71,"column":null}},"35":{"start":{"line":71,"column":4},"end":{"line":71,"column":null}},"36":{"start":{"line":74,"column":22},"end":{"line":75,"column":null}},"37":{"start":{"line":75,"column":4},"end":{"line":75,"column":null}},"38":{"start":{"line":78,"column":21},"end":{"line":79,"column":null}},"39":{"start":{"line":79,"column":4},"end":{"line":79,"column":null}},"40":{"start":{"line":82,"column":20},"end":{"line":83,"column":null}},"41":{"start":{"line":83,"column":4},"end":{"line":83,"column":null}},"42":{"start":{"line":86,"column":17},"end":{"line":87,"column":null}},"43":{"start":{"line":87,"column":4},"end":{"line":87,"column":null}},"44":{"start":{"line":90,"column":28},"end":{"line":91,"column":null}},"45":{"start":{"line":91,"column":4},"end":{"line":91,"column":null}}},"fnMap":{"0":{"name":"(anonymous_0)","decl":{"start":{"line":2,"column":27},"end":{"line":2,"column":28}},"loc":{"start":{"line":3,"column":4},"end":{"line":3,"column":null}},"line":3},"1":{"name":"(anonymous_1)","decl":{"start":{"line":6,"column":27},"end":{"line":6,"column":28}},"loc":{"start":{"line":7,"column":4},"end":{"line":7,"column":null}},"line":7},"2":{"name":"(anonymous_2)","decl":{"start":{"line":10,"column":26},"end":{"line":10,"column":27}},"loc":{"start":{"line":11,"column":4},"end":{"line":11,"column":null}},"line":11},"3":{"name":"(anonymous_3)","decl":{"start":{"line":14,"column":20},"end":{"line":14,"column":21}},"loc":{"start":{"line":15,"column":4},"end":{"line":15,"column":null}},"line":15},"4":{"name":"(anonymous_4)","decl":{"start":{"line":18,"column":24},"end":{"line":18,"column":25}},"loc":{"start":{"line":19,"column":4},"end":{"line":19,"column":null}},"line":19},"5":{"name":"(anonymous_5)","decl":{"start":{"line":22,"column":20},"end":{"line":22,"column":21}},"loc":{"start":{"line":23,"column":4},"end":{"line":23,"column":null}},"line":23},"6":{"name":"(anonymous_6)","decl":{"start":{"line":26,"column":24},"end":{"line":26,"column":25}},"loc":{"start":{"line":27,"column":4},"end":{"line":27,"column":null}},"line":27},"7":{"name":"(anonymous_7)","decl":{"start":{"line":30,"column":26},"end":{"line":30,"column":27}},"loc":{"start":{"line":31,"column":4},"end":{"line":31,"column":null}},"line":31},"8":{"name":"(anonymous_8)","decl":{"start":{"line":34,"column":29},"end":{"line":34,"column":30}},"loc":{"start":{"line":35,"column":4},"end":{"line":35,"column":null}},"line":35},"9":{"name":"(anonymous_9)","decl":{"start":{"line":38,"column":27},"end":{"line":38,"column":28}},"loc":{"start":{"line":39,"column":4},"end":{"line":39,"column":null}},"line":39},"10":{"name":"(anonymous_10)","decl":{"start":{"line":42,"column":24},"end":{"line":42,"column":25}},"loc":{"start":{"line":43,"column":4},"end":{"line":43,"column":null}},"line":43},"11":{"name":"(anonymous_11)","decl":{"start":{"line":46,"column":26},"end":{"line":46,"column":27}},"loc":{"start":{"line":47,"column":4},"end":{"line":47,"column":null}},"line":47},"12":{"name":"(anonymous_12)","decl":{"start":{"line":50,"column":27},"end":{"line":50,"column":28}},"loc":{"start":{"line":51,"column":4},"end":{"line":51,"column":null}},"line":51},"13":{"name":"(anonymous_13)","decl":{"start":{"line":54,"column":22},"end":{"line":54,"column":23}},"loc":{"start":{"line":55,"column":4},"end":{"line":55,"column":null}},"line":55},"14":{"name":"(anonymous_14)","decl":{"start":{"line":58,"column":27},"end":{"line":58,"column":28}},"loc":{"start":{"line":59,"column":4},"end":{"line":59,"column":null}},"line":59},"15":{"name":"(anonymous_15)","decl":{"start":{"line":62,"column":23},"end":{"line":62,"column":24}},"loc":{"start":{"line":63,"column":4},"end":{"line":63,"column":null}},"line":63},"16":{"name":"(anonymous_16)","decl":{"start":{"line":66,"column":21},"end":{"line":66,"column":22}},"loc":{"start":{"line":67,"column":4},"end":{"line":67,"column":null}},"line":67},"17":{"name":"(anonymous_17)","decl":{"start":{"line":70,"column":22},"end":{"line":70,"column":23}},"loc":{"start":{"line":71,"column":4},"end":{"line":71,"column":null}},"line":71},"18":{"name":"(anonymous_18)","decl":{"start":{"line":74,"column":22},"end":{"line":74,"column":23}},"loc":{"start":{"line":75,"column":4},"end":{"line":75,"column":null}},"line":75},"19":{"name":"(anonymous_19)","decl":{"start":{"line":78,"column":21},"end":{"line":78,"column":22}},"loc":{"start":{"line":79,"column":4},"end":{"line":79,"column":null}},"line":79},"20":{"name":"(anonymous_20)","decl":{"start":{"line":82,"column":20},"end":{"line":82,"column":21}},"loc":{"start":{"line":83,"column":4},"end":{"line":83,"column":null}},"line":83},"21":{"name":"(anonymous_21)","decl":{"start":{"line":86,"column":17},"end":{"line":86,"column":18}},"loc":{"start":{"line":87,"column":4},"end":{"line":87,"column":null}},"line":87},"22":{"name":"(anonymous_22)","decl":{"start":{"line":90,"column":28},"end":{"line":90,"column":29}},"loc":{"start":{"line":91,"column":4},"end":{"line":91,"column":null}},"line":91}},"branchMap":{"0":{"loc":{"start":{"line":2,"column":30},"end":{"line":2,"column":52}},"type":"default-arg","locations":[{"start":{"line":2,"column":42},"end":{"line":2,"column":52}}],"line":2},"1":{"loc":{"start":{"line":6,"column":30},"end":{"line":6,"column":52}},"type":"default-arg","locations":[{"start":{"line":6,"column":42},"end":{"line":6,"column":52}}],"line":6},"2":{"loc":{"start":{"line":10,"column":29},"end":{"line":10,"column":51}},"type":"default-arg","locations":[{"start":{"line":10,"column":41},"end":{"line":10,"column":51}}],"line":10},"3":{"loc":{"start":{"line":14,"column":23},"end":{"line":14,"column":45}},"type":"default-arg","locations":[{"start":{"line":14,"column":35},"end":{"line":14,"column":45}}],"line":14},"4":{"loc":{"start":{"line":18,"column":27},"end":{"line":18,"column":49}},"type":"default-arg","locations":[{"start":{"line":18,"column":39},"end":{"line":18,"column":49}}],"line":18},"5":{"loc":{"start":{"line":22,"column":23},"end":{"line":22,"column":45}},"type":"default-arg","locations":[{"start":{"line":22,"column":35},"end":{"line":22,"column":45}}],"line":22},"6":{"loc":{"start":{"line":26,"column":27},"end":{"line":26,"column":49}},"type":"default-arg","locations":[{"start":{"line":26,"column":39},"end":{"line":26,"column":49}}],"line":26},"7":{"loc":{"start":{"line":30,"column":29},"end":{"line":30,"column":51}},"type":"default-arg","locations":[{"start":{"line":30,"column":41},"end":{"line":30,"column":51}}],"line":30},"8":{"loc":{"start":{"line":34,"column":32},"end":{"line":34,"column":54}},"type":"default-arg","locations":[{"start":{"line":34,"column":44},"end":{"line":34,"column":54}}],"line":34},"9":{"loc":{"start":{"line":38,"column":30},"end":{"line":38,"column":52}},"type":"default-arg","locations":[{"start":{"line":38,"column":42},"end":{"line":38,"column":52}}],"line":38},"10":{"loc":{"start":{"line":42,"column":27},"end":{"line":42,"column":49}},"type":"default-arg","locations":[{"start":{"line":42,"column":39},"end":{"line":42,"column":49}}],"line":42},"11":{"loc":{"start":{"line":46,"column":29},"end":{"line":46,"column":51}},"type":"default-arg","locations":[{"start":{"line":46,"column":41},"end":{"line":46,"column":51}}],"line":46},"12":{"loc":{"start":{"line":50,"column":30},"end":{"line":50,"column":52}},"type":"default-arg","locations":[{"start":{"line":50,"column":42},"end":{"line":50,"column":52}}],"line":50},"13":{"loc":{"start":{"line":54,"column":25},"end":{"line":54,"column":47}},"type":"default-arg","locations":[{"start":{"line":54,"column":37},"end":{"line":54,"column":47}}],"line":54},"14":{"loc":{"start":{"line":58,"column":30},"end":{"line":58,"column":52}},"type":"default-arg","locations":[{"start":{"line":58,"column":42},"end":{"line":58,"column":52}}],"line":58},"15":{"loc":{"start":{"line":62,"column":26},"end":{"line":62,"column":48}},"type":"default-arg","locations":[{"start":{"line":62,"column":38},"end":{"line":62,"column":48}}],"line":62},"16":{"loc":{"start":{"line":66,"column":24},"end":{"line":66,"column":46}},"type":"default-arg","locations":[{"start":{"line":66,"column":36},"end":{"line":66,"column":46}}],"line":66},"17":{"loc":{"start":{"line":70,"column":25},"end":{"line":70,"column":47}},"type":"default-arg","locations":[{"start":{"line":70,"column":37},"end":{"line":70,"column":47}}],"line":70},"18":{"loc":{"start":{"line":74,"column":25},"end":{"line":74,"column":47}},"type":"default-arg","locations":[{"start":{"line":74,"column":37},"end":{"line":74,"column":47}}],"line":74},"19":{"loc":{"start":{"line":78,"column":24},"end":{"line":78,"column":46}},"type":"default-arg","locations":[{"start":{"line":78,"column":36},"end":{"line":78,"column":46}}],"line":78},"20":{"loc":{"start":{"line":82,"column":23},"end":{"line":82,"column":45}},"type":"default-arg","locations":[{"start":{"line":82,"column":35},"end":{"line":82,"column":45}}],"line":82},"21":{"loc":{"start":{"line":86,"column":20},"end":{"line":86,"column":42}},"type":"default-arg","locations":[{"start":{"line":86,"column":32},"end":{"line":86,"column":42}}],"line":86},"22":{"loc":{"start":{"line":90,"column":31},"end":{"line":90,"column":53}},"type":"default-arg","locations":[{"start":{"line":90,"column":43},"end":{"line":90,"column":53}}],"line":90}},"s":{"0":4,"1":0,"2":4,"3":0,"4":4,"5":0,"6":4,"7":0,"8":4,"9":3,"10":4,"11":4,"12":4,"13":5,"14":4,"15":0,"16":4,"17":0,"18":4,"19":0,"20":4,"21":0,"22":4,"23":0,"24":4,"25":6,"26":4,"27":0,"28":4,"29":0,"30":4,"31":1,"32":4,"33":0,"34":4,"35":0,"36":4,"37":0,"38":4,"39":0,"40":4,"41":0,"42":4,"43":0,"44":4,"45":0},"f":{"0":0,"1":0,"2":0,"3":0,"4":3,"5":4,"6":5,"7":0,"8":0,"9":0,"10":0,"11":0,"12":6,"13":0,"14":0,"15":1,"16":0,"17":0,"18":0,"19":0,"20":0,"21":0,"22":0},"b":{"0":[0],"1":[0],"2":[0],"3":[0],"4":[3],"5":[4],"6":[5],"7":[0],"8":[0],"9":[0],"10":[0],"11":[0],"12":[6],"13":[0],"14":[0],"15":[1],"16":[0],"17":[0],"18":[0],"19":[0],"20":[0],"21":[0],"22":[0]},"meta":{"lastBranch":23,"lastFunction":23,"lastStatement":46,"seen":{"s:2:27:3:Infinity":0,"f:2:27:2:28":0,"s:3:4:3:Infinity":1,"b:2:42:2:52":0,"s:6:27:7:Infinity":2,"f:6:27:6:28":1,"s:7:4:7:Infinity":3,"b:6:42:6:52":1,"s:10:26:11:Infinity":4,"f:10:26:10:27":2,"s:11:4:11:Infinity":5,"b:10:41:10:51":2,"s:14:20:15:Infinity":6,"f:14:20:14:21":3,"s:15:4:15:Infinity":7,"b:14:35:14:45":3,"s:18:24:19:Infinity":8,"f:18:24:18:25":4,"s:19:4:19:Infinity":9,"b:18:39:18:49":4,"s:22:20:23:Infinity":10,"f:22:20:22:21":5,"s:23:4:23:Infinity":11,"b:22:35:22:45":5,"s:26:24:27:Infinity":12,"f:26:24:26:25":6,"s:27:4:27:Infinity":13,"b:26:39:26:49":6,"s:30:26:31:Infinity":14,"f:30:26:30:27":7,"s:31:4:31:Infinity":15,"b:30:41:30:51":7,"s:34:29:35:Infinity":16,"f:34:29:34:30":8,"s:35:4:35:Infinity":17,"b:34:44:34:54":8,"s:38:27:39:Infinity":18,"f:38:27:38:28":9,"s:39:4:39:Infinity":19,"b:38:42:38:52":9,"s:42:24:43:Infinity":20,"f:42:24:42:25":10,"s:43:4:43:Infinity":21,"b:42:39:42:49":10,"s:46:26:47:Infinity":22,"f:46:26:46:27":11,"s:47:4:47:Infinity":23,"b:46:41:46:51":11,"s:50:27:51:Infinity":24,"f:50:27:50:28":12,"s:51:4:51:Infinity":25,"b:50:42:50:52":12,"s:54:22:55:Infinity":26,"f:54:22:54:23":13,"s:55:4:55:Infinity":27,"b:54:37:54:47":13,"s:58:27:59:Infinity":28,"f:58:27:58:28":14,"s:59:4:59:Infinity":29,"b:58:42:58:52":14,"s:62:23:63:Infinity":30,"f:62:23:62:24":15,"s:63:4:63:Infinity":31,"b:62:38:62:48":15,"s:66:21:67:Infinity":32,"f:66:21:66:22":16,"s:67:4:67:Infinity":33,"b:66:36:66:46":16,"s:70:22:71:Infinity":34,"f:70:22:70:23":17,"s:71:4:71:Infinity":35,"b:70:37:70:47":17,"s:74:22:75:Infinity":36,"f:74:22:74:23":18,"s:75:4:75:Infinity":37,"b:74:37:74:47":18,"s:78:21:79:Infinity":38,"f:78:21:78:22":19,"s:79:4:79:Infinity":39,"b:78:36:78:46":19,"s:82:20:83:Infinity":40,"f:82:20:82:21":20,"s:83:4:83:Infinity":41,"b:82:35:82:45":20,"s:86:17:87:Infinity":42,"f:86:17:86:18":21,"s:87:4:87:Infinity":43,"b:86:32:86:42":21,"s:90:28:91:Infinity":44,"f:90:28:90:29":22,"s:91:4:91:Infinity":45,"b:90:43:90:53":22}}}
,"C:\\Users\\tigralint\\Desktop\\podpiska-main\\components\\layout\\AppHeader.tsx": {"path":"C:\\Users\\tigralint\\Desktop\\podpiska-main\\components\\layout\\AppHeader.tsx","statementMap":{"0":{"start":{"line":8,"column":18},"end":{"line":15,"column":null}},"1":{"start":{"line":17,"column":25},"end":{"line":69,"column":null}},"2":{"start":{"line":18,"column":10},"end":{"line":18,"column":null}},"3":{"start":{"line":19,"column":10},"end":{"line":19,"column":null}},"4":{"start":{"line":20,"column":21},"end":{"line":20,"column":null}},"5":{"start":{"line":21,"column":10},"end":{"line":21,"column":null}},"6":{"start":{"line":21,"column":39},"end":{"line":21,"column":50}},"7":{"start":{"line":23,"column":4},"end":{"line":67,"column":null}},"8":{"start":{"line":27,"column":43},"end":{"line":27,"column":58}},"9":{"start":{"line":49,"column":41},"end":{"line":49,"column":null}},"10":{"start":{"line":50,"column":24},"end":{"line":62,"column":null}},"11":{"start":{"line":54,"column":46},"end":{"line":54,"column":null}}},"fnMap":{"0":{"name":"AppHeader2","decl":{"start":{"line":17,"column":45},"end":{"line":17,"column":57}},"loc":{"start":{"line":17,"column":57},"end":{"line":69,"column":1}},"line":17},"1":{"name":"(anonymous_1)","decl":{"start":{"line":21,"column":30},"end":{"line":21,"column":39}},"loc":{"start":{"line":21,"column":39},"end":{"line":21,"column":50}},"line":21},"2":{"name":"(anonymous_2)","decl":{"start":{"line":27,"column":37},"end":{"line":27,"column":43}},"loc":{"start":{"line":27,"column":43},"end":{"line":27,"column":58}},"line":27},"3":{"name":"(anonymous_3)","decl":{"start":{"line":48,"column":35},"end":{"line":48,"column":43}},"loc":{"start":{"line":48,"column":43},"end":{"line":64,"column":21}},"line":48},"4":{"name":"(anonymous_4)","decl":{"start":{"line":54,"column":46},"end":{"line":54,"column":52}},"loc":{"start":{"line":54,"column":46},"end":{"line":54,"column":null}},"line":54}},"branchMap":{"0":{"loc":{"start":{"line":24,"column":154},"end":{"line":24,"column":204}},"type":"cond-expr","locations":[{"start":{"line":24,"column":165},"end":{"line":24,"column":189}},{"start":{"line":24,"column":189},"end":{"line":24,"column":204}}],"line":24},"1":{"loc":{"start":{"line":38,"column":21},"end":{"line":44,"column":null}},"type":"binary-expr","locations":[{"start":{"line":38,"column":21},"end":{"line":38,"column":null}},{"start":{"line":39,"column":24},"end":{"line":44,"column":null}}],"line":38},"2":{"loc":{"start":{"line":55,"column":156},"end":{"line":55,"column":null}},"type":"cond-expr","locations":[{"start":{"line":55,"column":167},"end":{"line":55,"column":202}},{"start":{"line":55,"column":202},"end":{"line":55,"column":null}}],"line":55},"3":{"loc":{"start":{"line":59,"column":33},"end":{"line":60,"column":null}},"type":"binary-expr","locations":[{"start":{"line":59,"column":33},"end":{"line":59,"column":null}},{"start":{"line":60,"column":36},"end":{"line":60,"column":null}}],"line":59}},"s":{"0":1,"1":1,"2":4,"3":4,"4":4,"5":4,"6":0,"7":4,"8":0,"9":24,"10":24,"11":0},"f":{"0":4,"1":0,"2":0,"3":24,"4":0},"b":{"0":[1,3],"1":[4,1],"2":[0,24],"3":[24,0]},"meta":{"lastBranch":4,"lastFunction":5,"lastStatement":12,"seen":{"s:8:18:15:Infinity":0,"s:17:25:69:Infinity":1,"f:17:45:17:57":0,"s:18:10:18:Infinity":2,"s:19:10:19:Infinity":3,"s:20:21:20:Infinity":4,"s:21:10:21:Infinity":5,"f:21:30:21:39":1,"s:21:39:21:50":6,"s:23:4:67:Infinity":7,"b:24:165:24:189:24:189:24:204":0,"f:27:37:27:43":2,"s:27:43:27:58":8,"b:38:21:38:Infinity:39:24:44:Infinity":1,"f:48:35:48:43":3,"s:49:41:49:Infinity":9,"s:50:24:62:Infinity":10,"f:54:46:54:52":4,"s:54:46:54:Infinity":11,"b:55:167:55:202:55:202:55:Infinity":2,"b:59:33:59:Infinity:60:36:60:Infinity":3}}}
,"C:\\Users\\tigralint\\Desktop\\podpiska-main\\components\\ui\\ClaimResultPanel.tsx": {"path":"C:\\Users\\tigralint\\Desktop\\podpiska-main\\components\\ui\\ClaimResultPanel.tsx","statementMap":{"0":{"start":{"line":16,"column":29},"end":{"line":33,"column":null}},"1":{"start":{"line":48,"column":32},"end":{"line":122,"column":null}},"2":{"start":{"line":58,"column":24},"end":{"line":58,"column":null}},"3":{"start":{"line":60,"column":4},"end":{"line":68,"column":null}},"4":{"start":{"line":61,"column":8},"end":{"line":66,"column":null}},"5":{"start":{"line":70,"column":4},"end":{"line":80,"column":null}},"6":{"start":{"line":71,"column":8},"end":{"line":78,"column":null}},"7":{"start":{"line":84,"column":4},"end":{"line":120,"column":null}}},"fnMap":{"0":{"name":"ClaimResultPanel2","decl":{"start":{"line":48,"column":52},"end":{"line":48,"column":69}},"loc":{"start":{"line":57,"column":26},"end":{"line":122,"column":1}},"line":57}},"branchMap":{"0":{"loc":{"start":{"line":60,"column":4},"end":{"line":68,"column":null}},"type":"if","locations":[{"start":{"line":60,"column":4},"end":{"line":68,"column":null}},{"start":{},"end":{}}],"line":60},"1":{"loc":{"start":{"line":70,"column":4},"end":{"line":80,"column":null}},"type":"if","locations":[{"start":{"line":70,"column":4},"end":{"line":80,"column":null}},{"start":{},"end":{}}],"line":70}},"s":{"0":3,"1":3,"2":2,"3":2,"4":1,"5":1,"6":1,"7":0},"f":{"0":2},"b":{"0":[1,1],"1":[1,0]},"meta":{"lastBranch":2,"lastFunction":1,"lastStatement":8,"seen":{"s:16:29:33:Infinity":0,"s:48:32:122:Infinity":1,"f:48:52:48:69":0,"s:58:24:58:Infinity":2,"b:60:4:68:Infinity:undefined:undefined:undefined:undefined":0,"s:60:4:68:Infinity":3,"s:61:8:66:Infinity":4,"b:70:4:80:Infinity:undefined:undefined:undefined:undefined":1,"s:70:4:80:Infinity":5,"s:71:8:78:Infinity":6,"s:84:4:120:Infinity":7}}}
,"C:\\Users\\tigralint\\Desktop\\podpiska-main\\components\\ui\\GeneratingState.tsx": {"path":"C:\\Users\\tigralint\\Desktop\\podpiska-main\\components\\ui\\GeneratingState.tsx","statementMap":{"0":{"start":{"line":13,"column":31},"end":{"line":45,"column":null}},"1":{"start":{"line":18,"column":24},"end":{"line":18,"column":null}},"2":{"start":{"line":20,"column":4},"end":{"line":43,"column":null}}},"fnMap":{"0":{"name":"GeneratingState2","decl":{"start":{"line":13,"column":51},"end":{"line":13,"column":67}},"loc":{"start":{"line":17,"column":25},"end":{"line":45,"column":1}},"line":17}},"branchMap":{},"s":{"0":3,"1":3,"2":3},"f":{"0":3},"b":{},"meta":{"lastBranch":0,"lastFunction":1,"lastStatement":3,"seen":{"s:13:31:45:Infinity":0,"f:13:51:13:67":0,"s:18:24:18:Infinity":1,"s:20:4:43:Infinity":2}}}
,"C:\\Users\\tigralint\\Desktop\\podpiska-main\\components\\ui\\GlassCard.tsx": {"path":"C:\\Users\\tigralint\\Desktop\\podpiska-main\\components\\ui\\GlassCard.tsx","statementMap":{"0":{"start":{"line":11,"column":25},"end":{"line":27,"column":null}},"1":{"start":{"line":13,"column":8},"end":{"line":24,"column":null}},"2":{"start":{"line":28,"column":0},"end":{"line":28,"column":null}}},"fnMap":{"0":{"name":"(anonymous_0)","decl":{"start":{"line":12,"column":4},"end":{"line":12,"column":5}},"loc":{"start":{"line":12,"column":62},"end":{"line":26,"column":null}},"line":12}},"branchMap":{"0":{"loc":{"start":{"line":12,"column":28},"end":{"line":12,"column":45}},"type":"default-arg","locations":[{"start":{"line":12,"column":38},"end":{"line":12,"column":45}}],"line":12},"1":{"loc":{"start":{"line":18,"column":20},"end":{"line":18,"column":null}},"type":"binary-expr","locations":[{"start":{"line":18,"column":20},"end":{"line":18,"column":31}},{"start":{"line":18,"column":31},"end":{"line":18,"column":null}}],"line":18}},"s":{"0":3,"1":3,"2":3},"f":{"0":3},"b":{"0":[3],"1":[3,0]},"meta":{"lastBranch":2,"lastFunction":1,"lastStatement":3,"seen":{"s:11:25:27:Infinity":0,"f:12:4:12:5":0,"b:12:38:12:45":0,"s:13:8:24:Infinity":1,"b:18:20:18:31:18:31:18:Infinity":1,"s:28:0:28:Infinity":2}}}
,"C:\\Users\\tigralint\\Desktop\\podpiska-main\\components\\ui\\ResultSuccessCard.tsx": {"path":"C:\\Users\\tigralint\\Desktop\\podpiska-main\\components\\ui\\ResultSuccessCard.tsx","statementMap":{"0":{"start":{"line":14,"column":33},"end":{"line":55,"column":null}},"1":{"start":{"line":21,"column":24},"end":{"line":21,"column":null}},"2":{"start":{"line":23,"column":4},"end":{"line":53,"column":null}}},"fnMap":{"0":{"name":"ResultSuccessCard2","decl":{"start":{"line":14,"column":53},"end":{"line":14,"column":71}},"loc":{"start":{"line":20,"column":27},"end":{"line":55,"column":1}},"line":20}},"branchMap":{"0":{"loc":{"start":{"line":39,"column":251},"end":{"line":39,"column":389}},"type":"cond-expr","locations":[{"start":{"line":39,"column":260},"end":{"line":39,"column":329}},{"start":{"line":39,"column":329},"end":{"line":39,"column":389}}],"line":39},"1":{"loc":{"start":{"line":41,"column":25},"end":{"line":41,"column":null}},"type":"cond-expr","locations":[{"start":{"line":41,"column":34},"end":{"line":41,"column":87}},{"start":{"line":41,"column":87},"end":{"line":41,"column":null}}],"line":41},"2":{"loc":{"start":{"line":42,"column":25},"end":{"line":42,"column":null}},"type":"cond-expr","locations":[{"start":{"line":42,"column":34},"end":{"line":42,"column":51}},{"start":{"line":42,"column":51},"end":{"line":42,"column":null}}],"line":42}},"s":{"0":3,"1":5,"2":5},"f":{"0":5},"b":{"0":[1,4],"1":[1,4],"2":[1,4]},"meta":{"lastBranch":3,"lastFunction":1,"lastStatement":3,"seen":{"s:14:33:55:Infinity":0,"f:14:53:14:71":0,"s:21:24:21:Infinity":1,"s:23:4:53:Infinity":2,"b:39:260:39:329:39:329:39:389":0,"b:41:34:41:87:41:87:41:Infinity":1,"b:42:34:42:51:42:51:42:Infinity":2}}}
,"C:\\Users\\tigralint\\Desktop\\podpiska-main\\constants\\simulator.ts": {"path":"C:\\Users\\tigralint\\Desktop\\podpiska-main\\constants\\simulator.ts","statementMap":{"0":{"start":{"line":4,"column":32},"end":{"line":19,"column":null}}},"fnMap":{},"branchMap":{},"s":{"0":1},"f":{},"b":{},"meta":{"lastBranch":0,"lastFunction":0,"lastStatement":1,"seen":{"s:4:32:19:Infinity":0}}}
,"C:\\Users\\tigralint\\Desktop\\podpiska-main\\data\\simulator-levels.tsx": {"path":"C:\\Users\\tigralint\\Desktop\\podpiska-main\\data\\simulator-levels.tsx","statementMap":{"0":{"start":{"line":13,"column":31},"end":{"line":394,"column":null}},"1":{"start":{"line":20,"column":12},"end":{"line":40,"column":null}},"2":{"start":{"line":49,"column":12},"end":{"line":75,"column":null}},"3":{"start":{"line":56,"column":64},"end":{"line":56,"column":120}},"4":{"start":{"line":65,"column":64},"end":{"line":65,"column":120}},"5":{"start":{"line":84,"column":12},"end":{"line":99,"column":null}},"6":{"start":{"line":108,"column":12},"end":{"line":138,"column":null}},"7":{"start":{"line":120,"column":76},"end":{"line":120,"column":170}},"8":{"start":{"line":120,"column":118},"end":{"line":120,"column":138}},"9":{"start":{"line":120,"column":138},"end":{"line":120,"column":159}},"10":{"start":{"line":120,"column":159},"end":{"line":120,"column":168}},"11":{"start":{"line":120,"column":336},"end":{"line":120,"column":357}},"12":{"start":{"line":120,"column":357},"end":{"line":120,"column":366}},"13":{"start":{"line":147,"column":12},"end":{"line":169,"column":null}},"14":{"start":{"line":178,"column":12},"end":{"line":204,"column":null}},"15":{"start":{"line":213,"column":12},"end":{"line":228,"column":null}},"16":{"start":{"line":237,"column":12},"end":{"line":258,"column":null}},"17":{"start":{"line":244,"column":72},"end":{"line":244,"column":146}},"18":{"start":{"line":244,"column":114},"end":{"line":244,"column":134}},"19":{"start":{"line":244,"column":134},"end":{"line":244,"column":144}},"20":{"start":{"line":267,"column":12},"end":{"line":289,"column":null}},"21":{"start":{"line":271,"column":93},"end":{"line":271,"column":167}},"22":{"start":{"line":271,"column":135},"end":{"line":271,"column":155}},"23":{"start":{"line":271,"column":155},"end":{"line":271,"column":165}},"24":{"start":{"line":298,"column":12},"end":{"line":319,"column":null}},"25":{"start":{"line":338,"column":12},"end":{"line":390,"column":null}}},"fnMap":{"0":{"name":"(anonymous_0)","decl":{"start":{"line":19,"column":22},"end":{"line":19,"column":23}},"loc":{"start":{"line":20,"column":12},"end":{"line":40,"column":null}},"line":20},"1":{"name":"(anonymous_1)","decl":{"start":{"line":48,"column":22},"end":{"line":48,"column":23}},"loc":{"start":{"line":49,"column":12},"end":{"line":75,"column":null}},"line":49},"2":{"name":"(anonymous_2)","decl":{"start":{"line":56,"column":63},"end":{"line":56,"column":64}},"loc":{"start":{"line":56,"column":64},"end":{"line":56,"column":120}},"line":56},"3":{"name":"(anonymous_3)","decl":{"start":{"line":65,"column":63},"end":{"line":65,"column":64}},"loc":{"start":{"line":65,"column":64},"end":{"line":65,"column":120}},"line":65},"4":{"name":"(anonymous_4)","decl":{"start":{"line":83,"column":22},"end":{"line":83,"column":23}},"loc":{"start":{"line":84,"column":12},"end":{"line":99,"column":null}},"line":84},"5":{"name":"(anonymous_5)","decl":{"start":{"line":107,"column":22},"end":{"line":107,"column":23}},"loc":{"start":{"line":108,"column":12},"end":{"line":138,"column":null}},"line":108},"6":{"name":"(anonymous_6)","decl":{"start":{"line":120,"column":67},"end":{"line":120,"column":68}},"loc":{"start":{"line":120,"column":74},"end":{"line":120,"column":173}},"line":120},"7":{"name":"(anonymous_7)","decl":{"start":{"line":120,"column":327},"end":{"line":120,"column":328}},"loc":{"start":{"line":120,"column":334},"end":{"line":120,"column":null}},"line":120},"8":{"name":"(anonymous_8)","decl":{"start":{"line":146,"column":22},"end":{"line":146,"column":23}},"loc":{"start":{"line":147,"column":12},"end":{"line":169,"column":null}},"line":147},"9":{"name":"(anonymous_9)","decl":{"start":{"line":177,"column":22},"end":{"line":177,"column":23}},"loc":{"start":{"line":178,"column":12},"end":{"line":204,"column":null}},"line":178},"10":{"name":"(anonymous_10)","decl":{"start":{"line":212,"column":22},"end":{"line":212,"column":23}},"loc":{"start":{"line":213,"column":12},"end":{"line":228,"column":null}},"line":213},"11":{"name":"(anonymous_11)","decl":{"start":{"line":236,"column":22},"end":{"line":236,"column":23}},"loc":{"start":{"line":237,"column":12},"end":{"line":258,"column":null}},"line":237},"12":{"name":"(anonymous_12)","decl":{"start":{"line":244,"column":63},"end":{"line":244,"column":64}},"loc":{"start":{"line":244,"column":70},"end":{"line":244,"column":149}},"line":244},"13":{"name":"(anonymous_13)","decl":{"start":{"line":266,"column":22},"end":{"line":266,"column":23}},"loc":{"start":{"line":267,"column":12},"end":{"line":289,"column":null}},"line":267},"14":{"name":"(anonymous_14)","decl":{"start":{"line":271,"column":84},"end":{"line":271,"column":85}},"loc":{"start":{"line":271,"column":91},"end":{"line":271,"column":170}},"line":271},"15":{"name":"(anonymous_15)","decl":{"start":{"line":297,"column":22},"end":{"line":297,"column":23}},"loc":{"start":{"line":298,"column":12},"end":{"line":319,"column":null}},"line":298},"16":{"name":"(anonymous_16)","decl":{"start":{"line":337,"column":22},"end":{"line":337,"column":23}},"loc":{"start":{"line":337,"column":58},"end":{"line":392,"column":null}},"line":337}},"branchMap":{"0":{"loc":{"start":{"line":56,"column":64},"end":{"line":56,"column":120}},"type":"binary-expr","locations":[{"start":{"line":56,"column":71},"end":{"line":56,"column":92}},{"start":{"line":56,"column":92},"end":{"line":56,"column":110}},{"start":{"line":56,"column":110},"end":{"line":56,"column":120}}],"line":56},"1":{"loc":{"start":{"line":65,"column":64},"end":{"line":65,"column":120}},"type":"binary-expr","locations":[{"start":{"line":65,"column":71},"end":{"line":65,"column":92}},{"start":{"line":65,"column":92},"end":{"line":65,"column":110}},{"start":{"line":65,"column":110},"end":{"line":65,"column":120}}],"line":65},"2":{"loc":{"start":{"line":120,"column":76},"end":{"line":120,"column":170}},"type":"if","locations":[{"start":{"line":120,"column":76},"end":{"line":120,"column":170}},{"start":{},"end":{}}],"line":120},"3":{"loc":{"start":{"line":120,"column":80},"end":{"line":120,"column":116}},"type":"binary-expr","locations":[{"start":{"line":120,"column":80},"end":{"line":120,"column":101}},{"start":{"line":120,"column":101},"end":{"line":120,"column":116}}],"line":120},"4":{"loc":{"start":{"line":244,"column":72},"end":{"line":244,"column":146}},"type":"if","locations":[{"start":{"line":244,"column":72},"end":{"line":244,"column":146}},{"start":{},"end":{}}],"line":244},"5":{"loc":{"start":{"line":244,"column":76},"end":{"line":244,"column":112}},"type":"binary-expr","locations":[{"start":{"line":244,"column":76},"end":{"line":244,"column":97}},{"start":{"line":244,"column":97},"end":{"line":244,"column":112}}],"line":244},"6":{"loc":{"start":{"line":271,"column":93},"end":{"line":271,"column":167}},"type":"if","locations":[{"start":{"line":271,"column":93},"end":{"line":271,"column":167}},{"start":{},"end":{}}],"line":271},"7":{"loc":{"start":{"line":271,"column":97},"end":{"line":271,"column":133}},"type":"binary-expr","locations":[{"start":{"line":271,"column":97},"end":{"line":271,"column":118}},{"start":{"line":271,"column":118},"end":{"line":271,"column":133}}],"line":271},"8":{"loc":{"start":{"line":337,"column":38},"end":{"line":337,"column":58}},"type":"default-arg","locations":[{"start":{"line":337,"column":52},"end":{"line":337,"column":58}}],"line":337},"9":{"loc":{"start":{"line":341,"column":21},"end":{"line":350,"column":null}},"type":"binary-expr","locations":[{"start":{"line":341,"column":21},"end":{"line":341,"column":null}},{"start":{"line":342,"column":24},"end":{"line":350,"column":null}}],"line":341},"10":{"loc":{"start":{"line":354,"column":21},"end":{"line":366,"column":null}},"type":"binary-expr","locations":[{"start":{"line":354,"column":21},"end":{"line":354,"column":null}},{"start":{"line":355,"column":24},"end":{"line":366,"column":null}}],"line":354},"11":{"loc":{"start":{"line":370,"column":21},"end":{"line":388,"column":null}},"type":"binary-expr","locations":[{"start":{"line":370,"column":21},"end":{"line":370,"column":null}},{"start":{"line":371,"column":24},"end":{"line":388,"column":null}}],"line":370}},"s":{"0":1,"1":0,"2":0,"3":0,"4":0,"5":0,"6":0,"7":0,"8":0,"9":0,"10":0,"11":0,"12":0,"13":0,"14":0,"15":0,"16":0,"17":0,"18":0,"19":0,"20":0,"21":0,"22":0,"23":0,"24":0,"25":0},"f":{"0":0,"1":0,"2":0,"3":0,"4":0,"5":0,"6":0,"7":0,"8":0,"9":0,"10":0,"11":0,"12":0,"13":0,"14":0,"15":0,"16":0},"b":{"0":[0,0,0],"1":[0,0,0],"2":[0,0],"3":[0,0],"4":[0,0],"5":[0,0],"6":[0,0],"7":[0,0],"8":[0],"9":[0,0],"10":[0,0],"11":[0,0]},"meta":{"lastBranch":12,"lastFunction":17,"lastStatement":26,"seen":{"s:13:31:394:Infinity":0,"f:19:22:19:23":0,"s:20:12:40:Infinity":1,"f:48:22:48:23":1,"s:49:12:75:Infinity":2,"f:56:63:56:64":2,"s:56:64:56:120":3,"b:56:71:56:92:56:92:56:110:56:110:56:120":0,"f:65:63:65:64":3,"s:65:64:65:120":4,"b:65:71:65:92:65:92:65:110:65:110:65:120":1,"f:83:22:83:23":4,"s:84:12:99:Infinity":5,"f:107:22:107:23":5,"s:108:12:138:Infinity":6,"f:120:67:120:68":6,"b:120:76:120:170:undefined:undefined:undefined:undefined":2,"s:120:76:120:170":7,"b:120:80:120:101:120:101:120:116":3,"s:120:118:120:138":8,"s:120:138:120:159":9,"s:120:159:120:168":10,"f:120:327:120:328":7,"s:120:336:120:357":11,"s:120:357:120:366":12,"f:146:22:146:23":8,"s:147:12:169:Infinity":13,"f:177:22:177:23":9,"s:178:12:204:Infinity":14,"f:212:22:212:23":10,"s:213:12:228:Infinity":15,"f:236:22:236:23":11,"s:237:12:258:Infinity":16,"f:244:63:244:64":12,"b:244:72:244:146:undefined:undefined:undefined:undefined":4,"s:244:72:244:146":17,"b:244:76:244:97:244:97:244:112":5,"s:244:114:244:134":18,"s:244:134:244:144":19,"f:266:22:266:23":13,"s:267:12:289:Infinity":20,"f:271:84:271:85":14,"b:271:93:271:167:undefined:undefined:undefined:undefined":6,"s:271:93:271:167":21,"b:271:97:271:118:271:118:271:133":7,"s:271:135:271:155":22,"s:271:155:271:165":23,"f:297:22:297:23":15,"s:298:12:319:Infinity":24,"f:337:22:337:23":16,"b:337:52:337:58":8,"s:338:12:390:Infinity":25,"b:341:21:341:Infinity:342:24:350:Infinity":9,"b:354:21:354:Infinity:355:24:366:Infinity":10,"b:370:21:370:Infinity:371:24:388:Infinity":11}}}
,"C:\\Users\\tigralint\\Desktop\\podpiska-main\\hooks\\useClaimFlow.ts": {"path":"C:\\Users\\tigralint\\Desktop\\podpiska-main\\hooks\\useClaimFlow.ts","statementMap":{"0":{"start":{"line":9,"column":23},"end":{"line":14,"column":null}},"1":{"start":{"line":17,"column":20},"end":{"line":17,"column":null}},"2":{"start":{"line":18,"column":29},"end":{"line":18,"column":null}},"3":{"start":{"line":25,"column":4},"end":{"line":41,"column":null}},"4":{"start":{"line":35,"column":51},"end":{"line":35,"column":null}},"5":{"start":{"line":36,"column":12},"end":{"line":36,"column":null}},"6":{"start":{"line":36,"column":39},"end":{"line":36,"column":null}},"7":{"start":{"line":37,"column":12},"end":{"line":38,"column":null}},"8":{"start":{"line":37,"column":27},"end":{"line":37,"column":null}},"9":{"start":{"line":37,"column":43},"end":{"line":38,"column":null}},"10":{"start":{"line":38,"column":44},"end":{"line":38,"column":null}},"11":{"start":{"line":39,"column":12},"end":{"line":39,"column":null}},"12":{"start":{"line":43,"column":40},"end":{"line":43,"column":null}},"13":{"start":{"line":44,"column":10},"end":{"line":44,"column":null}},"14":{"start":{"line":46,"column":25},"end":{"line":48,"column":null}},"15":{"start":{"line":47,"column":8},"end":{"line":47,"column":null}},"16":{"start":{"line":47,"column":29},"end":{"line":47,"column":58}},"17":{"start":{"line":50,"column":10},"end":{"line":61,"column":null}},"18":{"start":{"line":51,"column":25},"end":{"line":51,"column":null}},"19":{"start":{"line":52,"column":8},"end":{"line":60,"column":null}},"20":{"start":{"line":63,"column":4},"end":{"line":71,"column":null}}},"fnMap":{"0":{"name":"useClaimFlow","decl":{"start":{"line":16,"column":16},"end":{"line":16,"column":31}},"loc":{"start":{"line":16,"column":31},"end":{"line":72,"column":null}},"line":16},"1":{"name":"(anonymous_1)","decl":{"start":{"line":34,"column":8},"end":{"line":34,"column":9}},"loc":{"start":{"line":34,"column":15},"end":{"line":40,"column":null}},"line":34},"2":{"name":"(anonymous_2)","decl":{"start":{"line":46,"column":25},"end":{"line":46,"column":31}},"loc":{"start":{"line":46,"column":31},"end":{"line":48,"column":null}},"line":46},"3":{"name":"(anonymous_3)","decl":{"start":{"line":47,"column":23},"end":{"line":47,"column":29}},"loc":{"start":{"line":47,"column":29},"end":{"line":47,"column":58}},"line":47},"4":{"name":"(anonymous_4)","decl":{"start":{"line":50,"column":43},"end":{"line":50,"column":49}},"loc":{"start":{"line":50,"column":49},"end":{"line":61,"column":7}},"line":50}},"branchMap":{"0":{"loc":{"start":{"line":18,"column":29},"end":{"line":18,"column":null}},"type":"cond-expr","locations":[{"start":{"line":18,"column":39},"end":{"line":18,"column":69}},{"start":{"line":18,"column":69},"end":{"line":18,"column":null}}],"line":18},"1":{"loc":{"start":{"line":36,"column":12},"end":{"line":36,"column":null}},"type":"if","locations":[{"start":{"line":36,"column":12},"end":{"line":36,"column":null}},{"start":{},"end":{}}],"line":36},"2":{"loc":{"start":{"line":37,"column":12},"end":{"line":38,"column":null}},"type":"if","locations":[{"start":{"line":37,"column":12},"end":{"line":38,"column":null}},{"start":{"line":37,"column":43},"end":{"line":38,"column":null}}],"line":37},"3":{"loc":{"start":{"line":37,"column":43},"end":{"line":38,"column":null}},"type":"if","locations":[{"start":{"line":37,"column":43},"end":{"line":38,"column":null}},{"start":{},"end":{}}],"line":37}},"s":{"0":1,"1":12,"2":12,"3":12,"4":3,"5":3,"6":1,"7":3,"8":1,"9":2,"10":1,"11":3,"12":12,"13":12,"14":12,"15":3,"16":1,"17":12,"18":1,"19":1,"20":12},"f":{"0":12,"1":3,"2":3,"3":1,"4":1},"b":{"0":[1,11],"1":[1,2],"2":[1,2],"3":[1,1]},"meta":{"lastBranch":4,"lastFunction":5,"lastStatement":21,"seen":{"s:9:23:14:Infinity":0,"f:16:16:16:31":0,"s:17:20:17:Infinity":1,"s:18:29:18:Infinity":2,"b:18:39:18:69:18:69:18:Infinity":0,"s:25:4:41:Infinity":3,"f:34:8:34:9":1,"s:35:51:35:Infinity":4,"b:36:12:36:Infinity:undefined:undefined:undefined:undefined":1,"s:36:12:36:Infinity":5,"s:36:39:36:Infinity":6,"b:37:12:38:Infinity:37:43:38:Infinity":2,"s:37:12:38:Infinity":7,"s:37:27:37:Infinity":8,"b:37:43:38:Infinity:undefined:undefined:undefined:undefined":3,"s:37:43:38:Infinity":9,"s:38:44:38:Infinity":10,"s:39:12:39:Infinity":11,"s:43:40:43:Infinity":12,"s:44:10:44:Infinity":13,"s:46:25:48:Infinity":14,"f:46:25:46:31":2,"s:47:8:47:Infinity":15,"f:47:23:47:29":3,"s:47:29:47:58":16,"s:50:10:61:Infinity":17,"f:50:43:50:49":4,"s:51:25:51:Infinity":18,"s:52:8:60:Infinity":19,"s:63:4:71:Infinity":20}}}
,"C:\\Users\\tigralint\\Desktop\\podpiska-main\\hooks\\useClaimForm.ts": {"path":"C:\\Users\\tigralint\\Desktop\\podpiska-main\\hooks\\useClaimForm.ts","statementMap":{"0":{"start":{"line":9,"column":24},"end":{"line":9,"column":null}},"1":{"start":{"line":10,"column":40},"end":{"line":10,"column":null}},"2":{"start":{"line":11,"column":28},"end":{"line":11,"column":null}},"3":{"start":{"line":12,"column":28},"end":{"line":12,"column":null}},"4":{"start":{"line":13,"column":38},"end":{"line":13,"column":null}},"5":{"start":{"line":14,"column":32},"end":{"line":14,"column":null}},"6":{"start":{"line":16,"column":27},"end":{"line":56,"column":null}},"7":{"start":{"line":17,"column":8},"end":{"line":17,"column":null}},"8":{"start":{"line":18,"column":23},"end":{"line":18,"column":null}},"9":{"start":{"line":19,"column":8},"end":{"line":19,"column":null}},"10":{"start":{"line":21,"column":8},"end":{"line":23,"column":null}},"11":{"start":{"line":22,"column":12},"end":{"line":22,"column":null}},"12":{"start":{"line":25,"column":8},"end":{"line":25,"column":null}},"13":{"start":{"line":26,"column":8},"end":{"line":26,"column":null}},"14":{"start":{"line":28,"column":8},"end":{"line":31,"column":null}},"15":{"start":{"line":30,"column":12},"end":{"line":30,"column":null}},"16":{"start":{"line":33,"column":8},"end":{"line":55,"column":null}},"17":{"start":{"line":34,"column":25},"end":{"line":34,"column":null}},"18":{"start":{"line":35,"column":12},"end":{"line":35,"column":null}},"19":{"start":{"line":37,"column":28},"end":{"line":37,"column":null}},"20":{"start":{"line":38,"column":12},"end":{"line":38,"column":null}},"21":{"start":{"line":40,"column":12},"end":{"line":42,"column":null}},"22":{"start":{"line":41,"column":16},"end":{"line":41,"column":null}},"23":{"start":{"line":44,"column":12},"end":{"line":44,"column":null}},"24":{"start":{"line":47,"column":12},"end":{"line":49,"column":null}},"25":{"start":{"line":48,"column":16},"end":{"line":48,"column":null}},"26":{"start":{"line":48,"column":33},"end":{"line":48,"column":72}},"27":{"start":{"line":52,"column":12},"end":{"line":54,"column":null}},"28":{"start":{"line":53,"column":16},"end":{"line":53,"column":null}},"29":{"start":{"line":58,"column":28},"end":{"line":62,"column":null}},"30":{"start":{"line":59,"column":8},"end":{"line":61,"column":null}},"31":{"start":{"line":60,"column":12},"end":{"line":60,"column":null}},"32":{"start":{"line":60,"column":36},"end":{"line":60,"column":71}},"33":{"start":{"line":64,"column":10},"end":{"line":70,"column":null}},"34":{"start":{"line":65,"column":24},"end":{"line":65,"column":null}},"35":{"start":{"line":66,"column":8},"end":{"line":69,"column":null}},"36":{"start":{"line":67,"column":12},"end":{"line":67,"column":null}},"37":{"start":{"line":68,"column":12},"end":{"line":68,"column":null}},"38":{"start":{"line":68,"column":29},"end":{"line":68,"column":47}},"39":{"start":{"line":72,"column":4},"end":{"line":83,"column":null}}},"fnMap":{"0":{"name":"useClaimForm","decl":{"start":{"line":4,"column":16},"end":{"line":4,"column":null}},"loc":{"start":{"line":8,"column":2},"end":{"line":84,"column":null}},"line":8},"1":{"name":"(anonymous_1)","decl":{"start":{"line":16,"column":27},"end":{"line":16,"column":34}},"loc":{"start":{"line":16,"column":79},"end":{"line":56,"column":null}},"line":16},"2":{"name":"(anonymous_2)","decl":{"start":{"line":48,"column":24},"end":{"line":48,"column":33}},"loc":{"start":{"line":48,"column":33},"end":{"line":48,"column":72}},"line":48},"3":{"name":"(anonymous_3)","decl":{"start":{"line":58,"column":28},"end":{"line":58,"column":29}},"loc":{"start":{"line":58,"column":57},"end":{"line":62,"column":null}},"line":58},"4":{"name":"(anonymous_4)","decl":{"start":{"line":60,"column":27},"end":{"line":60,"column":36}},"loc":{"start":{"line":60,"column":36},"end":{"line":60,"column":71}},"line":60},"5":{"name":"(anonymous_5)","decl":{"start":{"line":64,"column":35},"end":{"line":64,"column":47}},"loc":{"start":{"line":64,"column":47},"end":{"line":70,"column":7}},"line":64},"6":{"name":"(anonymous_6)","decl":{"start":{"line":68,"column":23},"end":{"line":68,"column":29}},"loc":{"start":{"line":68,"column":29},"end":{"line":68,"column":47}},"line":68}},"branchMap":{"0":{"loc":{"start":{"line":21,"column":8},"end":{"line":23,"column":null}},"type":"if","locations":[{"start":{"line":21,"column":8},"end":{"line":23,"column":null}},{"start":{},"end":{}}],"line":21},"1":{"loc":{"start":{"line":28,"column":8},"end":{"line":31,"column":null}},"type":"if","locations":[{"start":{"line":28,"column":8},"end":{"line":31,"column":null}},{"start":{},"end":{}}],"line":28},"2":{"loc":{"start":{"line":37,"column":28},"end":{"line":37,"column":null}},"type":"cond-expr","locations":[{"start":{"line":37,"column":49},"end":{"line":37,"column":61}},{"start":{"line":37,"column":61},"end":{"line":37,"column":null}}],"line":37},"3":{"loc":{"start":{"line":40,"column":12},"end":{"line":42,"column":null}},"type":"if","locations":[{"start":{"line":40,"column":12},"end":{"line":42,"column":null}},{"start":{},"end":{}}],"line":40},"4":{"loc":{"start":{"line":47,"column":12},"end":{"line":49,"column":null}},"type":"if","locations":[{"start":{"line":47,"column":12},"end":{"line":49,"column":null}},{"start":{},"end":{}}],"line":47},"5":{"loc":{"start":{"line":52,"column":12},"end":{"line":54,"column":null}},"type":"if","locations":[{"start":{"line":52,"column":12},"end":{"line":54,"column":null}},{"start":{},"end":{}}],"line":52},"6":{"loc":{"start":{"line":59,"column":8},"end":{"line":61,"column":null}},"type":"if","locations":[{"start":{"line":59,"column":8},"end":{"line":61,"column":null}},{"start":{},"end":{}}],"line":59},"7":{"loc":{"start":{"line":66,"column":8},"end":{"line":69,"column":null}},"type":"if","locations":[{"start":{"line":66,"column":8},"end":{"line":69,"column":null}},{"start":{},"end":{}}],"line":66}},"s":{"0":47,"1":47,"2":47,"3":47,"4":47,"5":47,"6":47,"7":13,"8":13,"9":13,"10":13,"11":5,"12":8,"13":8,"14":8,"15":1,"16":8,"17":8,"18":7,"19":1,"20":1,"21":1,"22":0,"23":8,"24":8,"25":1,"26":1,"27":8,"28":3,"29":47,"30":1,"31":1,"32":1,"33":47,"34":1,"35":1,"36":1,"37":1,"38":0,"39":47},"f":{"0":47,"1":13,"2":1,"3":1,"4":1,"5":1,"6":0},"b":{"0":[5,8],"1":[1,7],"2":[1,0],"3":[0,1],"4":[1,7],"5":[3,5],"6":[1,0],"7":[1,0]},"meta":{"lastBranch":8,"lastFunction":7,"lastStatement":40,"seen":{"f:4:16:4:Infinity":0,"s:9:24:9:Infinity":0,"s:10:40:10:Infinity":1,"s:11:28:11:Infinity":2,"s:12:28:12:Infinity":3,"s:13:38:13:Infinity":4,"s:14:32:14:Infinity":5,"s:16:27:56:Infinity":6,"f:16:27:16:34":1,"s:17:8:17:Infinity":7,"s:18:23:18:Infinity":8,"s:19:8:19:Infinity":9,"b:21:8:23:Infinity:undefined:undefined:undefined:undefined":0,"s:21:8:23:Infinity":10,"s:22:12:22:Infinity":11,"s:25:8:25:Infinity":12,"s:26:8:26:Infinity":13,"b:28:8:31:Infinity:undefined:undefined:undefined:undefined":1,"s:28:8:31:Infinity":14,"s:30:12:30:Infinity":15,"s:33:8:55:Infinity":16,"s:34:25:34:Infinity":17,"s:35:12:35:Infinity":18,"s:37:28:37:Infinity":19,"b:37:49:37:61:37:61:37:Infinity":2,"s:38:12:38:Infinity":20,"b:40:12:42:Infinity:undefined:undefined:undefined:undefined":3,"s:40:12:42:Infinity":21,"s:41:16:41:Infinity":22,"s:44:12:44:Infinity":23,"b:47:12:49:Infinity:undefined:undefined:undefined:undefined":4,"s:47:12:49:Infinity":24,"s:48:16:48:Infinity":25,"f:48:24:48:33":2,"s:48:33:48:72":26,"b:52:12:54:Infinity:undefined:undefined:undefined:undefined":5,"s:52:12:54:Infinity":27,"s:53:16:53:Infinity":28,"s:58:28:62:Infinity":29,"f:58:28:58:29":3,"b:59:8:61:Infinity:undefined:undefined:undefined:undefined":6,"s:59:8:61:Infinity":30,"s:60:12:60:Infinity":31,"f:60:27:60:36":4,"s:60:36:60:71":32,"s:64:10:70:Infinity":33,"f:64:35:64:47":5,"s:65:24:65:Infinity":34,"b:66:8:69:Infinity:undefined:undefined:undefined:undefined":7,"s:66:8:69:Infinity":35,"s:67:12:67:Infinity":36,"s:68:12:68:Infinity":37,"f:68:23:68:29":6,"s:68:29:68:47":38,"s:72:4:83:Infinity":39}}}
,"C:\\Users\\tigralint\\Desktop\\podpiska-main\\hooks\\useCourseFlow.ts": {"path":"C:\\Users\\tigralint\\Desktop\\podpiska-main\\hooks\\useCourseFlow.ts","statementMap":{"0":{"start":{"line":10,"column":20},"end":{"line":10,"column":null}},"1":{"start":{"line":11,"column":29},"end":{"line":11,"column":null}},"2":{"start":{"line":18,"column":4},"end":{"line":35,"column":null}},"3":{"start":{"line":28,"column":27},"end":{"line":28,"column":null}},"4":{"start":{"line":30,"column":51},"end":{"line":30,"column":null}},"5":{"start":{"line":31,"column":12},"end":{"line":31,"column":null}},"6":{"start":{"line":31,"column":38},"end":{"line":31,"column":null}},"7":{"start":{"line":32,"column":12},"end":{"line":32,"column":null}},"8":{"start":{"line":32,"column":72},"end":{"line":32,"column":null}},"9":{"start":{"line":33,"column":12},"end":{"line":33,"column":null}},"10":{"start":{"line":37,"column":10},"end":{"line":40,"column":null}},"11":{"start":{"line":38,"column":14},"end":{"line":38,"column":null}},"12":{"start":{"line":42,"column":10},"end":{"line":42,"column":null}},"13":{"start":{"line":44,"column":25},"end":{"line":46,"column":null}},"14":{"start":{"line":45,"column":8},"end":{"line":45,"column":null}},"15":{"start":{"line":45,"column":29},"end":{"line":45,"column":60}},"16":{"start":{"line":48,"column":10},"end":{"line":59,"column":null}},"17":{"start":{"line":49,"column":25},"end":{"line":49,"column":null}},"18":{"start":{"line":50,"column":8},"end":{"line":58,"column":null}},"19":{"start":{"line":61,"column":4},"end":{"line":69,"column":null}}},"fnMap":{"0":{"name":"useCourseFlow","decl":{"start":{"line":9,"column":16},"end":{"line":9,"column":32}},"loc":{"start":{"line":9,"column":32},"end":{"line":70,"column":null}},"line":9},"1":{"name":"(anonymous_1)","decl":{"start":{"line":28,"column":8},"end":{"line":28,"column":9}},"loc":{"start":{"line":28,"column":27},"end":{"line":28,"column":null}},"line":28},"2":{"name":"(anonymous_2)","decl":{"start":{"line":29,"column":8},"end":{"line":29,"column":9}},"loc":{"start":{"line":29,"column":15},"end":{"line":34,"column":null}},"line":29},"3":{"name":"(anonymous_3)","decl":{"start":{"line":38,"column":8},"end":{"line":38,"column":14}},"loc":{"start":{"line":38,"column":14},"end":{"line":38,"column":null}},"line":38},"4":{"name":"(anonymous_4)","decl":{"start":{"line":44,"column":25},"end":{"line":44,"column":31}},"loc":{"start":{"line":44,"column":31},"end":{"line":46,"column":null}},"line":44},"5":{"name":"(anonymous_5)","decl":{"start":{"line":45,"column":23},"end":{"line":45,"column":29}},"loc":{"start":{"line":45,"column":29},"end":{"line":45,"column":60}},"line":45},"6":{"name":"(anonymous_6)","decl":{"start":{"line":48,"column":43},"end":{"line":48,"column":49}},"loc":{"start":{"line":48,"column":49},"end":{"line":59,"column":7}},"line":48}},"branchMap":{"0":{"loc":{"start":{"line":11,"column":29},"end":{"line":11,"column":null}},"type":"cond-expr","locations":[{"start":{"line":11,"column":39},"end":{"line":11,"column":69}},{"start":{"line":11,"column":69},"end":{"line":11,"column":null}}],"line":11},"1":{"loc":{"start":{"line":31,"column":12},"end":{"line":31,"column":null}},"type":"if","locations":[{"start":{"line":31,"column":12},"end":{"line":31,"column":null}},{"start":{},"end":{}}],"line":31},"2":{"loc":{"start":{"line":32,"column":12},"end":{"line":32,"column":null}},"type":"if","locations":[{"start":{"line":32,"column":12},"end":{"line":32,"column":null}},{"start":{},"end":{}}],"line":32},"3":{"loc":{"start":{"line":32,"column":16},"end":{"line":32,"column":72}},"type":"binary-expr","locations":[{"start":{"line":32,"column":16},"end":{"line":32,"column":32}},{"start":{"line":32,"column":32},"end":{"line":32,"column":54}},{"start":{"line":32,"column":54},"end":{"line":32,"column":72}}],"line":32}},"s":{"0":13,"1":13,"2":13,"3":1,"4":2,"5":2,"6":1,"7":2,"8":1,"9":2,"10":13,"11":10,"12":13,"13":13,"14":2,"15":1,"16":13,"17":1,"18":1,"19":13},"f":{"0":13,"1":1,"2":2,"3":10,"4":2,"5":1,"6":1},"b":{"0":[0,13],"1":[1,1],"2":[1,1],"3":[2,1,1]},"meta":{"lastBranch":4,"lastFunction":7,"lastStatement":20,"seen":{"f:9:16:9:32":0,"s:10:20:10:Infinity":0,"s:11:29:11:Infinity":1,"b:11:39:11:69:11:69:11:Infinity":0,"s:18:4:35:Infinity":2,"f:28:8:28:9":1,"s:28:27:28:Infinity":3,"f:29:8:29:9":2,"s:30:51:30:Infinity":4,"b:31:12:31:Infinity:undefined:undefined:undefined:undefined":1,"s:31:12:31:Infinity":5,"s:31:38:31:Infinity":6,"b:32:12:32:Infinity:undefined:undefined:undefined:undefined":2,"s:32:12:32:Infinity":7,"b:32:16:32:32:32:32:32:54:32:54:32:72":3,"s:32:72:32:Infinity":8,"s:33:12:33:Infinity":9,"s:37:10:40:Infinity":10,"f:38:8:38:14":3,"s:38:14:38:Infinity":11,"s:42:10:42:Infinity":12,"s:44:25:46:Infinity":13,"f:44:25:44:31":4,"s:45:8:45:Infinity":14,"f:45:23:45:29":5,"s:45:29:45:60":15,"s:48:10:59:Infinity":16,"f:48:43:48:49":6,"s:49:25:49:Infinity":17,"s:50:8:58:Infinity":18,"s:61:4:69:Infinity":19}}}
,"C:\\Users\\tigralint\\Desktop\\podpiska-main\\hooks\\usePageTitle.ts": {"path":"C:\\Users\\tigralint\\Desktop\\podpiska-main\\hooks\\usePageTitle.ts","statementMap":{"0":{"start":{"line":3,"column":19},"end":{"line":3,"column":null}},"1":{"start":{"line":5,"column":45},"end":{"line":13,"column":null}},"2":{"start":{"line":20,"column":4},"end":{"line":28,"column":null}},"3":{"start":{"line":22,"column":27},"end":{"line":24,"column":null}},"4":{"start":{"line":23,"column":19},"end":{"line":23,"column":null}},"5":{"start":{"line":26,"column":26},"end":{"line":26,"column":null}},"6":{"start":{"line":27,"column":8},"end":{"line":27,"column":null}}},"fnMap":{"0":{"name":"usePageTitle","decl":{"start":{"line":19,"column":16},"end":{"line":19,"column":29}},"loc":{"start":{"line":19,"column":47},"end":{"line":29,"column":null}},"line":19},"1":{"name":"(anonymous_1)","decl":{"start":{"line":20,"column":14},"end":{"line":20,"column":20}},"loc":{"start":{"line":20,"column":20},"end":{"line":28,"column":7}},"line":20},"2":{"name":"(anonymous_2)","decl":{"start":{"line":23,"column":12},"end":{"line":23,"column":19}},"loc":{"start":{"line":23,"column":19},"end":{"line":23,"column":null}},"line":23}},"branchMap":{"0":{"loc":{"start":{"line":23,"column":19},"end":{"line":23,"column":null}},"type":"cond-expr","locations":[{"start":{"line":23,"column":33},"end":{"line":23,"column":52}},{"start":{"line":23,"column":52},"end":{"line":23,"column":null}}],"line":23},"1":{"loc":{"start":{"line":26,"column":26},"end":{"line":26,"column":null}},"type":"cond-expr","locations":[{"start":{"line":26,"column":39},"end":{"line":26,"column":66}},{"start":{"line":26,"column":66},"end":{"line":26,"column":null}}],"line":26},"2":{"loc":{"start":{"line":27,"column":25},"end":{"line":27,"column":null}},"type":"cond-expr","locations":[{"start":{"line":27,"column":37},"end":{"line":27,"column":70}},{"start":{"line":27,"column":70},"end":{"line":27,"column":null}}],"line":27}},"s":{"0":1,"1":1,"2":6,"3":6,"4":20,"5":6,"6":6},"f":{"0":6,"1":6,"2":20},"b":{"0":[6,14],"1":[5,1],"2":[5,1]},"meta":{"lastBranch":3,"lastFunction":3,"lastStatement":7,"seen":{"s:3:19:3:Infinity":0,"s:5:45:13:Infinity":1,"f:19:16:19:29":0,"s:20:4:28:Infinity":2,"f:20:14:20:20":1,"s:22:27:24:Infinity":3,"f:23:12:23:19":2,"s:23:19:23:Infinity":4,"b:23:33:23:52:23:52:23:Infinity":0,"s:26:26:26:Infinity":5,"b:26:39:26:66:26:66:26:Infinity":1,"s:27:8:27:Infinity":6,"b:27:37:27:70:27:70:27:Infinity":2}}}
,"C:\\Users\\tigralint\\Desktop\\podpiska-main\\hooks\\useSimulator.ts": {"path":"C:\\Users\\tigralint\\Desktop\\podpiska-main\\hooks\\useSimulator.ts","statementMap":{"0":{"start":{"line":9,"column":46},"end":{"line":9,"column":null}},"1":{"start":{"line":10,"column":44},"end":{"line":10,"column":null}},"2":{"start":{"line":11,"column":32},"end":{"line":11,"column":null}},"3":{"start":{"line":12,"column":36},"end":{"line":12,"column":null}},"4":{"start":{"line":13,"column":36},"end":{"line":13,"column":null}},"5":{"start":{"line":15,"column":10},"end":{"line":15,"column":null}},"6":{"start":{"line":15,"column":56},"end":{"line":15,"column":76}},"7":{"start":{"line":17,"column":10},"end":{"line":17,"column":null}},"8":{"start":{"line":20,"column":4},"end":{"line":24,"column":null}},"9":{"start":{"line":21,"column":8},"end":{"line":23,"column":null}},"10":{"start":{"line":22,"column":12},"end":{"line":22,"column":null}},"11":{"start":{"line":22,"column":34},"end":{"line":22,"column":null}},"12":{"start":{"line":26,"column":25},"end":{"line":26,"column":null}},"13":{"start":{"line":27,"column":22},"end":{"line":27,"column":null}},"14":{"start":{"line":29,"column":10},"end":{"line":39,"column":null}},"15":{"start":{"line":30,"column":8},"end":{"line":30,"column":null}},"16":{"start":{"line":31,"column":8},"end":{"line":31,"column":null}},"17":{"start":{"line":32,"column":8},"end":{"line":38,"column":null}},"18":{"start":{"line":33,"column":12},"end":{"line":33,"column":null}},"19":{"start":{"line":33,"column":38},"end":{"line":33,"column":45}},"20":{"start":{"line":35,"column":12},"end":{"line":35,"column":null}},"21":{"start":{"line":37,"column":12},"end":{"line":37,"column":null}},"22":{"start":{"line":41,"column":10},"end":{"line":55,"column":null}},"23":{"start":{"line":42,"column":8},"end":{"line":42,"column":null}},"24":{"start":{"line":42,"column":33},"end":{"line":42,"column":null}},"25":{"start":{"line":44,"column":8},"end":{"line":44,"column":null}},"26":{"start":{"line":46,"column":8},"end":{"line":54,"column":null}},"27":{"start":{"line":47,"column":12},"end":{"line":53,"column":null}},"28":{"start":{"line":48,"column":16},"end":{"line":48,"column":null}},"29":{"start":{"line":48,"column":46},"end":{"line":48,"column":58}},"30":{"start":{"line":49,"column":16},"end":{"line":49,"column":null}},"31":{"start":{"line":51,"column":16},"end":{"line":51,"column":null}},"32":{"start":{"line":51,"column":35},"end":{"line":51,"column":40}},"33":{"start":{"line":52,"column":16},"end":{"line":52,"column":null}},"34":{"start":{"line":57,"column":10},"end":{"line":63,"column":null}},"35":{"start":{"line":58,"column":8},"end":{"line":58,"column":null}},"36":{"start":{"line":58,"column":33},"end":{"line":58,"column":null}},"37":{"start":{"line":59,"column":8},"end":{"line":59,"column":null}},"38":{"start":{"line":60,"column":8},"end":{"line":62,"column":null}},"39":{"start":{"line":61,"column":12},"end":{"line":61,"column":null}},"40":{"start":{"line":65,"column":10},"end":{"line":72,"column":null}},"41":{"start":{"line":66,"column":8},"end":{"line":66,"column":null}},"42":{"start":{"line":66,"column":30},"end":{"line":66,"column":null}},"43":{"start":{"line":67,"column":8},"end":{"line":67,"column":null}},"44":{"start":{"line":68,"column":8},"end":{"line":68,"column":null}},"45":{"start":{"line":69,"column":8},"end":{"line":69,"column":null}},"46":{"start":{"line":70,"column":8},"end":{"line":70,"column":null}},"47":{"start":{"line":71,"column":8},"end":{"line":71,"column":null}},"48":{"start":{"line":74,"column":4},"end":{"line":86,"column":null}}},"fnMap":{"0":{"name":"useSimulator","decl":{"start":{"line":8,"column":16},"end":{"line":8,"column":31}},"loc":{"start":{"line":8,"column":31},"end":{"line":87,"column":null}},"line":8},"1":{"name":"(anonymous_1)","decl":{"start":{"line":15,"column":45},"end":{"line":15,"column":46}},"loc":{"start":{"line":15,"column":56},"end":{"line":15,"column":76}},"line":15},"2":{"name":"(anonymous_2)","decl":{"start":{"line":20,"column":14},"end":{"line":20,"column":20}},"loc":{"start":{"line":20,"column":20},"end":{"line":24,"column":7}},"line":20},"3":{"name":"(anonymous_3)","decl":{"start":{"line":21,"column":15},"end":{"line":21,"column":21}},"loc":{"start":{"line":21,"column":21},"end":{"line":23,"column":null}},"line":21},"4":{"name":"(anonymous_4)","decl":{"start":{"line":29,"column":34},"end":{"line":29,"column":40}},"loc":{"start":{"line":29,"column":40},"end":{"line":39,"column":7}},"line":29},"5":{"name":"(anonymous_5)","decl":{"start":{"line":33,"column":31},"end":{"line":33,"column":38}},"loc":{"start":{"line":33,"column":38},"end":{"line":33,"column":45}},"line":33},"6":{"name":"(anonymous_6)","decl":{"start":{"line":41,"column":34},"end":{"line":41,"column":40}},"loc":{"start":{"line":41,"column":40},"end":{"line":55,"column":7}},"line":41},"7":{"name":"(anonymous_7)","decl":{"start":{"line":46,"column":38},"end":{"line":46,"column":44}},"loc":{"start":{"line":46,"column":44},"end":{"line":54,"column":11}},"line":46},"8":{"name":"(anonymous_8)","decl":{"start":{"line":48,"column":34},"end":{"line":48,"column":46}},"loc":{"start":{"line":48,"column":46},"end":{"line":48,"column":58}},"line":48},"9":{"name":"(anonymous_9)","decl":{"start":{"line":51,"column":30},"end":{"line":51,"column":35}},"loc":{"start":{"line":51,"column":35},"end":{"line":51,"column":40}},"line":51},"10":{"name":"(anonymous_10)","decl":{"start":{"line":57,"column":35},"end":{"line":57,"column":41}},"loc":{"start":{"line":57,"column":41},"end":{"line":63,"column":7}},"line":57},"11":{"name":"(anonymous_11)","decl":{"start":{"line":60,"column":38},"end":{"line":60,"column":44}},"loc":{"start":{"line":60,"column":44},"end":{"line":62,"column":11}},"line":60},"12":{"name":"(anonymous_12)","decl":{"start":{"line":65,"column":30},"end":{"line":65,"column":36}},"loc":{"start":{"line":65,"column":36},"end":{"line":72,"column":7}},"line":65}},"branchMap":{"0":{"loc":{"start":{"line":22,"column":12},"end":{"line":22,"column":null}},"type":"if","locations":[{"start":{"line":22,"column":12},"end":{"line":22,"column":null}},{"start":{},"end":{}}],"line":22},"1":{"loc":{"start":{"line":32,"column":8},"end":{"line":38,"column":null}},"type":"if","locations":[{"start":{"line":32,"column":8},"end":{"line":38,"column":null}},{"start":{"line":34,"column":15},"end":{"line":38,"column":null}}],"line":32},"2":{"loc":{"start":{"line":42,"column":8},"end":{"line":42,"column":null}},"type":"if","locations":[{"start":{"line":42,"column":8},"end":{"line":42,"column":null}},{"start":{},"end":{}}],"line":42},"3":{"loc":{"start":{"line":47,"column":12},"end":{"line":53,"column":null}},"type":"if","locations":[{"start":{"line":47,"column":12},"end":{"line":53,"column":null}},{"start":{"line":50,"column":19},"end":{"line":53,"column":null}}],"line":47},"4":{"loc":{"start":{"line":47,"column":16},"end":{"line":47,"column":85}},"type":"binary-expr","locations":[{"start":{"line":47,"column":16},"end":{"line":47,"column":41}},{"start":{"line":47,"column":41},"end":{"line":47,"column":85}}],"line":47},"5":{"loc":{"start":{"line":58,"column":8},"end":{"line":58,"column":null}},"type":"if","locations":[{"start":{"line":58,"column":8},"end":{"line":58,"column":null}},{"start":{},"end":{}}],"line":58},"6":{"loc":{"start":{"line":66,"column":8},"end":{"line":66,"column":null}},"type":"if","locations":[{"start":{"line":66,"column":8},"end":{"line":66,"column":null}},{"start":{},"end":{}}],"line":66}},"s":{"0":10,"1":10,"2":10,"3":10,"4":10,"5":10,"6":30,"7":10,"8":10,"9":4,"10":4,"11":3,"12":10,"13":10,"14":10,"15":3,"16":3,"17":3,"18":3,"19":3,"20":0,"21":0,"22":10,"23":2,"24":0,"25":2,"26":2,"27":2,"28":0,"29":0,"30":0,"31":2,"32":2,"33":2,"34":10,"35":1,"36":0,"37":1,"38":1,"39":1,"40":10,"41":1,"42":1,"43":1,"44":1,"45":1,"46":1,"47":1,"48":10},"f":{"0":10,"1":30,"2":4,"3":4,"4":3,"5":3,"6":2,"7":2,"8":0,"9":2,"10":1,"11":1,"12":1},"b":{"0":[3,1],"1":[3,0],"2":[0,2],"3":[0,2],"4":[2,0],"5":[0,1],"6":[1,0]},"meta":{"lastBranch":7,"lastFunction":13,"lastStatement":49,"seen":{"f:8:16:8:31":0,"s:9:46:9:Infinity":0,"s:10:44:10:Infinity":1,"s:11:32:11:Infinity":2,"s:12:36:12:Infinity":3,"s:13:36:13:Infinity":4,"s:15:10:15:Infinity":5,"f:15:45:15:46":1,"s:15:56:15:76":6,"s:17:10:17:Infinity":7,"s:20:4:24:Infinity":8,"f:20:14:20:20":2,"s:21:8:23:Infinity":9,"f:21:15:21:21":3,"b:22:12:22:Infinity:undefined:undefined:undefined:undefined":0,"s:22:12:22:Infinity":10,"s:22:34:22:Infinity":11,"s:26:25:26:Infinity":12,"s:27:22:27:Infinity":13,"s:29:10:39:Infinity":14,"f:29:34:29:40":4,"s:30:8:30:Infinity":15,"s:31:8:31:Infinity":16,"b:32:8:38:Infinity:34:15:38:Infinity":1,"s:32:8:38:Infinity":17,"s:33:12:33:Infinity":18,"f:33:31:33:38":5,"s:33:38:33:45":19,"s:35:12:35:Infinity":20,"s:37:12:37:Infinity":21,"s:41:10:55:Infinity":22,"f:41:34:41:40":6,"b:42:8:42:Infinity:undefined:undefined:undefined:undefined":2,"s:42:8:42:Infinity":23,"s:42:33:42:Infinity":24,"s:44:8:44:Infinity":25,"s:46:8:54:Infinity":26,"f:46:38:46:44":7,"b:47:12:53:Infinity:50:19:53:Infinity":3,"s:47:12:53:Infinity":27,"b:47:16:47:41:47:41:47:85":4,"s:48:16:48:Infinity":28,"f:48:34:48:46":8,"s:48:46:48:58":29,"s:49:16:49:Infinity":30,"s:51:16:51:Infinity":31,"f:51:30:51:35":9,"s:51:35:51:40":32,"s:52:16:52:Infinity":33,"s:57:10:63:Infinity":34,"f:57:35:57:41":10,"b:58:8:58:Infinity:undefined:undefined:undefined:undefined":5,"s:58:8:58:Infinity":35,"s:58:33:58:Infinity":36,"s:59:8:59:Infinity":37,"s:60:8:62:Infinity":38,"f:60:38:60:44":11,"s:61:12:61:Infinity":39,"s:65:10:72:Infinity":40,"f:65:30:65:36":12,"b:66:8:66:Infinity:undefined:undefined:undefined:undefined":6,"s:66:8:66:Infinity":41,"s:66:30:66:Infinity":42,"s:67:8:67:Infinity":43,"s:68:8:68:Infinity":44,"s:69:8:69:Infinity":45,"s:70:8:70:Infinity":46,"s:71:8:71:Infinity":47,"s:74:4:86:Infinity":48}}}
,"C:\\Users\\tigralint\\Desktop\\podpiska-main\\services\\geminiService.ts": {"path":"C:\\Users\\tigralint\\Desktop\\podpiska-main\\services\\geminiService.ts","statementMap":{"0":{"start":{"line":7,"column":22},"end":{"line":9,"column":null}},"1":{"start":{"line":8,"column":2},"end":{"line":8,"column":null}},"2":{"start":{"line":13,"column":2},"end":{"line":15,"column":null}},"3":{"start":{"line":14,"column":4},"end":{"line":14,"column":null}},"4":{"start":{"line":18,"column":2},"end":{"line":18,"column":null}},"5":{"start":{"line":26,"column":19},"end":{"line":30,"column":null}},"6":{"start":{"line":32,"column":22},"end":{"line":32,"column":null}},"7":{"start":{"line":34,"column":2},"end":{"line":37,"column":null}},"8":{"start":{"line":36,"column":4},"end":{"line":36,"column":null}},"9":{"start":{"line":40,"column":2},"end":{"line":51,"column":null}},"10":{"start":{"line":41,"column":22},"end":{"line":41,"column":null}},"11":{"start":{"line":42,"column":4},"end":{"line":44,"column":null}},"12":{"start":{"line":43,"column":6},"end":{"line":43,"column":null}},"13":{"start":{"line":45,"column":4},"end":{"line":45,"column":null}},"14":{"start":{"line":47,"column":4},"end":{"line":49,"column":null}},"15":{"start":{"line":48,"column":6},"end":{"line":48,"column":null}},"16":{"start":{"line":50,"column":4},"end":{"line":50,"column":null}},"17":{"start":{"line":53,"column":2},"end":{"line":56,"column":null}},"18":{"start":{"line":55,"column":4},"end":{"line":55,"column":null}},"19":{"start":{"line":58,"column":2},"end":{"line":60,"column":null}},"20":{"start":{"line":59,"column":4},"end":{"line":59,"column":null}},"21":{"start":{"line":62,"column":2},"end":{"line":62,"column":null}},"22":{"start":{"line":66,"column":41},"end":{"line":67,"column":null}},"23":{"start":{"line":67,"column":2},"end":{"line":67,"column":null}},"24":{"start":{"line":70,"column":35},"end":{"line":71,"column":null}},"25":{"start":{"line":71,"column":2},"end":{"line":71,"column":null}}},"fnMap":{"0":{"name":"(anonymous_0)","decl":{"start":{"line":7,"column":22},"end":{"line":7,"column":23}},"loc":{"start":{"line":7,"column":48},"end":{"line":9,"column":null}},"line":7},"1":{"name":"isGenerateClaimResponse","decl":{"start":{"line":12,"column":9},"end":{"line":12,"column":33}},"loc":{"start":{"line":12,"column":79},"end":{"line":19,"column":null}},"line":12},"2":{"name":"generateClaim","decl":{"start":{"line":25,"column":15},"end":{"line":25,"column":29}},"loc":{"start":{"line":25,"column":69},"end":{"line":63,"column":null}},"line":25},"3":{"name":"(anonymous_3)","decl":{"start":{"line":66,"column":41},"end":{"line":66,"column":42}},"loc":{"start":{"line":67,"column":2},"end":{"line":67,"column":null}},"line":67},"4":{"name":"(anonymous_4)","decl":{"start":{"line":70,"column":35},"end":{"line":70,"column":36}},"loc":{"start":{"line":71,"column":2},"end":{"line":71,"column":null}},"line":71}},"branchMap":{"0":{"loc":{"start":{"line":13,"column":2},"end":{"line":15,"column":null}},"type":"if","locations":[{"start":{"line":13,"column":2},"end":{"line":15,"column":null}},{"start":{},"end":{}}],"line":13},"1":{"loc":{"start":{"line":13,"column":6},"end":{"line":13,"column":72}},"type":"binary-expr","locations":[{"start":{"line":13,"column":6},"end":{"line":13,"column":34}},{"start":{"line":13,"column":34},"end":{"line":13,"column":51}},{"start":{"line":13,"column":51},"end":{"line":13,"column":72}}],"line":13},"2":{"loc":{"start":{"line":34,"column":2},"end":{"line":37,"column":null}},"type":"if","locations":[{"start":{"line":34,"column":2},"end":{"line":37,"column":null}},{"start":{},"end":{}}],"line":34},"3":{"loc":{"start":{"line":34,"column":6},"end":{"line":34,"column":65}},"type":"binary-expr","locations":[{"start":{"line":34,"column":6},"end":{"line":34,"column":22}},{"start":{"line":34,"column":22},"end":{"line":34,"column":65}}],"line":34},"4":{"loc":{"start":{"line":42,"column":4},"end":{"line":44,"column":null}},"type":"if","locations":[{"start":{"line":42,"column":4},"end":{"line":44,"column":null}},{"start":{},"end":{}}],"line":42},"5":{"loc":{"start":{"line":47,"column":4},"end":{"line":49,"column":null}},"type":"if","locations":[{"start":{"line":47,"column":4},"end":{"line":49,"column":null}},{"start":{},"end":{}}],"line":47},"6":{"loc":{"start":{"line":47,"column":8},"end":{"line":47,"column":80}},"type":"binary-expr","locations":[{"start":{"line":47,"column":8},"end":{"line":47,"column":46}},{"start":{"line":47,"column":46},"end":{"line":47,"column":80}}],"line":47},"7":{"loc":{"start":{"line":53,"column":2},"end":{"line":56,"column":null}},"type":"if","locations":[{"start":{"line":53,"column":2},"end":{"line":56,"column":null}},{"start":{},"end":{}}],"line":53},"8":{"loc":{"start":{"line":55,"column":40},"end":{"line":55,"column":89}},"type":"binary-expr","locations":[{"start":{"line":55,"column":40},"end":{"line":55,"column":56}},{"start":{"line":55,"column":56},"end":{"line":55,"column":89}}],"line":55},"9":{"loc":{"start":{"line":58,"column":2},"end":{"line":60,"column":null}},"type":"if","locations":[{"start":{"line":58,"column":2},"end":{"line":60,"column":null}},{"start":{},"end":{}}],"line":58}},"s":{"0":1,"1":3,"2":5,"3":0,"4":5,"5":8,"6":6,"7":6,"8":1,"9":5,"10":5,"11":5,"12":0,"13":5,"14":0,"15":0,"16":0,"17":5,"18":1,"19":4,"20":1,"21":3,"22":1,"23":5,"24":1,"25":3},"f":{"0":3,"1":5,"2":8,"3":5,"4":3},"b":{"0":[0,5],"1":[5,5,5],"2":[1,5],"3":[6,6],"4":[0,5],"5":[0,0],"6":[0,0],"7":[1,4],"8":[1,0],"9":[1,3]},"meta":{"lastBranch":10,"lastFunction":5,"lastStatement":26,"seen":{"s:7:22:9:Infinity":0,"f:7:22:7:23":0,"s:8:2:8:Infinity":1,"f:12:9:12:33":1,"b:13:2:15:Infinity:undefined:undefined:undefined:undefined":0,"s:13:2:15:Infinity":2,"b:13:6:13:34:13:34:13:51:13:51:13:72":1,"s:14:4:14:Infinity":3,"s:18:2:18:Infinity":4,"f:25:15:25:29":2,"s:26:19:30:Infinity":5,"s:32:22:32:Infinity":6,"b:34:2:37:Infinity:undefined:undefined:undefined:undefined":2,"s:34:2:37:Infinity":7,"b:34:6:34:22:34:22:34:65":3,"s:36:4:36:Infinity":8,"s:40:2:51:Infinity":9,"s:41:22:41:Infinity":10,"b:42:4:44:Infinity:undefined:undefined:undefined:undefined":4,"s:42:4:44:Infinity":11,"s:43:6:43:Infinity":12,"s:45:4:45:Infinity":13,"b:47:4:49:Infinity:undefined:undefined:undefined:undefined":5,"s:47:4:49:Infinity":14,"b:47:8:47:46:47:46:47:80":6,"s:48:6:48:Infinity":15,"s:50:4:50:Infinity":16,"b:53:2:56:Infinity:undefined:undefined:undefined:undefined":7,"s:53:2:56:Infinity":17,"s:55:4:55:Infinity":18,"b:55:40:55:56:55:56:55:89":8,"b:58:2:60:Infinity:undefined:undefined:undefined:undefined":9,"s:58:2:60:Infinity":19,"s:59:4:59:Infinity":20,"s:62:2:62:Infinity":21,"s:66:41:67:Infinity":22,"f:66:41:66:42":3,"s:67:2:67:Infinity":23,"s:70:35:71:Infinity":24,"f:70:35:70:36":4,"s:71:2:71:Infinity":25}}}
,"C:\\Users\\tigralint\\Desktop\\podpiska-main\\store\\appStore.ts": {"path":"C:\\Users\\tigralint\\Desktop\\podpiska-main\\store\\appStore.ts","statementMap":{"0":{"start":{"line":12,"column":13},"end":{"line":30,"column":null}},"1":{"start":{"line":14,"column":18},"end":{"line":21,"column":null}},"2":{"start":{"line":18,"column":40},"end":{"line":18,"column":null}},"3":{"start":{"line":18,"column":56},"end":{"line":18,"column":88}},"4":{"start":{"line":19,"column":45},"end":{"line":19,"column":null}},"5":{"start":{"line":20,"column":33},"end":{"line":20,"column":null}},"6":{"start":{"line":24,"column":36},"end":{"line":27,"column":null}}},"fnMap":{"0":{"name":"(anonymous_0)","decl":{"start":{"line":14,"column":8},"end":{"line":14,"column":9}},"loc":{"start":{"line":14,"column":18},"end":{"line":21,"column":null}},"line":14},"1":{"name":"(anonymous_1)","decl":{"start":{"line":18,"column":28},"end":{"line":18,"column":29}},"loc":{"start":{"line":18,"column":40},"end":{"line":18,"column":null}},"line":18},"2":{"name":"(anonymous_2)","decl":{"start":{"line":18,"column":44},"end":{"line":18,"column":45}},"loc":{"start":{"line":18,"column":56},"end":{"line":18,"column":88}},"line":18},"3":{"name":"(anonymous_3)","decl":{"start":{"line":19,"column":34},"end":{"line":19,"column":35}},"loc":{"start":{"line":19,"column":45},"end":{"line":19,"column":null}},"line":19},"4":{"name":"(anonymous_4)","decl":{"start":{"line":20,"column":27},"end":{"line":20,"column":33}},"loc":{"start":{"line":20,"column":33},"end":{"line":20,"column":null}},"line":20},"5":{"name":"(anonymous_5)","decl":{"start":{"line":24,"column":24},"end":{"line":24,"column":25}},"loc":{"start":{"line":24,"column":36},"end":{"line":27,"column":null}},"line":24}},"branchMap":{},"s":{"0":1,"1":1,"2":0,"3":0,"4":0,"5":0,"6":0},"f":{"0":1,"1":0,"2":0,"3":0,"4":0,"5":0},"b":{},"meta":{"lastBranch":0,"lastFunction":6,"lastStatement":7,"seen":{"s:12:13:30:Infinity":0,"f:14:8:14:9":0,"s:14:18:21:Infinity":1,"f:18:28:18:29":1,"s:18:40:18:Infinity":2,"f:18:44:18:45":2,"s:18:56:18:88":3,"f:19:34:19:35":3,"s:19:45:19:Infinity":4,"f:20:27:20:33":4,"s:20:33:20:Infinity":5,"f:24:24:24:25":5,"s:24:36:27:Infinity":6}}}
,"C:\\Users\\tigralint\\Desktop\\podpiska-main\\utils\\cn.ts": {"path":"C:\\Users\\tigralint\\Desktop\\podpiska-main\\utils\\cn.ts","statementMap":{"0":{"start":{"line":12,"column":4},"end":{"line":12,"column":null}}},"fnMap":{"0":{"name":"cn","decl":{"start":{"line":11,"column":16},"end":{"line":11,"column":22}},"loc":{"start":{"line":11,"column":44},"end":{"line":13,"column":null}},"line":11}},"branchMap":{},"s":{"0":17},"f":{"0":17},"b":{},"meta":{"lastBranch":0,"lastFunction":1,"lastStatement":1,"seen":{"f:11:16:11:22":0,"s:12:4:12:Infinity":0}}}
,"C:\\Users\\tigralint\\Desktop\\podpiska-main\\utils\\errors.ts": {"path":"C:\\Users\\tigralint\\Desktop\\podpiska-main\\utils\\errors.ts","statementMap":{"0":{"start":{"line":13,"column":8},"end":{"line":13,"column":null}},"1":{"start":{"line":9,"column":15},"end":{"line":9,"column":null}},"2":{"start":{"line":11,"column":15},"end":{"line":11,"column":null}},"3":{"start":{"line":14,"column":8},"end":{"line":14,"column":null}},"4":{"start":{"line":17,"column":8},"end":{"line":19,"column":null}},"5":{"start":{"line":18,"column":12},"end":{"line":18,"column":null}}},"fnMap":{"0":{"name":"(anonymous_0)","decl":{"start":{"line":8,"column":4},"end":{"line":8,"column":null}},"loc":{"start":{"line":12,"column":6},"end":{"line":20,"column":null}},"line":12}},"branchMap":{"0":{"loc":{"start":{"line":17,"column":8},"end":{"line":19,"column":null}},"type":"if","locations":[{"start":{"line":17,"column":8},"end":{"line":19,"column":null}},{"start":{},"end":{}}],"line":17}},"s":{"0":22,"1":22,"2":22,"3":22,"4":22,"5":22},"f":{"0":22},"b":{"0":[22,0]},"meta":{"lastBranch":1,"lastFunction":1,"lastStatement":6,"seen":{"f:8:4:8:Infinity":0,"s:13:8:13:Infinity":0,"s:9:15:9:Infinity":1,"s:11:15:11:Infinity":2,"s:14:8:14:Infinity":3,"b:17:8:19:Infinity:undefined:undefined:undefined:undefined":0,"s:17:8:19:Infinity":4,"s:18:12:18:Infinity":5}}}
,"C:\\Users\\tigralint\\Desktop\\podpiska-main\\utils\\fetchWithRetry.ts": {"path":"C:\\Users\\tigralint\\Desktop\\podpiska-main\\utils\\fetchWithRetry.ts","statementMap":{"0":{"start":{"line":9,"column":14},"end":{"line":9,"column":null}},"1":{"start":{"line":9,"column":30},"end":{"line":9,"column":null}},"2":{"start":{"line":9,"column":53},"end":{"line":9,"column":76}},"3":{"start":{"line":16,"column":51},"end":{"line":16,"column":null}},"4":{"start":{"line":17,"column":18},"end":{"line":17,"column":null}},"5":{"start":{"line":19,"column":4},"end":{"line":64,"column":null}},"6":{"start":{"line":20,"column":8},"end":{"line":63,"column":null}},"7":{"start":{"line":21,"column":29},"end":{"line":21,"column":null}},"8":{"start":{"line":24,"column":12},"end":{"line":26,"column":null}},"9":{"start":{"line":25,"column":16},"end":{"line":25,"column":null}},"10":{"start":{"line":29,"column":12},"end":{"line":29,"column":null}},"11":{"start":{"line":33,"column":38},"end":{"line":33,"column":null}},"12":{"start":{"line":36,"column":35},"end":{"line":36,"column":null}},"13":{"start":{"line":40,"column":34},"end":{"line":40,"column":null}},"14":{"start":{"line":42,"column":12},"end":{"line":46,"column":null}},"15":{"start":{"line":45,"column":16},"end":{"line":45,"column":null}},"16":{"start":{"line":48,"column":12},"end":{"line":51,"column":null}},"17":{"start":{"line":50,"column":16},"end":{"line":50,"column":null}},"18":{"start":{"line":53,"column":12},"end":{"line":53,"column":null}},"19":{"start":{"line":54,"column":12},"end":{"line":54,"column":null}},"20":{"start":{"line":56,"column":12},"end":{"line":58,"column":null}},"21":{"start":{"line":57,"column":16},"end":{"line":57,"column":null}},"22":{"start":{"line":61,"column":26},"end":{"line":61,"column":null}},"23":{"start":{"line":62,"column":12},"end":{"line":62,"column":null}},"24":{"start":{"line":66,"column":4},"end":{"line":66,"column":null}}},"fnMap":{"0":{"name":"(anonymous_0)","decl":{"start":{"line":9,"column":14},"end":{"line":9,"column":15}},"loc":{"start":{"line":9,"column":30},"end":{"line":9,"column":null}},"line":9},"1":{"name":"(anonymous_1)","decl":{"start":{"line":9,"column":42},"end":{"line":9,"column":53}},"loc":{"start":{"line":9,"column":53},"end":{"line":9,"column":76}},"line":9},"2":{"name":"fetchWithRetry","decl":{"start":{"line":15,"column":22},"end":{"line":15,"column":37}},"loc":{"start":{"line":15,"column":124},"end":{"line":67,"column":null}},"line":15}},"branchMap":{"0":{"loc":{"start":{"line":15,"column":72},"end":{"line":15,"column":124}},"type":"default-arg","locations":[{"start":{"line":15,"column":101},"end":{"line":15,"column":124}}],"line":15},"1":{"loc":{"start":{"line":16,"column":12},"end":{"line":16,"column":28}},"type":"default-arg","locations":[{"start":{"line":16,"column":25},"end":{"line":16,"column":28}}],"line":16},"2":{"loc":{"start":{"line":16,"column":28},"end":{"line":16,"column":47}},"type":"default-arg","locations":[{"start":{"line":16,"column":42},"end":{"line":16,"column":47}}],"line":16},"3":{"loc":{"start":{"line":24,"column":12},"end":{"line":26,"column":null}},"type":"if","locations":[{"start":{"line":24,"column":12},"end":{"line":26,"column":null}},{"start":{},"end":{}}],"line":24},"4":{"loc":{"start":{"line":24,"column":16},"end":{"line":24,"column":67}},"type":"binary-expr","locations":[{"start":{"line":24,"column":16},"end":{"line":24,"column":43}},{"start":{"line":24,"column":43},"end":{"line":24,"column":67}}],"line":24},"5":{"loc":{"start":{"line":33,"column":38},"end":{"line":33,"column":null}},"type":"binary-expr","locations":[{"start":{"line":33,"column":38},"end":{"line":33,"column":68}},{"start":{"line":33,"column":68},"end":{"line":33,"column":92}},{"start":{"line":33,"column":92},"end":{"line":33,"column":null}}],"line":33},"6":{"loc":{"start":{"line":42,"column":12},"end":{"line":46,"column":null}},"type":"if","locations":[{"start":{"line":42,"column":12},"end":{"line":46,"column":null}},{"start":{},"end":{}}],"line":42},"7":{"loc":{"start":{"line":48,"column":12},"end":{"line":51,"column":null}},"type":"if","locations":[{"start":{"line":48,"column":12},"end":{"line":51,"column":null}},{"start":{},"end":{}}],"line":48},"8":{"loc":{"start":{"line":48,"column":16},"end":{"line":48,"column":55}},"type":"binary-expr","locations":[{"start":{"line":48,"column":16},"end":{"line":48,"column":38}},{"start":{"line":48,"column":38},"end":{"line":48,"column":55}}],"line":48},"9":{"loc":{"start":{"line":54,"column":90},"end":{"line":54,"column":136}},"type":"cond-expr","locations":[{"start":{"line":54,"column":115},"end":{"line":54,"column":131}},{"start":{"line":54,"column":131},"end":{"line":54,"column":136}}],"line":54},"10":{"loc":{"start":{"line":56,"column":12},"end":{"line":58,"column":null}},"type":"if","locations":[{"start":{"line":56,"column":12},"end":{"line":58,"column":null}},{"start":{},"end":{}}],"line":56}},"s":{"0":2,"1":10,"2":10,"3":17,"4":17,"5":17,"6":27,"7":27,"8":19,"9":10,"10":9,"11":18,"12":18,"13":18,"14":18,"15":2,"16":16,"17":1,"18":15,"19":15,"20":18,"21":5,"22":10,"23":10,"24":0},"f":{"0":10,"1":10,"2":17},"b":{"0":[17],"1":[17],"2":[17],"3":[10,9],"4":[19,13],"5":[18,11,5],"6":[2,16],"7":[1,15],"8":[16,6],"9":[15,0],"10":[5,13]},"meta":{"lastBranch":11,"lastFunction":3,"lastStatement":25,"seen":{"s:9:14:9:Infinity":0,"f:9:14:9:15":0,"s:9:30:9:Infinity":1,"f:9:42:9:53":1,"s:9:53:9:76":2,"f:15:22:15:37":2,"b:15:101:15:124":0,"s:16:51:16:Infinity":3,"b:16:25:16:28":1,"b:16:42:16:47":2,"s:17:18:17:Infinity":4,"s:19:4:64:Infinity":5,"s:20:8:63:Infinity":6,"s:21:29:21:Infinity":7,"b:24:12:26:Infinity:undefined:undefined:undefined:undefined":3,"s:24:12:26:Infinity":8,"b:24:16:24:43:24:43:24:67":4,"s:25:16:25:Infinity":9,"s:29:12:29:Infinity":10,"s:33:38:33:Infinity":11,"b:33:38:33:68:33:68:33:92:33:92:33:Infinity":5,"s:36:35:36:Infinity":12,"s:40:34:40:Infinity":13,"b:42:12:46:Infinity:undefined:undefined:undefined:undefined":6,"s:42:12:46:Infinity":14,"s:45:16:45:Infinity":15,"b:48:12:51:Infinity:undefined:undefined:undefined:undefined":7,"s:48:12:51:Infinity":16,"b:48:16:48:38:48:38:48:55":8,"s:50:16:50:Infinity":17,"s:53:12:53:Infinity":18,"s:54:12:54:Infinity":19,"b:54:115:54:131:54:131:54:136":9,"b:56:12:58:Infinity:undefined:undefined:undefined:undefined":10,"s:56:12:58:Infinity":20,"s:57:16:57:Infinity":21,"s:61:26:61:Infinity":22,"s:62:12:62:Infinity":23,"s:66:4:66:Infinity":24}}}
,"C:\\Users\\tigralint\\Desktop\\podpiska-main\\utils\\format.ts": {"path":"C:\\Users\\tigralint\\Desktop\\podpiska-main\\utils\\format.ts","statementMap":{"0":{"start":{"line":1,"column":33},"end":{"line":4,"column":null}},"1":{"start":{"line":2,"column":4},"end":{"line":2,"column":null}},"2":{"start":{"line":2,"column":14},"end":{"line":2,"column":null}},"3":{"start":{"line":3,"column":4},"end":{"line":3,"column":null}}},"fnMap":{"0":{"name":"(anonymous_0)","decl":{"start":{"line":1,"column":33},"end":{"line":1,"column":34}},"loc":{"start":{"line":1,"column":67},"end":{"line":4,"column":null}},"line":1}},"branchMap":{"0":{"loc":{"start":{"line":2,"column":4},"end":{"line":2,"column":null}},"type":"if","locations":[{"start":{"line":2,"column":4},"end":{"line":2,"column":null}},{"start":{},"end":{}}],"line":2}},"s":{"0":1,"1":7,"2":2,"3":5},"f":{"0":7},"b":{"0":[2,5]},"meta":{"lastBranch":1,"lastFunction":1,"lastStatement":4,"seen":{"s:1:33:4:Infinity":0,"f:1:33:1:34":0,"b:2:4:2:Infinity:undefined:undefined:undefined:undefined":0,"s:2:4:2:Infinity":1,"s:2:14:2:Infinity":2,"s:3:4:3:Infinity":3}}}
,"C:\\Users\\tigralint\\Desktop\\podpiska-main\\utils\\fuzzyMatch.ts": {"path":"C:\\Users\\tigralint\\Desktop\\podpiska-main\\utils\\fuzzyMatch.ts","statementMap":{"0":{"start":{"line":1,"column":26},"end":{"line":33,"column":null}},"1":{"start":{"line":2,"column":14},"end":{"line":2,"column":null}},"2":{"start":{"line":3,"column":14},"end":{"line":3,"column":null}},"3":{"start":{"line":5,"column":4},"end":{"line":5,"column":null}},"4":{"start":{"line":5,"column":12},"end":{"line":5,"column":null}},"5":{"start":{"line":6,"column":4},"end":{"line":6,"column":null}},"6":{"start":{"line":6,"column":23},"end":{"line":6,"column":null}},"7":{"start":{"line":9,"column":15},"end":{"line":9,"column":null}},"8":{"start":{"line":10,"column":4},"end":{"line":13,"column":null}},"9":{"start":{"line":10,"column":17},"end":{"line":10,"column":20}},"10":{"start":{"line":11,"column":8},"end":{"line":11,"column":null}},"11":{"start":{"line":11,"column":30},"end":{"line":11,"column":null}},"12":{"start":{"line":12,"column":8},"end":{"line":12,"column":null}},"13":{"start":{"line":12,"column":31},"end":{"line":12,"column":null}},"14":{"start":{"line":16,"column":18},"end":{"line":16,"column":null}},"15":{"start":{"line":17,"column":4},"end":{"line":31,"column":null}},"16":{"start":{"line":18,"column":8},"end":{"line":18,"column":null}},"17":{"start":{"line":18,"column":50},"end":{"line":18,"column":null}},"18":{"start":{"line":19,"column":31},"end":{"line":21,"column":null}},"19":{"start":{"line":20,"column":12},"end":{"line":20,"column":null}},"20":{"start":{"line":20,"column":55},"end":{"line":20,"column":56}},"21":{"start":{"line":22,"column":8},"end":{"line":22,"column":null}},"22":{"start":{"line":22,"column":21},"end":{"line":22,"column":24}},"23":{"start":{"line":22,"column":47},"end":{"line":22,"column":null}},"24":{"start":{"line":23,"column":8},"end":{"line":23,"column":null}},"25":{"start":{"line":23,"column":21},"end":{"line":23,"column":24}},"26":{"start":{"line":23,"column":44},"end":{"line":23,"column":null}},"27":{"start":{"line":24,"column":8},"end":{"line":29,"column":null}},"28":{"start":{"line":24,"column":21},"end":{"line":24,"column":24}},"29":{"start":{"line":25,"column":12},"end":{"line":28,"column":null}},"30":{"start":{"line":25,"column":25},"end":{"line":25,"column":28}},"31":{"start":{"line":26,"column":29},"end":{"line":26,"column":null}},"32":{"start":{"line":27,"column":16},"end":{"line":27,"column":null}},"33":{"start":{"line":30,"column":8},"end":{"line":30,"column":null}},"34":{"start":{"line":30,"column":67},"end":{"line":30,"column":null}},"35":{"start":{"line":32,"column":4},"end":{"line":32,"column":null}}},"fnMap":{"0":{"name":"(anonymous_0)","decl":{"start":{"line":1,"column":26},"end":{"line":1,"column":27}},"loc":{"start":{"line":1,"column":68},"end":{"line":33,"column":null}},"line":1},"1":{"name":"(anonymous_1)","decl":{"start":{"line":19,"column":71},"end":{"line":19,"column":null}},"loc":{"start":{"line":20,"column":12},"end":{"line":20,"column":null}},"line":20},"2":{"name":"(anonymous_2)","decl":{"start":{"line":20,"column":49},"end":{"line":20,"column":55}},"loc":{"start":{"line":20,"column":55},"end":{"line":20,"column":56}},"line":20}},"branchMap":{"0":{"loc":{"start":{"line":5,"column":4},"end":{"line":5,"column":null}},"type":"if","locations":[{"start":{"line":5,"column":4},"end":{"line":5,"column":null}},{"start":{},"end":{}}],"line":5},"1":{"loc":{"start":{"line":6,"column":4},"end":{"line":6,"column":null}},"type":"if","locations":[{"start":{"line":6,"column":4},"end":{"line":6,"column":null}},{"start":{},"end":{}}],"line":6},"2":{"loc":{"start":{"line":11,"column":8},"end":{"line":11,"column":null}},"type":"if","locations":[{"start":{"line":11,"column":8},"end":{"line":11,"column":null}},{"start":{},"end":{}}],"line":11},"3":{"loc":{"start":{"line":12,"column":8},"end":{"line":12,"column":null}},"type":"if","locations":[{"start":{"line":12,"column":8},"end":{"line":12,"column":null}},{"start":{},"end":{}}],"line":12},"4":{"loc":{"start":{"line":18,"column":8},"end":{"line":18,"column":null}},"type":"if","locations":[{"start":{"line":18,"column":8},"end":{"line":18,"column":null}},{"start":{},"end":{}}],"line":18},"5":{"loc":{"start":{"line":26,"column":29},"end":{"line":26,"column":null}},"type":"cond-expr","locations":[{"start":{"line":26,"column":56},"end":{"line":26,"column":60}},{"start":{"line":26,"column":60},"end":{"line":26,"column":null}}],"line":26},"6":{"loc":{"start":{"line":30,"column":8},"end":{"line":30,"column":null}},"type":"if","locations":[{"start":{"line":30,"column":8},"end":{"line":30,"column":null}},{"start":{},"end":{}}],"line":30},"7":{"loc":{"start":{"line":30,"column":44},"end":{"line":30,"column":67}},"type":"cond-expr","locations":[{"start":{"line":30,"column":59},"end":{"line":30,"column":63}},{"start":{"line":30,"column":63},"end":{"line":30,"column":67}}],"line":30}},"s":{"0":1,"1":10,"2":10,"3":10,"4":2,"5":8,"6":8,"7":4,"8":4,"9":4,"10":41,"11":16,"12":41,"13":1,"14":3,"15":3,"16":4,"17":0,"18":4,"19":28,"20":214,"21":4,"22":4,"23":28,"24":4,"25":4,"26":30,"27":4,"28":4,"29":24,"30":24,"31":160,"32":160,"33":4,"34":2,"35":1},"f":{"0":10,"1":28,"2":214},"b":{"0":[2,8],"1":[4,4],"2":[16,25],"3":[1,40],"4":[0,4],"5":[19,141],"6":[2,2],"7":[4,0]},"meta":{"lastBranch":8,"lastFunction":3,"lastStatement":36,"seen":{"s:1:26:33:Infinity":0,"f:1:26:1:27":0,"s:2:14:2:Infinity":1,"s:3:14:3:Infinity":2,"b:5:4:5:Infinity:undefined:undefined:undefined:undefined":0,"s:5:4:5:Infinity":3,"s:5:12:5:Infinity":4,"b:6:4:6:Infinity:undefined:undefined:undefined:undefined":1,"s:6:4:6:Infinity":5,"s:6:23:6:Infinity":6,"s:9:15:9:Infinity":7,"s:10:4:13:Infinity":8,"s:10:17:10:20":9,"b:11:8:11:Infinity:undefined:undefined:undefined:undefined":2,"s:11:8:11:Infinity":10,"s:11:30:11:Infinity":11,"b:12:8:12:Infinity:undefined:undefined:undefined:undefined":3,"s:12:8:12:Infinity":12,"s:12:31:12:Infinity":13,"s:16:18:16:Infinity":14,"s:17:4:31:Infinity":15,"b:18:8:18:Infinity:undefined:undefined:undefined:undefined":4,"s:18:8:18:Infinity":16,"s:18:50:18:Infinity":17,"s:19:31:21:Infinity":18,"f:19:71:19:Infinity":1,"s:20:12:20:Infinity":19,"f:20:49:20:55":2,"s:20:55:20:56":20,"s:22:8:22:Infinity":21,"s:22:21:22:24":22,"s:22:47:22:Infinity":23,"s:23:8:23:Infinity":24,"s:23:21:23:24":25,"s:23:44:23:Infinity":26,"s:24:8:29:Infinity":27,"s:24:21:24:24":28,"s:25:12:28:Infinity":29,"s:25:25:25:28":30,"s:26:29:26:Infinity":31,"b:26:56:26:60:26:60:26:Infinity":5,"s:27:16:27:Infinity":32,"b:30:8:30:Infinity:undefined:undefined:undefined:undefined":6,"s:30:8:30:Infinity":33,"b:30:59:30:63:30:63:30:67":7,"s:30:67:30:Infinity":34,"s:32:4:32:Infinity":35}}}
,"C:\\Users\\tigralint\\Desktop\\podpiska-main\\utils\\preload.ts": {"path":"C:\\Users\\tigralint\\Desktop\\podpiska-main\\utils\\preload.ts","statementMap":{"0":{"start":{"line":7,"column":57},"end":{"line":14,"column":null}},"1":{"start":{"line":8,"column":20},"end":{"line":8,"column":null}},"2":{"start":{"line":9,"column":21},"end":{"line":9,"column":null}},"3":{"start":{"line":10,"column":21},"end":{"line":10,"column":null}},"4":{"start":{"line":11,"column":24},"end":{"line":11,"column":null}},"5":{"start":{"line":12,"column":20},"end":{"line":12,"column":null}},"6":{"start":{"line":13,"column":18},"end":{"line":13,"column":null}},"7":{"start":{"line":16,"column":23},"end":{"line":16,"column":null}},"8":{"start":{"line":21,"column":28},"end":{"line":29,"column":null}},"9":{"start":{"line":23,"column":21},"end":{"line":23,"column":null}},"10":{"start":{"line":25,"column":4},"end":{"line":28,"column":null}},"11":{"start":{"line":26,"column":8},"end":{"line":26,"column":null}},"12":{"start":{"line":27,"column":8},"end":{"line":27,"column":null}}},"fnMap":{"0":{"name":"(anonymous_0)","decl":{"start":{"line":8,"column":14},"end":{"line":8,"column":20}},"loc":{"start":{"line":8,"column":20},"end":{"line":8,"column":null}},"line":8},"1":{"name":"(anonymous_1)","decl":{"start":{"line":9,"column":15},"end":{"line":9,"column":21}},"loc":{"start":{"line":9,"column":21},"end":{"line":9,"column":null}},"line":9},"2":{"name":"(anonymous_2)","decl":{"start":{"line":10,"column":15},"end":{"line":10,"column":21}},"loc":{"start":{"line":10,"column":21},"end":{"line":10,"column":null}},"line":10},"3":{"name":"(anonymous_3)","decl":{"start":{"line":11,"column":18},"end":{"line":11,"column":24}},"loc":{"start":{"line":11,"column":24},"end":{"line":11,"column":null}},"line":11},"4":{"name":"(anonymous_4)","decl":{"start":{"line":12,"column":14},"end":{"line":12,"column":20}},"loc":{"start":{"line":12,"column":20},"end":{"line":12,"column":null}},"line":12},"5":{"name":"(anonymous_5)","decl":{"start":{"line":13,"column":12},"end":{"line":13,"column":18}},"loc":{"start":{"line":13,"column":18},"end":{"line":13,"column":null}},"line":13},"6":{"name":"(anonymous_6)","decl":{"start":{"line":21,"column":28},"end":{"line":21,"column":29}},"loc":{"start":{"line":21,"column":46},"end":{"line":29,"column":null}},"line":21},"7":{"name":"(anonymous_7)","decl":{"start":{"line":26,"column":39},"end":{"line":26,"column":45}},"loc":{"start":{"line":26,"column":45},"end":{"line":26,"column":48}},"line":26}},"branchMap":{"0":{"loc":{"start":{"line":23,"column":21},"end":{"line":23,"column":null}},"type":"cond-expr","locations":[{"start":{"line":23,"column":58},"end":{"line":23,"column":101}},{"start":{"line":23,"column":101},"end":{"line":23,"column":null}}],"line":23},"1":{"loc":{"start":{"line":25,"column":4},"end":{"line":28,"column":null}},"type":"if","locations":[{"start":{"line":25,"column":4},"end":{"line":28,"column":null}},{"start":{},"end":{}}],"line":25},"2":{"loc":{"start":{"line":25,"column":8},"end":{"line":25,"column":65}},"type":"binary-expr","locations":[{"start":{"line":25,"column":8},"end":{"line":25,"column":34}},{"start":{"line":25,"column":34},"end":{"line":25,"column":65}}],"line":25}},"s":{"0":1,"1":0,"2":0,"3":0,"4":0,"5":0,"6":0,"7":1,"8":1,"9":0,"10":0,"11":0,"12":0},"f":{"0":0,"1":0,"2":0,"3":0,"4":0,"5":0,"6":0,"7":0},"b":{"0":[0,0],"1":[0,0],"2":[0,0]},"meta":{"lastBranch":3,"lastFunction":8,"lastStatement":13,"seen":{"s:7:57:14:Infinity":0,"f:8:14:8:20":0,"s:8:20:8:Infinity":1,"f:9:15:9:21":1,"s:9:21:9:Infinity":2,"f:10:15:10:21":2,"s:10:21:10:Infinity":3,"f:11:18:11:24":3,"s:11:24:11:Infinity":4,"f:12:14:12:20":4,"s:12:20:12:Infinity":5,"f:13:12:13:18":5,"s:13:18:13:Infinity":6,"s:16:23:16:Infinity":7,"s:21:28:29:Infinity":8,"f:21:28:21:29":6,"s:23:21:23:Infinity":9,"b:23:58:23:101:23:101:23:Infinity":0,"b:25:4:28:Infinity:undefined:undefined:undefined:undefined":1,"s:25:4:28:Infinity":10,"b:25:8:25:34:25:34:25:65":2,"s:26:8:26:Infinity":11,"f:26:39:26:45":7,"s:27:8:27:Infinity":12}}}
}
